#
# There is insufficient memory for the Java Runtime Environment to continue.
# Native memory allocation (malloc) failed to allocate 1928176 bytes for Chunk::new
# Possible reasons:
#   The system is out of physical RAM or swap space
#   In 32 bit mode, the process size limit was hit
# Possible solutions:
#   Reduce memory load on the system
#   Increase physical memory or swap space
#   Check if swap backing store is full
#   Use 64 bit Java on a 64 bit OS
#   Decrease Java heap size (-Xmx/-Xms)
#   Decrease number of Java threads
#   Decrease Java thread stack sizes (-Xss)
#   Set larger code cache with -XX:ReservedCodeCacheSize=
# This output file may be truncated or incomplete.
#
#  Out of Memory Error (allocation.cpp:390), pid=12860, tid=0x0000000000003798
#
# JRE version: OpenJDK Runtime Environment (8.0_76-b03) (build 1.8.0_76-release-b03)
# Java VM: OpenJDK 64-Bit Server VM (25.76-b03 mixed mode windows-amd64 compressed oops)
# Failed to write core dump. Minidumps are not enabled by default on client versions of Windows
#

---------------  T H R E A D  ---------------

Current thread (0x0000000017b0a000):  JavaThread "C2 CompilerThread0" daemon [_thread_in_native, id=14232, stack(0x0000000019110000,0x0000000019210000)]

Stack: [0x0000000019110000,0x0000000019210000]
[error occurred during error reporting (printing stack bounds), id 0xc0000005]

Native frames: (J=compiled Java code, j=interpreted, Vv=VM code, C=native code)


Current CompileTask:
C2:  88653 13095       4       com.android.dx.dex.cf.CfTranslator::translate0 (265 bytes)


---------------  P R O C E S S  ---------------

Java Threads: ( => current thread )
  0x000000001edaf000 JavaThread "pool-6-thread-4" [_thread_in_Java, id=10680, stack(0x0000000024b20000,0x0000000024c20000)]
  0x000000001edb1000 JavaThread "pool-6-thread-3" [_thread_in_Java, id=11252, stack(0x0000000024a20000,0x0000000024b20000)]
  0x000000001edae000 JavaThread "pool-6-thread-2" [_thread_blocked, id=13660, stack(0x0000000024920000,0x0000000024a20000)]
  0x000000001edac800 JavaThread "pool-7-thread-1" [_thread_blocked, id=4316, stack(0x0000000024820000,0x0000000024920000)]
  0x000000001edac000 JavaThread "pool-6-thread-1" [_thread_blocked, id=7524, stack(0x0000000024720000,0x0000000024820000)]
  0x000000001edb0800 JavaThread "pool-4-thread-1" [_thread_in_Java, id=11504, stack(0x0000000024620000,0x0000000024720000)]
  0x000000001b246000 JavaThread "File lock request listener" [_thread_in_native, id=12872, stack(0x000000001e670000,0x000000001e770000)]
  0x000000001a992800 JavaThread "Asynchronous log dispatcher for org.gradle.launcher.daemon.server.DefaultDaemonConnection@55f49d0a" [_thread_blocked, id=16056, stack(0x000000001bed0000,0x000000001bfd0000)]
  0x000000001a72b000 JavaThread "Daemon worker" [_thread_blocked, id=15320, stack(0x000000001bdd0000,0x000000001bed0000)]
  0x000000001a729000 JavaThread "Cancel handler" [_thread_blocked, id=12748, stack(0x000000001bcd0000,0x000000001bdd0000)]
  0x000000001ae89000 JavaThread "Handler for socket connection from /127.0.0.1:51037 to /127.0.0.1:51038" [_thread_in_native, id=10344, stack(0x000000001bbd0000,0x000000001bcd0000)]
  0x000000001ab5a800 JavaThread "Daemon" [_thread_blocked, id=5420, stack(0x000000001bad0000,0x000000001bbd0000)]
  0x000000001a99e800 JavaThread "pool-1-thread-1" [_thread_blocked, id=10944, stack(0x000000001b9d0000,0x000000001bad0000)]
  0x000000001aed0800 JavaThread "Incoming local TCP Connector on port 51037" [_thread_in_native, id=8696, stack(0x000000001a210000,0x000000001a310000)]
  0x000000001947c000 JavaThread "Service Thread" daemon [_thread_blocked, id=2128, stack(0x0000000019810000,0x0000000019910000)]
  0x0000000017b1b800 JavaThread "C1 CompilerThread2" daemon [_thread_blocked, id=924, stack(0x0000000019310000,0x0000000019410000)]
  0x0000000017b18800 JavaThread "C2 CompilerThread1" daemon [_thread_in_native, id=15788, stack(0x0000000019210000,0x0000000019310000)]
=>0x0000000017b0a000 JavaThread "C2 CompilerThread0" daemon [_thread_in_native, id=14232, stack(0x0000000019110000,0x0000000019210000)]
  0x0000000017b08800 JavaThread "Attach Listener" daemon [_thread_blocked, id=12908, stack(0x0000000019010000,0x0000000019110000)]
  0x0000000017b07800 JavaThread "Signal Dispatcher" daemon [_thread_blocked, id=8568, stack(0x0000000018f10000,0x0000000019010000)]
  0x0000000017aa8800 JavaThread "Finalizer" daemon [_thread_blocked, id=7720, stack(0x0000000018d20000,0x0000000018e20000)]
  0x0000000002e90800 JavaThread "Reference Handler" daemon [_thread_blocked, id=13084, stack(0x0000000018c20000,0x0000000018d20000)]
  0x0000000002da2800 JavaThread "main" [_thread_blocked, id=8532, stack(0x0000000002c10000,0x0000000002d10000)]

Other Threads:
  0x0000000017a85000 VMThread [stack: 0x0000000018b20000,0x0000000018c20000] [id=13016]
  0x000000001949d000 WatcherThread [stack: 0x0000000019910000,0x0000000019a10000] [id=7180]

VM state:not at safepoint (normal execution)

VM Mutex/Monitor currently owned by a thread: None

Heap:
 PSYoungGen      total 555520K, used 423459K [0x00000000d5580000, 0x0000000100000000, 0x0000000100000000)
  eden space 477696K, 88% used [0x00000000d5580000,0x00000000ef308e28,0x00000000f2800000)
  from space 77824K, 0% used [0x00000000f2800000,0x00000000f2800000,0x00000000f7400000)
  to   space 117248K, 0% used [0x00000000f8d80000,0x00000000f8d80000,0x0000000100000000)
 ParOldGen       total 532480K, used 532281K [0x0000000080000000, 0x00000000a0800000, 0x00000000d5580000)
  object space 532480K, 99% used [0x0000000080000000,0x00000000a07ce748,0x00000000a0800000)
 Metaspace       used 61675K, capacity 63038K, committed 63360K, reserved 1103872K
  class space    used 7920K, capacity 8257K, committed 8320K, reserved 1048576K

Card table byte_map: [0x0000000012260000,0x0000000012670000] byte_map_base: 0x0000000011e60000

Marking Bits: (ParMarkBitMap*) 0x00000000640c9d00
 Begin Bits: [0x0000000012d20000, 0x0000000014d20000)
 End Bits:   [0x0000000014d20000, 0x0000000016d20000)

Polling page: 0x0000000001560000

CodeCache: size=245760Kb used=39588Kb max_used=39602Kb free=206171Kb
 bounds [0x0000000002ea0000, 0x00000000055e0000, 0x0000000011ea0000]
 total_blobs=11128 nmethods=10387 adapters=652
 compilation: enabled

Compilation events (10 events):
Event: 87.805 Thread 0x0000000017b0a000 nmethod 13108 0x000000000512e9d0 code [0x000000000512eda0, 0x0000000005131258]
Event: 87.805 Thread 0x0000000017b0a000 13116       4       com.android.dx.ssa.SsaConverter::convertToSsaMethod (41 bytes)
Event: 87.864 Thread 0x0000000017b0a000 nmethod 13116 0x0000000004ea9150 code [0x0000000004ea9400, 0x0000000004eaab60]
Event: 87.865 Thread 0x0000000017b0a000 13117       4       com.android.dx.ssa.SsaMethod::<init> (50 bytes)
Event: 87.876 Thread 0x0000000017b0a000 nmethod 13117 0x0000000004f8d7d0 code [0x0000000004f8d940, 0x0000000004f8def8]
Event: 87.876 Thread 0x0000000017b0a000 13095       4       com.android.dx.dex.cf.CfTranslator::translate0 (265 bytes)
Event: 88.452 Thread 0x0000000017b1b800 13125       1       com.android.dx.cf.code.BaseMachine::auxIntArg (6 bytes)
Event: 88.453 Thread 0x0000000017b1b800 nmethod 13125 0x0000000004ea8e10 code [0x0000000004ea8f60, 0x0000000004ea9070]
Event: 88.602 Thread 0x0000000017b1b800 13156       2       com.android.dx.ssa.SsaMethod::onInsnAdded (13 bytes)
Event: 88.603 Thread 0x0000000017b1b800 nmethod 13156 0x0000000004e9dd10 code [0x0000000004e9de80, 0x0000000004e9e038]

GC Heap History (10 events):
Event: 71.289 GC heap before
{Heap before GC invocations=29 (full 4):
 PSYoungGen      total 578048K, used 559534K [0x00000000d5580000, 0x0000000100000000, 0x0000000100000000)
  eden space 477696K, 100% used [0x00000000d5580000,0x00000000f2800000,0x00000000f2800000)
  from space 100352K, 81% used [0x00000000f9e00000,0x00000000fedeb940,0x0000000100000000)
  to   space 110592K, 0% used [0x00000000f2800000,0x00000000f2800000,0x00000000f9400000)
 ParOldGen       total 488448K, used 311072K [0x0000000080000000, 0x000000009dd00000, 0x00000000d5580000)
  object space 488448K, 63% used [0x0000000080000000,0x0000000092fc83c8,0x000000009dd00000)
 Metaspace       used 61665K, capacity 63038K, committed 63360K, reserved 1103872K
  class space    used 7919K, capacity 8257K, committed 8320K, reserved 1048576K
Event: 71.519 GC heap after
Heap after GC invocations=29 (full 4):
 PSYoungGen      total 555520K, used 77467K [0x00000000d5580000, 0x0000000100000000, 0x0000000100000000)
  eden space 477696K, 0% used [0x00000000d5580000,0x00000000d5580000,0x00000000f2800000)
  from space 77824K, 99% used [0x00000000f2800000,0x00000000f73a6c78,0x00000000f7400000)
  to   space 117248K, 0% used [0x00000000f8d80000,0x00000000f8d80000,0x0000000100000000)
 ParOldGen       total 488448K, used 389810K [0x0000000080000000, 0x000000009dd00000, 0x00000000d5580000)
  object space 488448K, 79% used [0x0000000080000000,0x0000000097caca50,0x000000009dd00000)
 Metaspace       used 61665K, capacity 63038K, committed 63360K, reserved 1103872K
  class space    used 7919K, capacity 8257K, committed 8320K, reserved 1048576K
}
Event: 73.317 GC heap before
{Heap before GC invocations=30 (full 4):
 PSYoungGen      total 555520K, used 555163K [0x00000000d5580000, 0x0000000100000000, 0x0000000100000000)
  eden space 477696K, 100% used [0x00000000d5580000,0x00000000f2800000,0x00000000f2800000)
  from space 77824K, 99% used [0x00000000f2800000,0x00000000f73a6c78,0x00000000f7400000)
  to   space 117248K, 0% used [0x00000000f8d80000,0x00000000f8d80000,0x0000000100000000)
 ParOldGen       total 488448K, used 389810K [0x0000000080000000, 0x000000009dd00000, 0x00000000d5580000)
  object space 488448K, 79% used [0x0000000080000000,0x0000000097caca50,0x000000009dd00000)
 Metaspace       used 61666K, capacity 63038K, committed 63360K, reserved 1103872K
  class space    used 7919K, capacity 8257K, committed 8320K, reserved 1048576K
Event: 73.802 GC heap after
Heap after GC invocations=30 (full 4):
 PSYoungGen      total 555520K, used 555163K [0x00000000d5580000, 0x0000000100000000, 0x0000000100000000)
  eden space 477696K, 100% used [0x00000000d5580000,0x00000000f2800000,0x00000000f2800000)
  from space 77824K, 99% used [0x00000000f2800000,0x00000000f73a6c78,0x00000000f7400000)
  to   space 117248K, 99% used [0x00000000f8d80000,0x00000000ffffa868,0x0000000100000000)
 ParOldGen       total 532480K, used 532438K [0x0000000080000000, 0x00000000a0800000, 0x00000000d5580000)
  object space 532480K, 99% used [0x0000000080000000,0x00000000a07f5b90,0x00000000a0800000)
 Metaspace       used 61666K, capacity 63038K, committed 63360K, reserved 1103872K
  class space    used 7919K, capacity 8257K, committed 8320K, reserved 1048576K
}
Event: 73.802 GC heap before
{Heap before GC invocations=31 (full 5):
 PSYoungGen      total 555520K, used 555163K [0x00000000d5580000, 0x0000000100000000, 0x0000000100000000)
  eden space 477696K, 100% used [0x00000000d5580000,0x00000000f2800000,0x00000000f2800000)
  from space 77824K, 99% used [0x00000000f2800000,0x00000000f73a6c78,0x00000000f7400000)
  to   space 117248K, 99% used [0x00000000f8d80000,0x00000000ffffa868,0x0000000100000000)
 ParOldGen       total 532480K, used 532438K [0x0000000080000000, 0x00000000a0800000, 0x00000000d5580000)
  object space 532480K, 99% used [0x0000000080000000,0x00000000a07f5b90,0x00000000a0800000)
 Metaspace       used 61666K, capacity 63038K, committed 63360K, reserved 1103872K
  class space    used 7919K, capacity 8257K, committed 8320K, reserved 1048576K
Event: 79.148 GC heap after
Heap after GC invocations=31 (full 5):
 PSYoungGen      total 555520K, used 0K [0x00000000d5580000, 0x0000000100000000, 0x0000000100000000)
  eden space 477696K, 0% used [0x00000000d5580000,0x00000000d5580000,0x00000000f2800000)
  from space 77824K, 0% used [0x00000000f2800000,0x00000000f2800000,0x00000000f7400000)
  to   space 117248K, 92% used [0x00000000f8d80000,0x00000000ff7088f8,0x0000000100000000)
 ParOldGen       total 532480K, used 532135K [0x0000000080000000, 0x00000000a0800000, 0x00000000d5580000)
  object space 532480K, 99% used [0x0000000080000000,0x00000000a07a9ec0,0x00000000a0800000)
 Metaspace       used 61666K, capacity 63038K, committed 63360K, reserved 1103872K
  class space    used 7919K, capacity 8257K, committed 8320K, reserved 1048576K
}
Event: 81.072 GC heap before
{Heap before GC invocations=32 (full 6):
 PSYoungGen      total 555520K, used 477696K [0x00000000d5580000, 0x0000000100000000, 0x0000000100000000)
  eden space 477696K, 100% used [0x00000000d5580000,0x00000000f2800000,0x00000000f2800000)
  from space 77824K, 0% used [0x00000000f2800000,0x00000000f2800000,0x00000000f7400000)
  to   space 117248K, 92% used [0x00000000f8d80000,0x00000000ff7088f8,0x0000000100000000)
 ParOldGen       total 532480K, used 532135K [0x0000000080000000, 0x00000000a0800000, 0x00000000d5580000)
  object space 532480K, 99% used [0x0000000080000000,0x00000000a07a9ec0,0x00000000a0800000)
 Metaspace       used 61675K, capacity 63038K, committed 63360K, reserved 1103872K
  class space    used 7920K, capacity 8257K, committed 8320K, reserved 1048576K
Event: 83.727 GC heap after
Heap after GC invocations=32 (full 6):
 PSYoungGen      total 555520K, used 43954K [0x00000000d5580000, 0x0000000100000000, 0x0000000100000000)
  eden space 477696K, 9% used [0x00000000d5580000,0x00000000d806c910,0x00000000f2800000)
  from space 77824K, 0% used [0x00000000f2800000,0x00000000f2800000,0x00000000f7400000)
  to   space 117248K, 0% used [0x00000000f8d80000,0x00000000f8d80000,0x0000000100000000)
 ParOldGen       total 532480K, used 532309K [0x0000000080000000, 0x00000000a0800000, 0x00000000d5580000)
  object space 532480K, 99% used [0x0000000080000000,0x00000000a07d54b8,0x00000000a0800000)
 Metaspace       used 61675K, capacity 63038K, committed 63360K, reserved 1103872K
  class space    used 7920K, capacity 8257K, committed 8320K, reserved 1048576K
}
Event: 84.412 GC heap before
{Heap before GC invocations=33 (full 7):
 PSYoungGen      total 555520K, used 477696K [0x00000000d5580000, 0x0000000100000000, 0x0000000100000000)
  eden space 477696K, 100% used [0x00000000d5580000,0x00000000f2800000,0x00000000f2800000)
  from space 77824K, 0% used [0x00000000f2800000,0x00000000f2800000,0x00000000f7400000)
  to   space 117248K, 0% used [0x00000000f8d80000,0x00000000f8d80000,0x0000000100000000)
 ParOldGen       total 532480K, used 532309K [0x0000000080000000, 0x00000000a0800000, 0x00000000d5580000)
  object space 532480K, 99% used [0x0000000080000000,0x00000000a07d54b8,0x00000000a0800000)
 Metaspace       used 61675K, capacity 63038K, committed 63360K, reserved 1103872K
  class space    used 7920K, capacity 8257K, committed 8320K, reserved 1048576K
Event: 87.252 GC heap after
Heap after GC invocations=33 (full 7):
 PSYoungGen      total 555520K, used 78792K [0x00000000d5580000, 0x0000000100000000, 0x0000000100000000)
  eden space 477696K, 16% used [0x00000000d5580000,0x00000000da272098,0x00000000f2800000)
  from space 77824K, 0% used [0x00000000f2800000,0x00000000f2800000,0x00000000f7400000)
  to   space 117248K, 0% used [0x00000000f8d80000,0x00000000f8d80000,0x0000000100000000)
 ParOldGen       total 532480K, used 532281K [0x0000000080000000, 0x00000000a0800000, 0x00000000d5580000)
  object space 532480K, 99% used [0x0000000080000000,0x00000000a07ce748,0x00000000a0800000)
 Metaspace       used 61675K, capacity 63038K, committed 63360K, reserved 1103872K
  class space    used 7920K, capacity 8257K, committed 8320K, reserved 1048576K
}

Deoptimization events (10 events):
Event: 79.684 Thread 0x000000001edb1000 Uncommon trap: reason=predicate action=maybe_recompile pc=0x0000000004dcaeb0 method=com.android.dx.ssa.back.InterferenceGraph.<init>(I)V @ 23
Event: 79.693 Thread 0x000000001edb1000 Uncommon trap: reason=class_check action=maybe_recompile pc=0x0000000004c32f00 method=com.android.dx.ssa.back.InterferenceGraph.add(II)V @ 19
Event: 79.693 Thread 0x000000001edb1000 Uncommon trap: reason=class_check action=maybe_recompile pc=0x0000000004c32f00 method=com.android.dx.ssa.back.InterferenceGraph.add(II)V @ 19
Event: 79.693 Thread 0x000000001edb1000 Uncommon trap: reason=class_check action=maybe_recompile pc=0x0000000004c32f00 method=com.android.dx.ssa.back.InterferenceGraph.add(II)V @ 19
Event: 79.886 Thread 0x000000001edb0800 Uncommon trap: reason=class_check action=maybe_recompile pc=0x0000000005279160 method=com.android.dx.ssa.back.InterferenceGraph.mergeInterferenceSet(ILcom/android/dx/util/IntSet;)V @ 20
Event: 79.887 Thread 0x000000001edb0800 Uncommon trap: reason=class_check action=maybe_recompile pc=0x0000000005279160 method=com.android.dx.ssa.back.InterferenceGraph.mergeInterferenceSet(ILcom/android/dx/util/IntSet;)V @ 20
Event: 79.887 Thread 0x000000001edb0800 Uncommon trap: reason=class_check action=maybe_recompile pc=0x0000000005279160 method=com.android.dx.ssa.back.InterferenceGraph.mergeInterferenceSet(ILcom/android/dx/util/IntSet;)V @ 20
Event: 79.892 Thread 0x000000001edb0800 Uncommon trap: reason=class_check action=maybe_recompile pc=0x0000000005279160 method=com.android.dx.ssa.back.InterferenceGraph.mergeInterferenceSet(ILcom/android/dx/util/IntSet;)V @ 20
Event: 87.300 Thread 0x000000001edb1000 Uncommon trap: reason=unstable_if action=reinterpret pc=0x0000000004dcf348 method=com.android.dx.ssa.LiteralOpUpgrader$1.visitNonMoveInsn(Lcom/android/dx/ssa/NormalSsaInsn;)V @ 176
Event: 88.626 Thread 0x000000001edaf000 Uncommon trap: reason=null_check action=make_not_entrant pc=0x00000000043da8d8 method=com.android.dx.rop.cst.CstKnownNull.equals(Ljava/lang/Object;)Z @ 1

Internal exceptions (10 events):
Event: 25.448 Thread 0x000000001edb0800 Implicit null exception at 0x0000000003b2b708 to 0x0000000003b2b899
Event: 31.362 Thread 0x000000001a72b000 Implicit null exception at 0x00000000048353b8 to 0x00000000048381d1
Event: 31.657 Thread 0x000000001a72b000 Implicit null exception at 0x00000000047f329a to 0x00000000047f393d
Event: 39.374 Thread 0x000000001a72b000 Exception <a 'java/lang/NoSuchMethodError': <clinit>> (0x00000000dad85bd0) thrown at [C:\src\android\AOSP-openjdk\external\jetbrains\jdk\hotspot\src\share\vm\prims\jni.cpp, line 1591]
Event: 47.238 Thread 0x000000001a72b000 Implicit null exception at 0x00000000047db20f to 0x00000000047dbcd5
Event: 53.706 Thread 0x000000001edb0800 Implicit null exception at 0x0000000004e4ea22 to 0x0000000004e4eb1a
Event: 59.557 Thread 0x000000001edb1000 Implicit null exception at 0x0000000005260554 to 0x0000000005260c75
Event: 61.596 Thread 0x000000001edac000 Implicit null exception at 0x00000000050251fc to 0x0000000005025f55
Event: 61.599 Thread 0x000000001edac000 Implicit null exception at 0x00000000053a9bcd to 0x00000000053ab671
Event: 88.626 Thread 0x000000001edaf000 Implicit null exception at 0x00000000043da8ac to 0x00000000043da8ce

Events (10 events):
Event: 87.408 Thread 0x000000001edac000 DEOPT UNPACKING pc=0x0000000002ee75bf sp=0x000000002481e940 mode 0
Event: 88.485 Thread 0x000000001edb0800 DEOPT PACKING pc=0x0000000005029fe4 sp=0x000000002471e470
Event: 88.485 Thread 0x000000001edb0800 DEOPT UNPACKING pc=0x0000000002ee75bf sp=0x000000002471e230 mode 0
Event: 88.485 Thread 0x000000001edb0800 DEOPT PACKING pc=0x000000000504644b sp=0x000000002471e570
Event: 88.485 Thread 0x000000001edb0800 DEOPT UNPACKING pc=0x0000000002ee75bf sp=0x000000002471e380 mode 0
Event: 88.539 Thread 0x000000001edb1000 DEOPT PACKING pc=0x000000000500f92e sp=0x0000000024b1f210
Event: 88.540 Thread 0x000000001edb1000 DEOPT UNPACKING pc=0x0000000002ee75bf sp=0x0000000024b1eff8 mode 0
Event: 88.626 Thread 0x000000001edaf000 Uncommon trap: trap_request=0xfffffff4 fr.pc=0x00000000043da8d8
Event: 88.626 Thread 0x000000001edaf000 DEOPT PACKING pc=0x00000000043da8d8 sp=0x0000000024c1e740
Event: 88.626 Thread 0x000000001edaf000 DEOPT UNPACKING pc=0x0000000002ee556a sp=0x0000000024c1e6c8 mode 2


Dynamic libraries:
0x00007ff7720c0000 - 0x00007ff7720f1000 	C:\Program Files\Android\Android Studio\jre\bin\java.exe
0x00007ffe14710000 - 0x00007ffe148e1000 	C:\WINDOWS\SYSTEM32\ntdll.dll
0x00007ffe132e0000 - 0x00007ffe1338b000 	C:\WINDOWS\System32\KERNEL32.DLL
0x00007ffdf5450000 - 0x00007ffdf54a4000 	C:\Program Files (x86)\AVG\Av\avghooka.dll
0x00007ffe110d0000 - 0x00007ffe112ed000 	C:\WINDOWS\System32\KERNELBASE.dll
0x00007ffe13390000 - 0x00007ffe13432000 	C:\WINDOWS\System32\ADVAPI32.dll
0x00007ffe13910000 - 0x00007ffe139ae000 	C:\WINDOWS\System32\msvcrt.dll
0x00007ffe136b0000 - 0x00007ffe13709000 	C:\WINDOWS\System32\sechost.dll
0x00007ffe11ca0000 - 0x00007ffe11dc1000 	C:\WINDOWS\System32\RPCRT4.dll
0x00007ffe14120000 - 0x00007ffe14285000 	C:\WINDOWS\System32\USER32.dll
0x00007ffe10c00000 - 0x00007ffe10c1e000 	C:\WINDOWS\System32\win32u.dll
0x00007ffe138d0000 - 0x00007ffe13904000 	C:\WINDOWS\System32\GDI32.dll
0x00007ffe10da0000 - 0x00007ffe10f22000 	C:\WINDOWS\System32\gdi32full.dll
0x00007ffe08990000 - 0x00007ffe08c09000 	C:\WINDOWS\WinSxS\amd64_microsoft.windows.common-controls_6595b64144ccf1df_6.0.14393.447_none_42191651c6827bb3\COMCTL32.dll
0x00007ffe14430000 - 0x00007ffe146f8000 	C:\WINDOWS\System32\combase.dll
0x00007ffe10f30000 - 0x00007ffe11025000 	C:\WINDOWS\System32\ucrtbase.dll
0x00007ffe10c20000 - 0x00007ffe10c8a000 	C:\WINDOWS\System32\bcryptPrimitives.dll
0x00007ffe13b50000 - 0x00007ffe13b7e000 	C:\WINDOWS\System32\IMM32.DLL
0x0000000063830000 - 0x0000000063902000 	C:\Program Files\Android\Android Studio\jre\jre\bin\msvcr100.dll
0x0000000063910000 - 0x0000000064144000 	C:\Program Files\Android\Android Studio\jre\jre\bin\server\jvm.dll
0x00007ffe14700000 - 0x00007ffe14708000 	C:\WINDOWS\System32\PSAPI.DLL
0x00007ffe02a50000 - 0x00007ffe02a59000 	C:\WINDOWS\SYSTEM32\WSOCK32.dll
0x00007ffe13710000 - 0x00007ffe1377a000 	C:\WINDOWS\System32\WS2_32.dll
0x00007ffe0f000000 - 0x00007ffe0f023000 	C:\WINDOWS\SYSTEM32\WINMM.dll
0x00007ffe0aa20000 - 0x00007ffe0aa2a000 	C:\WINDOWS\SYSTEM32\VERSION.dll
0x00007ffe0efd0000 - 0x00007ffe0effb000 	C:\WINDOWS\SYSTEM32\WINMMBASE.dll
0x00007ffe11570000 - 0x00007ffe115b2000 	C:\WINDOWS\System32\cfgmgr32.dll
0x00007ffe0e380000 - 0x00007ffe0e38f000 	C:\Program Files\Android\Android Studio\jre\jre\bin\verify.dll
0x00007ffe0ce40000 - 0x00007ffe0ce69000 	C:\Program Files\Android\Android Studio\jre\jre\bin\java.dll
0x00007ffe04390000 - 0x00007ffe043a6000 	C:\Program Files\Android\Android Studio\jre\jre\bin\zip.dll
0x00007ffe11dd0000 - 0x00007ffe132d9000 	C:\WINDOWS\System32\SHELL32.dll
0x00007ffe115c0000 - 0x00007ffe11c9a000 	C:\WINDOWS\System32\windows.storage.dll
0x00007ffe10b90000 - 0x00007ffe10bdc000 	C:\WINDOWS\System32\powrprof.dll
0x00007ffe139b0000 - 0x00007ffe13a02000 	C:\WINDOWS\System32\shlwapi.dll
0x00007ffe10b70000 - 0x00007ffe10b7f000 	C:\WINDOWS\System32\kernel.appcore.dll
0x00007ffe114c0000 - 0x00007ffe11569000 	C:\WINDOWS\System32\shcore.dll
0x00007ffe10be0000 - 0x00007ffe10bf4000 	C:\WINDOWS\System32\profapi.dll
0x00007ffe03f20000 - 0x00007ffe03f3a000 	C:\Program Files\Android\Android Studio\jre\jre\bin\net.dll
0x00007ffe104a0000 - 0x00007ffe104fc000 	C:\WINDOWS\system32\mswsock.dll
0x00007ffdf9110000 - 0x00007ffdf9121000 	C:\Program Files\Android\Android Studio\jre\jre\bin\nio.dll
0x00007ffdf8c30000 - 0x00007ffdf8c42000 	C:\Users\zeevi\.gradle\native\19\windows-amd64\native-platform.dll
0x00007ffe10640000 - 0x00007ffe10657000 	C:\WINDOWS\SYSTEM32\CRYPTSP.dll
0x00007ffe100b0000 - 0x00007ffe100e3000 	C:\WINDOWS\system32\rsaenh.dll
0x00007ffe10750000 - 0x00007ffe1077b000 	C:\WINDOWS\SYSTEM32\bcrypt.dll
0x00007ffe10320000 - 0x00007ffe1033f000 	C:\WINDOWS\SYSTEM32\USERENV.dll
0x00007ffe10660000 - 0x00007ffe1066b000 	C:\WINDOWS\SYSTEM32\CRYPTBASE.dll
0x00007ffe10230000 - 0x00007ffe10268000 	C:\WINDOWS\SYSTEM32\IPHLPAPI.DLL
0x00007ffe13780000 - 0x00007ffe13788000 	C:\WINDOWS\System32\NSI.dll
0x00007ffe0c570000 - 0x00007ffe0c586000 	C:\WINDOWS\SYSTEM32\dhcpcsvc6.DLL
0x00007ffe0c840000 - 0x00007ffe0c85a000 	C:\WINDOWS\SYSTEM32\dhcpcsvc.DLL
0x00007ffe0e350000 - 0x00007ffe0e35d000 	C:\Program Files\Android\Android Studio\jre\jre\bin\management.dll

VM Arguments:
jvm_args: -Xmx2048m -Dfile.encoding=windows-1255 -Duser.country=US -Duser.language=en -Duser.variant 
java_command: org.gradle.launcher.daemon.bootstrap.GradleDaemon 2.14.1
java_class_path (initial): C:\Users\zeevi\.gradle\wrapper\dists\gradle-2.14.1-all\8bnwg5hd3w55iofp58khbp6yv\gradle-2.14.1\lib\gradle-launcher-2.14.1.jar
Launcher Type: SUN_STANDARD

Environment Variables:
PATH=C:\Program Files (x86)\PHP\v5.6;C:\Program Files (x86)\NVIDIA Corporation\PhysX\Common;C:\Program Files (x86)\Intel\iCLS Client\;C:\Program Files\Intel\iCLS Client\;C:\Windows\system32;C:\Windows;C:\Windows\System32\Wbem;C:\Windows\System32\WindowsPowerShell\v1.0\;C:\Program Files\Intel\Intel(R) Management Engine Components\DAL;C:\Program Files\Intel\Intel(R) Management Engine Components\IPT;C:\Program Files (x86)\Intel\Intel(R) Management Engine Components\DAL;C:\Program Files (x86)\Intel\Intel(R) Management Engine Components\IPT;C:\Program Files (x86)\Microsoft SQL Server\100\Tools\Binn\;C:\Program Files\Microsoft SQL Server\100\Tools\Binn\;C:\Program Files\Microsoft SQL Server\100\DTS\Binn\;C:\Program Files (x86)\OpenVPN\bin;C:\WINDOWS\system32;C:\WINDOWS;C:\WINDOWS\System32\Wbem;C:\WINDOWS\System32\WindowsPowerShell\v1.0\;C:\Program Files (x86)\Common Files\Acronis\SnapAPI\;C:\Program Files (x86)\Skype\Phone\;C:\Program Files\Microsoft SQL Server\130\Tools\Binn\;C:\Program Files (x86)\Windows Kits\10\Windows Performance Toolkit\;C:\Program Files\Git\cmd;C:\Program Files\nodejs\;C:\Users\zeevi\AppData\Local\Microsoft\WindowsApps;
USERNAME=zeevi
OS=Windows_NT
PROCESSOR_IDENTIFIER=Intel64 Family 6 Model 69 Stepping 1, GenuineIntel



---------------  S Y S T E M  ---------------

OS: Windows 10.0 , 64 bit Build 14393 (10.0.14393.0)

CPU:total 4 (2 cores per cpu, 2 threads per core) family 6 model 69 stepping 1, cmov, cx8, fxsr, mmx, sse, sse2, sse3, ssse3, sse4.1, sse4.2, popcnt, avx, avx2, aes, clmul, erms, lzcnt, ht, tsc, tscinvbit, bmi1, bmi2

Memory: 4k page, physical 12463556k(2246892k free), swap 13487556k(5368k free)

vm_info: OpenJDK 64-Bit Server VM (25.76-b03) for windows-amd64 JRE (1.8.0_76-release-b03), built on Jun 29 2016 19:09:20 by "ralucas" with MS VC++ 10.0 (VS2010)

time: Fri Feb 03 09:41:34 2017
elapsed time: 88 seconds (0d 0h 1m 28s)

