#
# There is insufficient memory for the Java Runtime Environment to continue.
# Native memory allocation (malloc) failed to allocate 828336 bytes for Chunk::new
# Possible reasons:
#   The system is out of physical RAM or swap space
#   In 32 bit mode, the process size limit was hit
# Possible solutions:
#   Reduce memory load on the system
#   Increase physical memory or swap space
#   Check if swap backing store is full
#   Use 64 bit Java on a 64 bit OS
#   Decrease Java heap size (-Xmx/-Xms)
#   Decrease number of Java threads
#   Decrease Java thread stack sizes (-Xss)
#   Set larger code cache with -XX:ReservedCodeCacheSize=
# This output file may be truncated or incomplete.
#
#  Out of Memory Error (allocation.cpp:390), pid=1644, tid=0x0000000000003b2c
#
# JRE version: OpenJDK Runtime Environment (8.0_76-b03) (build 1.8.0_76-release-b03)
# Java VM: OpenJDK 64-Bit Server VM (25.76-b03 mixed mode windows-amd64 compressed oops)
# Failed to write core dump. Minidumps are not enabled by default on client versions of Windows
#

---------------  T H R E A D  ---------------

Current thread (0x0000000015638800):  JavaThread "C2 CompilerThread1" daemon [_thread_in_native, id=15148, stack(0x0000000016d90000,0x0000000016e90000)]

Stack: [0x0000000016d90000,0x0000000016e90000]
[error occurred during error reporting (printing stack bounds), id 0xc0000005]

Native frames: (J=compiled Java code, j=interpreted, Vv=VM code, C=native code)


Current CompileTask:
C2:  27861 2221   !   4       com.android.dx.cf.code.BytecodeArray::parseInstruction (2764 bytes)


---------------  P R O C E S S  ---------------

Java Threads: ( => current thread )
  0x0000000017105800 JavaThread "pool-1-thread-4" [_thread_blocked, id=13992, stack(0x0000000017990000,0x0000000017a90000)]
  0x0000000017105000 JavaThread "pool-1-thread-3" [_thread_blocked, id=1076, stack(0x0000000017890000,0x0000000017990000)]
  0x0000000017103000 JavaThread "pool-1-thread-2" [_thread_in_Java, id=13084, stack(0x0000000017790000,0x0000000017890000)]
  0x0000000017102800 JavaThread "pool-2-thread-1" [_thread_blocked, id=14172, stack(0x0000000017690000,0x0000000017790000)]
  0x00000000170da000 JavaThread "pool-1-thread-1" [_thread_blocked, id=11212, stack(0x0000000017590000,0x0000000017690000)]
  0x0000000016ee0000 JavaThread "Service Thread" daemon [_thread_blocked, id=11728, stack(0x0000000017390000,0x0000000017490000)]
  0x0000000016eda800 JavaThread "C1 CompilerThread2" daemon [_thread_blocked, id=11480, stack(0x0000000017290000,0x0000000017390000)]
=>0x0000000015638800 JavaThread "C2 CompilerThread1" daemon [_thread_in_native, id=15148, stack(0x0000000016d90000,0x0000000016e90000)]
  0x0000000015635000 JavaThread "C2 CompilerThread0" daemon [_thread_blocked, id=13376, stack(0x0000000016c90000,0x0000000016d90000)]
  0x0000000015633800 JavaThread "Attach Listener" daemon [_thread_blocked, id=15076, stack(0x0000000016b90000,0x0000000016c90000)]
  0x0000000015680800 JavaThread "Signal Dispatcher" daemon [_thread_blocked, id=2724, stack(0x0000000016a90000,0x0000000016b90000)]
  0x0000000002f56800 JavaThread "Finalizer" daemon [_thread_blocked, id=15104, stack(0x00000000168a0000,0x00000000169a0000)]
  0x0000000002f50800 JavaThread "Reference Handler" daemon [_thread_blocked, id=16176, stack(0x00000000167a0000,0x00000000168a0000)]
  0x000000000157d800 JavaThread "main" [_thread_in_Java, id=1868, stack(0x0000000002d60000,0x0000000002e60000)]

Other Threads:
  0x00000000155f5000 VMThread [stack: 0x00000000166a0000,0x00000000167a0000] [id=12324]
  0x0000000016ee2800 WatcherThread [stack: 0x0000000017490000,0x0000000017590000] [id=9156]

VM state:not at safepoint (normal execution)

VM Mutex/Monitor currently owned by a thread: None

Heap:
 PSYoungGen      total 189440K, used 97759K [0x00000000eab00000, 0x00000000ff800000, 0x0000000100000000)
  eden space 126976K, 27% used [0x00000000eab00000,0x00000000ecdab280,0x00000000f2700000)
  from space 62464K, 99% used [0x00000000f2700000,0x00000000f63ccd18,0x00000000f6400000)
  to   space 107008K, 0% used [0x00000000f8f80000,0x00000000f8f80000,0x00000000ff800000)
 ParOldGen       total 455168K, used 185290K [0x00000000c0000000, 0x00000000dbc80000, 0x00000000eab00000)
  object space 455168K, 40% used [0x00000000c0000000,0x00000000cb4f2830,0x00000000dbc80000)
 Metaspace       used 6425K, capacity 7156K, committed 7296K, reserved 1056768K
  class space    used 598K, capacity 620K, committed 640K, reserved 1048576K

Card table byte_map: [0x0000000012320000,0x0000000012530000] byte_map_base: 0x0000000011d20000

Marking Bits: (ParMarkBitMap*) 0x0000000068fc9d00
 Begin Bits: [0x0000000012a90000, 0x0000000013a90000)
 End Bits:   [0x0000000013a90000, 0x0000000014a90000)

Polling page: 0x0000000001360000

CodeCache: size=245760Kb used=10304Kb max_used=10327Kb free=235455Kb
 bounds [0x0000000002f60000, 0x00000000039a0000, 0x0000000011f60000]
 total_blobs=2302 nmethods=2034 adapters=181
 compilation: enabled

Compilation events (10 events):
Event: 27.698 Thread 0x0000000015635000 2222       4       com.android.dx.util.BitIntSet$1::next (42 bytes)
Event: 27.700 Thread 0x0000000015635000 nmethod 2222 0x0000000003969810 code [0x0000000003969960, 0x0000000003969ab8]
Event: 27.703 Thread 0x0000000016eda800 2223       3       com.android.dx.ssa.back.FirstFitLocalCombiningAllocator$Alignment$1::nextClearBit (26 bytes)
Event: 27.704 Thread 0x0000000016eda800 nmethod 2223 0x000000000307fc10 code [0x000000000307fda0, 0x0000000003080158]
Event: 27.704 Thread 0x0000000016eda800 2224       3       com.android.dx.ssa.SCCP::simulateStmt (481 bytes)
Event: 27.706 Thread 0x0000000016eda800 nmethod 2224 0x0000000003991090 code [0x00000000039913c0, 0x0000000003993338]
Event: 27.820 Thread 0x0000000015635000 2225       4       com.android.dx.rop.cst.CstString::stringToUtf8Bytes (175 bytes)
Event: 27.827 Thread 0x0000000015635000 nmethod 2225 0x0000000003068850 code [0x00000000030689a0, 0x0000000003068e18]
Event: 27.827 Thread 0x0000000016eda800 2226       3       com.android.dx.dex.file.ValueEncoder::addContents (75 bytes)
Event: 27.828 Thread 0x0000000016eda800 nmethod 2226 0x000000000306fb90 code [0x000000000306fd80, 0x00000000030709a8]

GC Heap History (10 events):
Event: 8.059 GC heap before
{Heap before GC invocations=5 (full 1):
 PSYoungGen      total 204800K, used 8189K [0x00000000eab00000, 0x00000000f7b00000, 0x0000000100000000)
  eden space 196608K, 0% used [0x00000000eab00000,0x00000000eab00000,0x00000000f6b00000)
  from space 8192K, 99% used [0x00000000f7300000,0x00000000f7aff640,0x00000000f7b00000)
  to   space 8192K, 0% used [0x00000000f6b00000,0x00000000f6b00000,0x00000000f7300000)
 ParOldGen       total 131072K, used 104208K [0x00000000c0000000, 0x00000000c8000000, 0x00000000eab00000)
  object space 131072K, 79% used [0x00000000c0000000,0x00000000c65c43a0,0x00000000c8000000)
 Metaspace       used 6353K, capacity 7092K, committed 7296K, reserved 1056768K
  class space    used 597K, capacity 620K, committed 640K, reserved 1048576K
Event: 10.640 GC heap after
Heap after GC invocations=5 (full 1):
 PSYoungGen      total 204800K, used 0K [0x00000000eab00000, 0x00000000f7b00000, 0x0000000100000000)
  eden space 196608K, 0% used [0x00000000eab00000,0x00000000eab00000,0x00000000f6b00000)
  from space 8192K, 0% used [0x00000000f7300000,0x00000000f7300000,0x00000000f7b00000)
  to   space 8192K, 0% used [0x00000000f6b00000,0x00000000f6b00000,0x00000000f7300000)
 ParOldGen       total 263168K, used 99589K [0x00000000c0000000, 0x00000000d0100000, 0x00000000eab00000)
  object space 263168K, 37% used [0x00000000c0000000,0x00000000c6141448,0x00000000d0100000)
 Metaspace       used 6353K, capacity 7092K, committed 7296K, reserved 1056768K
  class space    used 597K, capacity 620K, committed 640K, reserved 1048576K
}
Event: 12.487 GC heap before
{Heap before GC invocations=6 (full 1):
 PSYoungGen      total 204800K, used 196608K [0x00000000eab00000, 0x00000000f7b00000, 0x0000000100000000)
  eden space 196608K, 100% used [0x00000000eab00000,0x00000000f6b00000,0x00000000f6b00000)
  from space 8192K, 0% used [0x00000000f7300000,0x00000000f7300000,0x00000000f7b00000)
  to   space 8192K, 0% used [0x00000000f6b00000,0x00000000f6b00000,0x00000000f7300000)
 ParOldGen       total 263168K, used 99589K [0x00000000c0000000, 0x00000000d0100000, 0x00000000eab00000)
  object space 263168K, 37% used [0x00000000c0000000,0x00000000c6141448,0x00000000d0100000)
 Metaspace       used 6364K, capacity 7156K, committed 7296K, reserved 1056768K
  class space    used 598K, capacity 620K, committed 640K, reserved 1048576K
Event: 12.958 GC heap after
Heap after GC invocations=6 (full 1):
 PSYoungGen      total 204800K, used 8192K [0x00000000eab00000, 0x0000000100000000, 0x0000000100000000)
  eden space 196608K, 0% used [0x00000000eab00000,0x00000000eab00000,0x00000000f6b00000)
  from space 8192K, 100% used [0x00000000f6b00000,0x00000000f7300000,0x00000000f7300000)
  to   space 114176K, 0% used [0x00000000f9080000,0x00000000f9080000,0x0000000100000000)
 ParOldGen       total 263168K, used 185481K [0x00000000c0000000, 0x00000000d0100000, 0x00000000eab00000)
  object space 263168K, 70% used [0x00000000c0000000,0x00000000cb522640,0x00000000d0100000)
 Metaspace       used 6364K, capacity 7156K, committed 7296K, reserved 1056768K
  class space    used 598K, capacity 620K, committed 640K, reserved 1048576K
}
Event: 12.958 GC heap before
{Heap before GC invocations=7 (full 2):
 PSYoungGen      total 204800K, used 8192K [0x00000000eab00000, 0x0000000100000000, 0x0000000100000000)
  eden space 196608K, 0% used [0x00000000eab00000,0x00000000eab00000,0x00000000f6b00000)
  from space 8192K, 100% used [0x00000000f6b00000,0x00000000f7300000,0x00000000f7300000)
  to   space 114176K, 0% used [0x00000000f9080000,0x00000000f9080000,0x0000000100000000)
 ParOldGen       total 263168K, used 185481K [0x00000000c0000000, 0x00000000d0100000, 0x00000000eab00000)
  object space 263168K, 70% used [0x00000000c0000000,0x00000000cb522640,0x00000000d0100000)
 Metaspace       used 6364K, capacity 7156K, committed 7296K, reserved 1056768K
  class space    used 598K, capacity 620K, committed 640K, reserved 1048576K
Event: 15.561 GC heap after
Heap after GC invocations=7 (full 2):
 PSYoungGen      total 204800K, used 0K [0x00000000eab00000, 0x0000000100000000, 0x0000000100000000)
  eden space 196608K, 0% used [0x00000000eab00000,0x00000000eab00000,0x00000000f6b00000)
  from space 8192K, 0% used [0x00000000f6b00000,0x00000000f6b00000,0x00000000f7300000)
  to   space 114176K, 0% used [0x00000000f9080000,0x00000000f9080000,0x0000000100000000)
 ParOldGen       total 455168K, used 185282K [0x00000000c0000000, 0x00000000dbc80000, 0x00000000eab00000)
  object space 455168K, 40% used [0x00000000c0000000,0x00000000cb4f0830,0x00000000dbc80000)
 Metaspace       used 6364K, capacity 7156K, committed 7296K, reserved 1056768K
  class space    used 598K, capacity 620K, committed 640K, reserved 1048576K
}
Event: 18.104 GC heap before
{Heap before GC invocations=8 (full 2):
 PSYoungGen      total 204800K, used 196608K [0x00000000eab00000, 0x0000000100000000, 0x0000000100000000)
  eden space 196608K, 100% used [0x00000000eab00000,0x00000000f6b00000,0x00000000f6b00000)
  from space 8192K, 0% used [0x00000000f6b00000,0x00000000f6b00000,0x00000000f7300000)
  to   space 114176K, 0% used [0x00000000f9080000,0x00000000f9080000,0x0000000100000000)
 ParOldGen       total 455168K, used 185282K [0x00000000c0000000, 0x00000000dbc80000, 0x00000000eab00000)
  object space 455168K, 40% used [0x00000000c0000000,0x00000000cb4f0830,0x00000000dbc80000)
 Metaspace       used 6365K, capacity 7156K, committed 7296K, reserved 1056768K
  class space    used 598K, capacity 620K, committed 640K, reserved 1048576K
Event: 18.517 GC heap after
Heap after GC invocations=8 (full 2):
 PSYoungGen      total 241152K, used 54359K [0x00000000eab00000, 0x0000000100000000, 0x0000000100000000)
  eden space 126976K, 0% used [0x00000000eab00000,0x00000000eab00000,0x00000000f2700000)
  from space 114176K, 47% used [0x00000000f9080000,0x00000000fc595db8,0x0000000100000000)
  to   space 108032K, 0% used [0x00000000f2700000,0x00000000f2700000,0x00000000f9080000)
 ParOldGen       total 455168K, used 185282K [0x00000000c0000000, 0x00000000dbc80000, 0x00000000eab00000)
  object space 455168K, 40% used [0x00000000c0000000,0x00000000cb4f0830,0x00000000dbc80000)
 Metaspace       used 6365K, capacity 7156K, committed 7296K, reserved 1056768K
  class space    used 598K, capacity 620K, committed 640K, reserved 1048576K
}
Event: 23.280 GC heap before
{Heap before GC invocations=9 (full 2):
 PSYoungGen      total 241152K, used 181335K [0x00000000eab00000, 0x0000000100000000, 0x0000000100000000)
  eden space 126976K, 100% used [0x00000000eab00000,0x00000000f2700000,0x00000000f2700000)
  from space 114176K, 47% used [0x00000000f9080000,0x00000000fc595db8,0x0000000100000000)
  to   space 108032K, 0% used [0x00000000f2700000,0x00000000f2700000,0x00000000f9080000)
 ParOldGen       total 455168K, used 185282K [0x00000000c0000000, 0x00000000dbc80000, 0x00000000eab00000)
  object space 455168K, 40% used [0x00000000c0000000,0x00000000cb4f0830,0x00000000dbc80000)
 Metaspace       used 6376K, capacity 7156K, committed 7296K, reserved 1056768K
  class space    used 598K, capacity 620K, committed 640K, reserved 1048576K
Event: 25.254 GC heap after
Heap after GC invocations=9 (full 2):
 PSYoungGen      total 189440K, used 62259K [0x00000000eab00000, 0x00000000ff800000, 0x0000000100000000)
  eden space 126976K, 0% used [0x00000000eab00000,0x00000000eab00000,0x00000000f2700000)
  from space 62464K, 99% used [0x00000000f2700000,0x00000000f63ccd18,0x00000000f6400000)
  to   space 107008K, 0% used [0x00000000f8f80000,0x00000000f8f80000,0x00000000ff800000)
 ParOldGen       total 455168K, used 185290K [0x00000000c0000000, 0x00000000dbc80000, 0x00000000eab00000)
  object space 455168K, 40% used [0x00000000c0000000,0x00000000cb4f2830,0x00000000dbc80000)
 Metaspace       used 6376K, capacity 7156K, committed 7296K, reserved 1056768K
  class space    used 598K, capacity 620K, committed 640K, reserved 1048576K
}

Deoptimization events (10 events):
Event: 26.465 Thread 0x000000000157d800 Uncommon trap: reason=unloaded action=reinterpret pc=0x0000000003784f0c method=com.android.dx.ssa.SCCP.replaceBranches()V @ 110
Event: 26.465 Thread 0x000000000157d800 Uncommon trap: reason=unstable_if action=reinterpret pc=0x00000000038c00d0 method=com.android.dx.ssa.DeadCodeRemover.pruneDeadInstructions()V @ 49
Event: 26.466 Thread 0x000000000157d800 Uncommon trap: reason=unstable_if action=reinterpret pc=0x000000000374c5b0 method=com.android.dx.ssa.DeadCodeRemover.pruneDeadInstructions()V @ 49
Event: 27.695 Thread 0x000000000157d800 Uncommon trap: reason=bimorphic action=maybe_recompile pc=0x0000000003911e44 method=com.android.dx.cf.code.BytecodeArray.parseInstruction(ILcom/android/dx/cf/code/BytecodeArray$Visitor;)I @ 1501
Event: 27.696 Thread 0x000000000157d800 Uncommon trap: reason=bimorphic action=maybe_recompile pc=0x0000000003911e44 method=com.android.dx.cf.code.BytecodeArray.parseInstruction(ILcom/android/dx/cf/code/BytecodeArray$Visitor;)I @ 1501
Event: 27.703 Thread 0x000000000157d800 Uncommon trap: reason=unstable_if action=reinterpret pc=0x000000000357df60 method=com.android.dx.ssa.SCCP.simulateStmt(Lcom/android/dx/ssa/SsaInsn;)V @ 59
Event: 27.708 Thread 0x000000000157d800 Uncommon trap: reason=class_check action=maybe_recompile pc=0x0000000003793018 method=com.android.dx.ssa.SCCP.simulateMath(Lcom/android/dx/ssa/SsaInsn;I)Lcom/android/dx/rop/cst/Constant; @ 67
Event: 27.708 Thread 0x000000000157d800 Uncommon trap: reason=class_check action=maybe_recompile pc=0x0000000003793018 method=com.android.dx.ssa.SCCP.simulateMath(Lcom/android/dx/ssa/SsaInsn;I)Lcom/android/dx/rop/cst/Constant; @ 67
Event: 27.708 Thread 0x000000000157d800 Uncommon trap: reason=class_check action=maybe_recompile pc=0x0000000003793018 method=com.android.dx.ssa.SCCP.simulateMath(Lcom/android/dx/ssa/SsaInsn;I)Lcom/android/dx/rop/cst/Constant; @ 67
Event: 27.708 Thread 0x000000000157d800 Uncommon trap: reason=class_check action=maybe_recompile pc=0x0000000003793018 method=com.android.dx.ssa.SCCP.simulateMath(Lcom/android/dx/ssa/SsaInsn;I)Lcom/android/dx/rop/cst/Constant; @ 67

Internal exceptions (5 events):
Event: 0.367 Thread 0x000000000157d800 Exception <a 'java/lang/NoSuchMethodError': Method sun.misc.Unsafe.defineClass(Ljava/lang/String;[BII)Ljava/lang/Class; name or signature does not match> (0x00000000eab07cc0) thrown at [C:\src\android\AOSP-openjdk\external\jetbrains\jdk\hotspot\src\share\vfî%ˆw×?
Event: 0.367 Thread 0x000000000157d800 Exception <a 'java/lang/NoSuchMethodError': Method sun.misc.Unsafe.prefetchRead(Ljava/lang/Object;J)V name or signature does not match> (0x00000000eab07fa8) thrown at [C:\src\android\AOSP-openjdk\external\jetbrains\jdk\hotspot\src\share\vm\prims\jni.cpp, lú–ÞÝÔY
@
Event: 3.294 Thread 0x0000000017105000 Exception <a 'java/lang/ArrayIndexOutOfBoundsException': 18> (0x00000000ee0e7b00) thrown at [C:\src\android\AOSP-openjdk\external\jetbrains\jdk\hotspot\src\share\vm\interpreter\interpreterRuntime.cpp, line 366]
Event: 3.294 Thread 0x0000000017105000 Exception <a 'java/lang/ArrayIndexOutOfBoundsException': 145> (0x00000000ee0e9680) thrown at [C:\src\android\AOSP-openjdk\external\jetbrains\jdk\hotspot\src\share\vm\interpreter\interpreterRuntime.cpp, line 366]
Event: 3.295 Thread 0x0000000017105000 Exception <a 'java/lang/ArrayIndexOutOfBoundsException'> (0x00000000ee0ea968) thrown at [C:\src\android\AOSP-openjdk\external\jetbrains\jdk\hotspot\src\share\vm\runtime\sharedRuntime.cpp, line 605]

Events (10 events):
Event: 27.708 Thread 0x000000000157d800 DEOPT UNPACKING pc=0x0000000002fa556a sp=0x0000000002e5e230 mode 2
Event: 27.708 Thread 0x000000000157d800 Uncommon trap: trap_request=0xffffffde fr.pc=0x0000000003793018
Event: 27.708 Thread 0x000000000157d800 DEOPT PACKING pc=0x0000000003793018 sp=0x0000000002e5e2e0
Event: 27.708 Thread 0x000000000157d800 DEOPT UNPACKING pc=0x0000000002fa556a sp=0x0000000002e5e230 mode 2
Event: 27.708 Thread 0x000000000157d800 Uncommon trap: trap_request=0xffffffde fr.pc=0x0000000003793018
Event: 27.708 Thread 0x000000000157d800 DEOPT PACKING pc=0x0000000003793018 sp=0x0000000002e5e2e0
Event: 27.708 Thread 0x000000000157d800 DEOPT UNPACKING pc=0x0000000002fa556a sp=0x0000000002e5e230 mode 2
Event: 27.708 Thread 0x000000000157d800 Uncommon trap: trap_request=0xffffffde fr.pc=0x0000000003793018
Event: 27.708 Thread 0x000000000157d800 DEOPT PACKING pc=0x0000000003793018 sp=0x0000000002e5e330
Event: 27.708 Thread 0x000000000157d800 DEOPT UNPACKING pc=0x0000000002fa556a sp=0x0000000002e5e280 mode 2


Dynamic libraries:
0x00007ff729660000 - 0x00007ff729691000 	C:\Program Files\Android\Android Studio\jre\bin\java.exe
0x00007ffbe6d30000 - 0x00007ffbe6f01000 	C:\WINDOWS\SYSTEM32\ntdll.dll
0x00007ffbe6b20000 - 0x00007ffbe6bcb000 	C:\WINDOWS\System32\KERNEL32.DLL
0x00007ffbc6e50000 - 0x00007ffbc6ea4000 	C:\Program Files (x86)\AVG\Av\avghooka.dll
0x00007ffbe3750000 - 0x00007ffbe396d000 	C:\WINDOWS\System32\KERNELBASE.dll
0x00007ffbe5160000 - 0x00007ffbe5202000 	C:\WINDOWS\System32\ADVAPI32.dll
0x00007ffbe6a60000 - 0x00007ffbe6afe000 	C:\WINDOWS\System32\msvcrt.dll
0x00007ffbe6930000 - 0x00007ffbe6989000 	C:\WINDOWS\System32\sechost.dll
0x00007ffbe42c0000 - 0x00007ffbe43e1000 	C:\WINDOWS\System32\RPCRT4.dll
0x00007ffbe6720000 - 0x00007ffbe6885000 	C:\WINDOWS\System32\USER32.dll
0x00007ffbe34a0000 - 0x00007ffbe34be000 	C:\WINDOWS\System32\win32u.dll
0x00007ffbe4780000 - 0x00007ffbe47b4000 	C:\WINDOWS\System32\GDI32.dll
0x00007ffbe3560000 - 0x00007ffbe36e2000 	C:\WINDOWS\System32\gdi32full.dll
0x00007ffbdc080000 - 0x00007ffbdc2f9000 	C:\WINDOWS\WinSxS\amd64_microsoft.windows.common-controls_6595b64144ccf1df_6.0.14393.447_none_42191651c6827bb3\COMCTL32.dll
0x00007ffbe47c0000 - 0x00007ffbe4a87000 	C:\WINDOWS\System32\combase.dll
0x00007ffbe41c0000 - 0x00007ffbe42b5000 	C:\WINDOWS\System32\ucrtbase.dll
0x00007ffbe4150000 - 0x00007ffbe41ba000 	C:\WINDOWS\System32\bcryptPrimitives.dll
0x00007ffbe6d00000 - 0x00007ffbe6d2e000 	C:\WINDOWS\System32\IMM32.DLL
0x0000000069a90000 - 0x0000000069b62000 	C:\Program Files\Android\Android Studio\jre\jre\bin\msvcr100.dll
0x0000000068810000 - 0x0000000069044000 	C:\Program Files\Android\Android Studio\jre\jre\bin\server\jvm.dll
0x00007ffbe6c90000 - 0x00007ffbe6c98000 	C:\WINDOWS\System32\PSAPI.DLL
0x00007ffbd4df0000 - 0x00007ffbd4df9000 	C:\WINDOWS\SYSTEM32\WSOCK32.dll
0x00007ffbe69f0000 - 0x00007ffbe6a5a000 	C:\WINDOWS\System32\WS2_32.dll
0x00007ffbe15f0000 - 0x00007ffbe1613000 	C:\WINDOWS\SYSTEM32\WINMM.dll
0x00007ffbdd670000 - 0x00007ffbdd67a000 	C:\WINDOWS\SYSTEM32\VERSION.dll
0x00007ffbe14b0000 - 0x00007ffbe14db000 	C:\WINDOWS\SYSTEM32\WINMMBASE.dll
0x00007ffbe4050000 - 0x00007ffbe4092000 	C:\WINDOWS\System32\cfgmgr32.dll
0x00007ffbdf880000 - 0x00007ffbdf88f000 	C:\Program Files\Android\Android Studio\jre\jre\bin\verify.dll
0x00007ffbd72c0000 - 0x00007ffbd72e9000 	C:\Program Files\Android\Android Studio\jre\jre\bin\java.dll
0x00007ffbd9590000 - 0x00007ffbd95a6000 	C:\Program Files\Android\Android Studio\jre\jre\bin\zip.dll
0x00007ffbe5210000 - 0x00007ffbe6719000 	C:\WINDOWS\System32\SHELL32.dll
0x00007ffbe3970000 - 0x00007ffbe404a000 	C:\WINDOWS\System32\windows.storage.dll
0x00007ffbe31b0000 - 0x00007ffbe31fc000 	C:\WINDOWS\System32\powrprof.dll
0x00007ffbe6ca0000 - 0x00007ffbe6cf2000 	C:\WINDOWS\System32\shlwapi.dll
0x00007ffbe3200000 - 0x00007ffbe320f000 	C:\WINDOWS\System32\kernel.appcore.dll
0x00007ffbe40a0000 - 0x00007ffbe4149000 	C:\WINDOWS\System32\shcore.dll
0x00007ffbe3190000 - 0x00007ffbe31a4000 	C:\WINDOWS\System32\profapi.dll

VM Arguments:
jvm_args: -Djava.awt.headless=true -Xmx1024M -Dfile.encoding=windows-1255 -Duser.country=US -Duser.language=en -Duser.variant 
java_command: com.android.dx.command.Main --dex --num-threads=4 --output C:\Users\zeevi\AndroidStudioProjects\androidStart\app\build\intermediates\pre-dexed\debug\com.google.android.gms-play-services-ads-9.4.0_5ce2f652692b2fa8ee41dad1a6a1cc7a588b2f12.jar C:\Users\zeevi\AndroidStudioProjects\androidStart\app\build\intermediates\exploded-aar\com.google.android.gms\play-services-ads\9.4.0\jars\classes.jar
java_class_path (initial): C:\Users\zeevi\AppData\Local\Android\sdk\build-tools\23.0.3\lib\dx.jar
Launcher Type: SUN_STANDARD

Environment Variables:
PATH=C:\Program Files (x86)\PHP\v5.6;C:\Program Files (x86)\NVIDIA Corporation\PhysX\Common;C:\Program Files (x86)\Intel\iCLS Client\;C:\Program Files\Intel\iCLS Client\;C:\Windows\system32;C:\Windows;C:\Windows\System32\Wbem;C:\Windows\System32\WindowsPowerShell\v1.0\;C:\Program Files\Intel\Intel(R) Management Engine Components\DAL;C:\Program Files\Intel\Intel(R) Management Engine Components\IPT;C:\Program Files (x86)\Intel\Intel(R) Management Engine Components\DAL;C:\Program Files (x86)\Intel\Intel(R) Management Engine Components\IPT;C:\Program Files (x86)\Microsoft SQL Server\100\Tools\Binn\;C:\Program Files\Microsoft SQL Server\100\Tools\Binn\;C:\Program Files\Microsoft SQL Server\100\DTS\Binn\;C:\Program Files (x86)\OpenVPN\bin;C:\WINDOWS\system32;C:\WINDOWS;C:\WINDOWS\System32\Wbem;C:\WINDOWS\System32\WindowsPowerShell\v1.0\;C:\Program Files (x86)\Common Files\Acronis\SnapAPI\;C:\Program Files (x86)\Skype\Phone\;C:\Program Files\Microsoft SQL Server\130\Tools\Binn\;C:\Program Files (x86)\Windows Kits\10\Windows Performance Toolkit\;C:\Program Files\Git\cmd;C:\Program Files\nodejs\;C:\Users\zeevi\AppData\Local\Microsoft\WindowsApps;
USERNAME=zeevi
OS=Windows_NT
PROCESSOR_IDENTIFIER=Intel64 Family 6 Model 69 Stepping 1, GenuineIntel



---------------  S Y S T E M  ---------------

OS: Windows 10.0 , 64 bit Build 14393 (10.0.14393.0)

CPU:total 4 (2 cores per cpu, 2 threads per core) family 6 model 69 stepping 1, cmov, cx8, fxsr, mmx, sse, sse2, sse3, ssse3, sse4.1, sse4.2, popcnt, avx, avx2, aes, clmul, erms, lzcnt, ht, tsc, tscinvbit, bmi1, bmi2

Memory: 4k page, physical 12463556k(3016816k free), swap 13487556k(4184k free)

vm_info: OpenJDK 64-Bit Server VM (25.76-b03) for windows-amd64 JRE (1.8.0_76-release-b03), built on Jun 29 2016 19:09:20 by "ralucas" with MS VC++ 10.0 (VS2010)

time: Fri Dec 09 18:19:25 2016
elapsed time: 27 seconds (0d 0h 0m 27s)

