#
# There is insufficient memory for the Java Runtime Environment to continue.
# Native memory allocation (malloc) failed to allocate 65552 bytes for Chunk::new
# Possible reasons:
#   The system is out of physical RAM or swap space
#   In 32 bit mode, the process size limit was hit
# Possible solutions:
#   Reduce memory load on the system
#   Increase physical memory or swap space
#   Check if swap backing store is full
#   Use 64 bit Java on a 64 bit OS
#   Decrease Java heap size (-Xmx/-Xms)
#   Decrease number of Java threads
#   Decrease Java thread stack sizes (-Xss)
#   Set larger code cache with -XX:ReservedCodeCacheSize=
# This output file may be truncated or incomplete.
#
#  Out of Memory Error (allocation.cpp:390), pid=972, tid=0x0000000000003ca4
#
# JRE version: OpenJDK Runtime Environment (8.0_76-b03) (build 1.8.0_76-release-b03)
# Java VM: OpenJDK 64-Bit Server VM (25.76-b03 mixed mode windows-amd64 compressed oops)
# Failed to write core dump. Minidumps are not enabled by default on client versions of Windows
#

---------------  T H R E A D  ---------------

Current thread (0x000000001551d800):  JavaThread "C2 CompilerThread0" daemon [_thread_in_native, id=15524, stack(0x0000000016b10000,0x0000000016c10000)]

Stack: [0x0000000016b10000,0x0000000016c10000]
[error occurred during error reporting (printing stack bounds), id 0xc0000005]

Native frames: (J=compiled Java code, j=interpreted, Vv=VM code, C=native code)


Current CompileTask:
C2:  26956 2722       4       com.android.dx.dex.code.StdCatchBuilder::build (262 bytes)


---------------  P R O C E S S  ---------------

Java Threads: ( => current thread )
  0x0000000016c5d000 JavaThread "Service Thread" daemon [_thread_blocked, id=2044, stack(0x0000000017210000,0x0000000017310000)]
  0x0000000002dfd000 JavaThread "C1 CompilerThread2" daemon [_thread_blocked, id=12352, stack(0x0000000017110000,0x0000000017210000)]
  0x0000000002dfa000 JavaThread "C2 CompilerThread1" daemon [_thread_in_native, id=12448, stack(0x0000000017010000,0x0000000017110000)]
=>0x000000001551d800 JavaThread "C2 CompilerThread0" daemon [_thread_in_native, id=15524, stack(0x0000000016b10000,0x0000000016c10000)]
  0x000000001551c000 JavaThread "Attach Listener" daemon [_thread_blocked, id=2384, stack(0x0000000016a10000,0x0000000016b10000)]
  0x000000001551b800 JavaThread "Signal Dispatcher" daemon [_thread_blocked, id=8808, stack(0x0000000016910000,0x0000000016a10000)]
  0x00000000154b8000 JavaThread "Finalizer" daemon [_thread_blocked, id=14380, stack(0x0000000016720000,0x0000000016820000)]
  0x0000000002df1000 JavaThread "Reference Handler" daemon [_thread_blocked, id=14276, stack(0x0000000016620000,0x0000000016720000)]
  0x0000000002cfd800 JavaThread "main" [_thread_in_Java, id=11940, stack(0x0000000002bc0000,0x0000000002cc0000)]

Other Threads:
  0x0000000015495000 VMThread [stack: 0x0000000016520000,0x0000000016620000] [id=5332]
  0x0000000016c5f000 WatcherThread [stack: 0x0000000017310000,0x0000000017410000] [id=4736]

VM state:not at safepoint (normal execution)

VM Mutex/Monitor currently owned by a thread: None

Heap:
 PSYoungGen      total 220160K, used 166207K [0x00000000eab00000, 0x00000000fa300000, 0x0000000100000000)
  eden space 194048K, 73% used [0x00000000eab00000,0x00000000f3717a90,0x00000000f6880000)
  from space 26112K, 87% used [0x00000000f8480000,0x00000000f9ab84a8,0x00000000f9e00000)
  to   space 28672K, 0% used [0x00000000f6880000,0x00000000f6880000,0x00000000f8480000)
 ParOldGen       total 131072K, used 35584K [0x00000000c0000000, 0x00000000c8000000, 0x00000000eab00000)
  object space 131072K, 27% used [0x00000000c0000000,0x00000000c22c00a8,0x00000000c8000000)
 Metaspace       used 6846K, capacity 7512K, committed 7680K, reserved 1056768K
  class space    used 619K, capacity 656K, committed 768K, reserved 1048576K

Card table byte_map: [0x00000000121c0000,0x00000000123d0000] byte_map_base: 0x0000000011bc0000

Marking Bits: (ParMarkBitMap*) 0x0000000068fc9d00
 Begin Bits: [0x0000000012930000, 0x0000000013930000)
 End Bits:   [0x0000000013930000, 0x0000000014930000)

Polling page: 0x00000000013e0000

CodeCache: size=245760Kb used=9992Kb max_used=10618Kb free=235767Kb
 bounds [0x0000000002e00000, 0x0000000003870000, 0x0000000011e00000]
 total_blobs=2550 nmethods=2281 adapters=182
 compilation: enabled

Compilation events (10 events):
Event: 26.540 Thread 0x000000001551d800 nmethod 2715 0x000000000332f3d0 code [0x000000000332f540, 0x000000000332f738]
Event: 26.541 Thread 0x000000001551d800 2720       4       java.util.BitSet::set (18 bytes)
Event: 26.547 Thread 0x000000001551d800 nmethod 2720 0x000000000317d390 code [0x000000000317d4e0, 0x000000000317d8d8]
Event: 26.912 Thread 0x000000001551d800 2721       4       com.android.dx.dex.code.OutputFinisher::reserveRegisters (119 bytes)
Event: 26.924 Thread 0x0000000002dfd000 2728       3       com.android.dx.rop.cst.CstLiteral64::fitsInInt (20 bytes)
Event: 26.925 Thread 0x0000000002dfd000 nmethod 2728 0x0000000003063050 code [0x00000000030631a0, 0x0000000003063350]
Event: 26.931 Thread 0x000000001551d800 nmethod 2721 0x00000000034d5f10 code [0x00000000034d6100, 0x00000000034d6b90]
Event: 26.931 Thread 0x000000001551d800 2722       4       com.android.dx.dex.code.StdCatchBuilder::build (262 bytes)
Event: 26.943 Thread 0x0000000002dfd000 2729       3       com.android.dx.dex.code.form.Form22t::compatibleRegs (48 bytes)
Event: 26.944 Thread 0x0000000002dfd000 nmethod 2729 0x000000000317e490 code [0x000000000317e6a0, 0x000000000317f308]

GC Heap History (10 events):
Event: 12.239 GC heap before
{Heap before GC invocations=2 (full 0):
 PSYoungGen      total 57344K, used 56068K [0x00000000eab00000, 0x00000000eeb00000, 0x0000000100000000)
  eden space 49152K, 100% used [0x00000000eab00000,0x00000000edb00000,0x00000000edb00000)
  from space 8192K, 84% used [0x00000000edb00000,0x00000000ee1c1320,0x00000000ee300000)
  to   space 8192K, 0% used [0x00000000ee300000,0x00000000ee300000,0x00000000eeb00000)
 ParOldGen       total 131072K, used 16K [0x00000000c0000000, 0x00000000c8000000, 0x00000000eab00000)
  object space 131072K, 0% used [0x00000000c0000000,0x00000000c0004000,0x00000000c8000000)
 Metaspace       used 6197K, capacity 7088K, committed 7296K, reserved 1056768K
  class space    used 582K, capacity 616K, committed 640K, reserved 1048576K
Event: 12.456 GC heap after
Heap after GC invocations=2 (full 0):
 PSYoungGen      total 57344K, used 8160K [0x00000000eab00000, 0x00000000f1b00000, 0x0000000100000000)
  eden space 49152K, 0% used [0x00000000eab00000,0x00000000eab00000,0x00000000edb00000)
  from space 8192K, 99% used [0x00000000ee300000,0x00000000eeaf80f0,0x00000000eeb00000)
  to   space 8192K, 0% used [0x00000000edb00000,0x00000000edb00000,0x00000000ee300000)
 ParOldGen       total 131072K, used 5391K [0x00000000c0000000, 0x00000000c8000000, 0x00000000eab00000)
  object space 131072K, 4% used [0x00000000c0000000,0x00000000c0543cd8,0x00000000c8000000)
 Metaspace       used 6197K, capacity 7088K, committed 7296K, reserved 1056768K
  class space    used 582K, capacity 616K, committed 640K, reserved 1048576K
}
Event: 13.648 GC heap before
{Heap before GC invocations=3 (full 0):
 PSYoungGen      total 57344K, used 57312K [0x00000000eab00000, 0x00000000f1b00000, 0x0000000100000000)
  eden space 49152K, 100% used [0x00000000eab00000,0x00000000edb00000,0x00000000edb00000)
  from space 8192K, 99% used [0x00000000ee300000,0x00000000eeaf80f0,0x00000000eeb00000)
  to   space 8192K, 0% used [0x00000000edb00000,0x00000000edb00000,0x00000000ee300000)
 ParOldGen       total 131072K, used 5391K [0x00000000c0000000, 0x00000000c8000000, 0x00000000eab00000)
  object space 131072K, 4% used [0x00000000c0000000,0x00000000c0543cd8,0x00000000c8000000)
 Metaspace       used 6267K, capacity 7152K, committed 7296K, reserved 1056768K
  class space    used 582K, capacity 616K, committed 640K, reserved 1048576K
Event: 14.072 GC heap after
Heap after GC invocations=3 (full 0):
 PSYoungGen      total 57344K, used 8173K [0x00000000eab00000, 0x00000000f1b00000, 0x0000000100000000)
  eden space 49152K, 0% used [0x00000000eab00000,0x00000000eab00000,0x00000000edb00000)
  from space 8192K, 99% used [0x00000000edb00000,0x00000000ee2fb470,0x00000000ee300000)
  to   space 8192K, 0% used [0x00000000f1300000,0x00000000f1300000,0x00000000f1b00000)
 ParOldGen       total 131072K, used 12226K [0x00000000c0000000, 0x00000000c8000000, 0x00000000eab00000)
  object space 131072K, 9% used [0x00000000c0000000,0x00000000c0bf0988,0x00000000c8000000)
 Metaspace       used 6267K, capacity 7152K, committed 7296K, reserved 1056768K
  class space    used 582K, capacity 616K, committed 640K, reserved 1048576K
}
Event: 15.103 GC heap before
{Heap before GC invocations=4 (full 0):
 PSYoungGen      total 57344K, used 57325K [0x00000000eab00000, 0x00000000f1b00000, 0x0000000100000000)
  eden space 49152K, 100% used [0x00000000eab00000,0x00000000edb00000,0x00000000edb00000)
  from space 8192K, 99% used [0x00000000edb00000,0x00000000ee2fb470,0x00000000ee300000)
  to   space 8192K, 0% used [0x00000000f1300000,0x00000000f1300000,0x00000000f1b00000)
 ParOldGen       total 131072K, used 12226K [0x00000000c0000000, 0x00000000c8000000, 0x00000000eab00000)
  object space 131072K, 9% used [0x00000000c0000000,0x00000000c0bf0988,0x00000000c8000000)
 Metaspace       used 6314K, capacity 7152K, committed 7296K, reserved 1056768K
  class space    used 582K, capacity 616K, committed 640K, reserved 1048576K
Event: 15.459 GC heap after
Heap after GC invocations=4 (full 0):
 PSYoungGen      total 106496K, used 8178K [0x00000000eab00000, 0x00000000f1b00000, 0x0000000100000000)
  eden space 98304K, 0% used [0x00000000eab00000,0x00000000eab00000,0x00000000f0b00000)
  from space 8192K, 99% used [0x00000000f1300000,0x00000000f1afcaa0,0x00000000f1b00000)
  to   space 8192K, 0% used [0x00000000f0b00000,0x00000000f0b00000,0x00000000f1300000)
 ParOldGen       total 131072K, used 19778K [0x00000000c0000000, 0x00000000c8000000, 0x00000000eab00000)
  object space 131072K, 15% used [0x00000000c0000000,0x00000000c13508f0,0x00000000c8000000)
 Metaspace       used 6314K, capacity 7152K, committed 7296K, reserved 1056768K
  class space    used 582K, capacity 616K, committed 640K, reserved 1048576K
}
Event: 17.575 GC heap before
{Heap before GC invocations=5 (full 0):
 PSYoungGen      total 106496K, used 106482K [0x00000000eab00000, 0x00000000f1b00000, 0x0000000100000000)
  eden space 98304K, 100% used [0x00000000eab00000,0x00000000f0b00000,0x00000000f0b00000)
  from space 8192K, 99% used [0x00000000f1300000,0x00000000f1afcaa0,0x00000000f1b00000)
  to   space 8192K, 0% used [0x00000000f0b00000,0x00000000f0b00000,0x00000000f1300000)
 ParOldGen       total 131072K, used 19778K [0x00000000c0000000, 0x00000000c8000000, 0x00000000eab00000)
  object space 131072K, 15% used [0x00000000c0000000,0x00000000c13508f0,0x00000000c8000000)
 Metaspace       used 6463K, capacity 7220K, committed 7296K, reserved 1056768K
  class space    used 601K, capacity 620K, committed 640K, reserved 1048576K
Event: 17.887 GC heap after
Heap after GC invocations=5 (full 0):
 PSYoungGen      total 106496K, used 8162K [0x00000000eab00000, 0x00000000f9e00000, 0x0000000100000000)
  eden space 98304K, 0% used [0x00000000eab00000,0x00000000eab00000,0x00000000f0b00000)
  from space 8192K, 99% used [0x00000000f0b00000,0x00000000f12f8840,0x00000000f1300000)
  to   space 26112K, 0% used [0x00000000f8480000,0x00000000f8480000,0x00000000f9e00000)
 ParOldGen       total 131072K, used 35584K [0x00000000c0000000, 0x00000000c8000000, 0x00000000eab00000)
  object space 131072K, 27% used [0x00000000c0000000,0x00000000c22c00a8,0x00000000c8000000)
 Metaspace       used 6463K, capacity 7220K, committed 7296K, reserved 1056768K
  class space    used 601K, capacity 620K, committed 640K, reserved 1048576K
}
Event: 19.340 GC heap before
{Heap before GC invocations=6 (full 0):
 PSYoungGen      total 106496K, used 106466K [0x00000000eab00000, 0x00000000f9e00000, 0x0000000100000000)
  eden space 98304K, 100% used [0x00000000eab00000,0x00000000f0b00000,0x00000000f0b00000)
  from space 8192K, 99% used [0x00000000f0b00000,0x00000000f12f8840,0x00000000f1300000)
  to   space 26112K, 0% used [0x00000000f8480000,0x00000000f8480000,0x00000000f9e00000)
 ParOldGen       total 131072K, used 35584K [0x00000000c0000000, 0x00000000c8000000, 0x00000000eab00000)
  object space 131072K, 27% used [0x00000000c0000000,0x00000000c22c00a8,0x00000000c8000000)
 Metaspace       used 6489K, capacity 7220K, committed 7296K, reserved 1056768K
  class space    used 601K, capacity 620K, committed 640K, reserved 1048576K
Event: 19.601 GC heap after
Heap after GC invocations=6 (full 0):
 PSYoungGen      total 220160K, used 22753K [0x00000000eab00000, 0x00000000fa300000, 0x0000000100000000)
  eden space 194048K, 0% used [0x00000000eab00000,0x00000000eab00000,0x00000000f6880000)
  from space 26112K, 87% used [0x00000000f8480000,0x00000000f9ab84a8,0x00000000f9e00000)
  to   space 28672K, 0% used [0x00000000f6880000,0x00000000f6880000,0x00000000f8480000)
 ParOldGen       total 131072K, used 35584K [0x00000000c0000000, 0x00000000c8000000, 0x00000000eab00000)
  object space 131072K, 27% used [0x00000000c0000000,0x00000000c22c00a8,0x00000000c8000000)
 Metaspace       used 6489K, capacity 7220K, committed 7296K, reserved 1056768K
  class space    used 601K, capacity 620K, committed 640K, reserved 1048576K
}

Deoptimization events (10 events):
Event: 21.040 Thread 0x0000000002cfd800 Uncommon trap: reason=class_check action=maybe_recompile pc=0x00000000032efe88 method=java.util.Arrays.hashCode([Ljava/lang/Object;)I @ 43
Event: 21.041 Thread 0x0000000002cfd800 Uncommon trap: reason=class_check action=maybe_recompile pc=0x00000000032efe88 method=java.util.Arrays.hashCode([Ljava/lang/Object;)I @ 43
Event: 21.041 Thread 0x0000000002cfd800 Uncommon trap: reason=class_check action=maybe_recompile pc=0x00000000032efe88 method=java.util.Arrays.hashCode([Ljava/lang/Object;)I @ 43
Event: 21.041 Thread 0x0000000002cfd800 Uncommon trap: reason=class_check action=maybe_recompile pc=0x00000000032bcba8 method=java.util.Arrays.hashCode([Ljava/lang/Object;)I @ 43
Event: 23.838 Thread 0x0000000002cfd800 Uncommon trap: reason=class_check action=maybe_recompile pc=0x00000000031ab90c method=java.util.Arrays.equals([Ljava/lang/Object;[Ljava/lang/Object;)Z @ 62
Event: 23.838 Thread 0x0000000002cfd800 Uncommon trap: reason=class_check action=maybe_recompile pc=0x00000000031ab90c method=java.util.Arrays.equals([Ljava/lang/Object;[Ljava/lang/Object;)Z @ 62
Event: 23.838 Thread 0x0000000002cfd800 Uncommon trap: reason=unstable_if action=reinterpret pc=0x00000000031ab8e4 method=java.util.Arrays.equals([Ljava/lang/Object;[Ljava/lang/Object;)Z @ 23
Event: 23.839 Thread 0x0000000002cfd800 Uncommon trap: reason=unstable_if action=reinterpret pc=0x0000000003544684 method=java.util.TreeMap.put(Ljava/lang/Object;Ljava/lang/Object;)Ljava/lang/Object; @ 163
Event: 24.810 Thread 0x0000000002cfd800 Uncommon trap: reason=unstable_if action=reinterpret pc=0x00000000033a9528 method=com.android.dx.dex.code.OutputFinisher.align64bits([Lcom/android/dx/dex/code/Dop;)V @ 205
Event: 24.942 Thread 0x0000000002cfd800 Uncommon trap: reason=unstable_if action=reinterpret pc=0x0000000003205e8c method=com.android.dx.rop.code.RegisterSpec.equalsUsingSimpleType(Lcom/android/dx/rop/code/RegisterSpec;)Z @ 5

Internal exceptions (7 events):
Event: 0.396 Thread 0x0000000002cfd800 Exception <a 'java/lang/NoSuchMethodError': Method sun.misc.Unsafe.defineClass(Ljava/lang/String;[BII)Ljava/lang/Class; name or signature does not match> (0x00000000eab07cc0) thrown at [C:\src\android\AOSP-openjdk\external\jetbrains\jdk\hotspot\src\share\vÎdÉUÙ?
Event: 0.396 Thread 0x0000000002cfd800 Exception <a 'java/lang/NoSuchMethodError': Method sun.misc.Unsafe.prefetchRead(Ljava/lang/Object;J)V name or signature does not match> (0x00000000eab07fa8) thrown at [C:\src\android\AOSP-openjdk\external\jetbrains\jdk\hotspot\src\share\vm\prims\jni.cpp, l¿é¬Oµ!&@
Event: 11.066 Thread 0x0000000016f00000 Implicit null exception at 0x00000000032beda2 to 0x00000000032beea9
Event: 15.855 Thread 0x0000000002cfd800 Implicit null exception at 0x0000000003363c49 to 0x000000000336507d
Event: 17.320 Thread 0x0000000016eff000 Exception <a 'java/lang/ArrayIndexOutOfBoundsException': 18> (0x00000000f00ee168) thrown at [C:\src\android\AOSP-openjdk\external\jetbrains\jdk\hotspot\src\share\vm\interpreter\interpreterRuntime.cpp, line 366]
Event: 17.321 Thread 0x0000000016eff000 Exception <a 'java/lang/ArrayIndexOutOfBoundsException': 145> (0x00000000f00efce8) thrown at [C:\src\android\AOSP-openjdk\external\jetbrains\jdk\hotspot\src\share\vm\interpreter\interpreterRuntime.cpp, line 366]
Event: 17.321 Thread 0x0000000016eff000 Exception <a 'java/lang/ArrayIndexOutOfBoundsException'> (0x00000000f00f0fd0) thrown at [C:\src\android\AOSP-openjdk\external\jetbrains\jdk\hotspot\src\share\vm\runtime\sharedRuntime.cpp, line 605]

Events (10 events):
Event: 26.045 Thread 0x0000000002cfd800 DEOPT PACKING pc=0x00000000035dcef5 sp=0x0000000002cbed00
Event: 26.045 Thread 0x0000000002cfd800 DEOPT UNPACKING pc=0x0000000002e475bf sp=0x0000000002cbea70 mode 0
Event: 26.050 Thread 0x0000000002cfd800 DEOPT PACKING pc=0x00000000035dcef5 sp=0x0000000002cbed00
Event: 26.050 Thread 0x0000000002cfd800 DEOPT UNPACKING pc=0x0000000002e475bf sp=0x0000000002cbea70 mode 0
Event: 26.054 Thread 0x0000000002cfd800 DEOPT PACKING pc=0x00000000035dcef5 sp=0x0000000002cbed00
Event: 26.054 Thread 0x0000000002cfd800 DEOPT UNPACKING pc=0x0000000002e475bf sp=0x0000000002cbea70 mode 0
Event: 26.517 Thread 0x0000000002cfd800 DEOPT PACKING pc=0x000000000309b806 sp=0x0000000002cbea90
Event: 26.517 Thread 0x0000000002cfd800 DEOPT UNPACKING pc=0x0000000002e475bf sp=0x0000000002cbe810 mode 0
Event: 26.521 Thread 0x0000000002cfd800 DEOPT PACKING pc=0x000000000309b806 sp=0x0000000002cbe910
Event: 26.521 Thread 0x0000000002cfd800 DEOPT UNPACKING pc=0x0000000002e475bf sp=0x0000000002cbe690 mode 0


Dynamic libraries:
0x00007ff729660000 - 0x00007ff729691000 	C:\Program Files\Android\Android Studio\jre\bin\java.exe
0x00007ffbe6d30000 - 0x00007ffbe6f01000 	C:\WINDOWS\SYSTEM32\ntdll.dll
0x00007ffbe6b20000 - 0x00007ffbe6bcb000 	C:\WINDOWS\System32\KERNEL32.DLL
0x00007ffbc6e50000 - 0x00007ffbc6ea4000 	C:\Program Files (x86)\AVG\Av\avghooka.dll
0x00007ffbe3750000 - 0x00007ffbe396d000 	C:\WINDOWS\System32\KERNELBASE.dll
0x00007ffbe5160000 - 0x00007ffbe5202000 	C:\WINDOWS\System32\ADVAPI32.dll
0x00007ffbe6a60000 - 0x00007ffbe6afe000 	C:\WINDOWS\System32\msvcrt.dll
0x00007ffbe6930000 - 0x00007ffbe6989000 	C:\WINDOWS\System32\sechost.dll
0x00007ffbe42c0000 - 0x00007ffbe43e1000 	C:\WINDOWS\System32\RPCRT4.dll
0x00007ffbe6720000 - 0x00007ffbe6885000 	C:\WINDOWS\System32\USER32.dll
0x00007ffbe34a0000 - 0x00007ffbe34be000 	C:\WINDOWS\System32\win32u.dll
0x00007ffbe4780000 - 0x00007ffbe47b4000 	C:\WINDOWS\System32\GDI32.dll
0x00007ffbe3560000 - 0x00007ffbe36e2000 	C:\WINDOWS\System32\gdi32full.dll
0x00007ffbdc080000 - 0x00007ffbdc2f9000 	C:\WINDOWS\WinSxS\amd64_microsoft.windows.common-controls_6595b64144ccf1df_6.0.14393.447_none_42191651c6827bb3\COMCTL32.dll
0x00007ffbe47c0000 - 0x00007ffbe4a87000 	C:\WINDOWS\System32\combase.dll
0x00007ffbe41c0000 - 0x00007ffbe42b5000 	C:\WINDOWS\System32\ucrtbase.dll
0x00007ffbe4150000 - 0x00007ffbe41ba000 	C:\WINDOWS\System32\bcryptPrimitives.dll
0x00007ffbe6d00000 - 0x00007ffbe6d2e000 	C:\WINDOWS\System32\IMM32.DLL
0x0000000069a90000 - 0x0000000069b62000 	C:\Program Files\Android\Android Studio\jre\jre\bin\msvcr100.dll
0x0000000068810000 - 0x0000000069044000 	C:\Program Files\Android\Android Studio\jre\jre\bin\server\jvm.dll
0x00007ffbe6c90000 - 0x00007ffbe6c98000 	C:\WINDOWS\System32\PSAPI.DLL
0x00007ffbd4df0000 - 0x00007ffbd4df9000 	C:\WINDOWS\SYSTEM32\WSOCK32.dll
0x00007ffbe69f0000 - 0x00007ffbe6a5a000 	C:\WINDOWS\System32\WS2_32.dll
0x00007ffbe15f0000 - 0x00007ffbe1613000 	C:\WINDOWS\SYSTEM32\WINMM.dll
0x00007ffbdd670000 - 0x00007ffbdd67a000 	C:\WINDOWS\SYSTEM32\VERSION.dll
0x00007ffbe14b0000 - 0x00007ffbe14db000 	C:\WINDOWS\SYSTEM32\WINMMBASE.dll
0x00007ffbe4050000 - 0x00007ffbe4092000 	C:\WINDOWS\System32\cfgmgr32.dll
0x00007ffbdf880000 - 0x00007ffbdf88f000 	C:\Program Files\Android\Android Studio\jre\jre\bin\verify.dll
0x00007ffbd72c0000 - 0x00007ffbd72e9000 	C:\Program Files\Android\Android Studio\jre\jre\bin\java.dll
0x00007ffbd9590000 - 0x00007ffbd95a6000 	C:\Program Files\Android\Android Studio\jre\jre\bin\zip.dll
0x00007ffbe5210000 - 0x00007ffbe6719000 	C:\WINDOWS\System32\SHELL32.dll
0x00007ffbe3970000 - 0x00007ffbe404a000 	C:\WINDOWS\System32\windows.storage.dll
0x00007ffbe31b0000 - 0x00007ffbe31fc000 	C:\WINDOWS\System32\powrprof.dll
0x00007ffbe6ca0000 - 0x00007ffbe6cf2000 	C:\WINDOWS\System32\shlwapi.dll
0x00007ffbe3200000 - 0x00007ffbe320f000 	C:\WINDOWS\System32\kernel.appcore.dll
0x00007ffbe40a0000 - 0x00007ffbe4149000 	C:\WINDOWS\System32\shcore.dll
0x00007ffbe3190000 - 0x00007ffbe31a4000 	C:\WINDOWS\System32\profapi.dll

VM Arguments:
jvm_args: -Djava.awt.headless=true -Xmx1024M -Dfile.encoding=windows-1255 -Duser.country=US -Duser.language=en -Duser.variant 
java_command: com.android.dx.command.Main --dex --num-threads=4 --output C:\Users\zeevi\AndroidStudioProjects\androidStart\app\build\intermediates\pre-dexed\debug\com.android.support-support-v4-23.2.1_a8395af35ae91149f31cac35c77a8ad0e8c65aa4.jar C:\Users\zeevi\AndroidStudioProjects\androidStart\app\build\intermediates\exploded-aar\com.android.support\support-v4\23.2.1\jars\classes.jar
java_class_path (initial): C:\Users\zeevi\AppData\Local\Android\sdk\build-tools\23.0.3\lib\dx.jar
Launcher Type: SUN_STANDARD

Environment Variables:
PATH=C:\Program Files (x86)\PHP\v5.6;C:\Program Files (x86)\NVIDIA Corporation\PhysX\Common;C:\Program Files (x86)\Intel\iCLS Client\;C:\Program Files\Intel\iCLS Client\;C:\Windows\system32;C:\Windows;C:\Windows\System32\Wbem;C:\Windows\System32\WindowsPowerShell\v1.0\;C:\Program Files\Intel\Intel(R) Management Engine Components\DAL;C:\Program Files\Intel\Intel(R) Management Engine Components\IPT;C:\Program Files (x86)\Intel\Intel(R) Management Engine Components\DAL;C:\Program Files (x86)\Intel\Intel(R) Management Engine Components\IPT;C:\Program Files (x86)\Microsoft SQL Server\100\Tools\Binn\;C:\Program Files\Microsoft SQL Server\100\Tools\Binn\;C:\Program Files\Microsoft SQL Server\100\DTS\Binn\;C:\Program Files (x86)\OpenVPN\bin;C:\WINDOWS\system32;C:\WINDOWS;C:\WINDOWS\System32\Wbem;C:\WINDOWS\System32\WindowsPowerShell\v1.0\;C:\Program Files (x86)\Common Files\Acronis\SnapAPI\;C:\Program Files (x86)\Skype\Phone\;C:\Program Files\Microsoft SQL Server\130\Tools\Binn\;C:\Program Files (x86)\Windows Kits\10\Windows Performance Toolkit\;C:\Program Files\Git\cmd;C:\Program Files\nodejs\;C:\Users\zeevi\AppData\Local\Microsoft\WindowsApps;
USERNAME=zeevi
OS=Windows_NT
PROCESSOR_IDENTIFIER=Intel64 Family 6 Model 69 Stepping 1, GenuineIntel



---------------  S Y S T E M  ---------------

OS: Windows 10.0 , 64 bit Build 14393 (10.0.14393.0)

CPU:total 4 (2 cores per cpu, 2 threads per core) family 6 model 69 stepping 1, cmov, cx8, fxsr, mmx, sse, sse2, sse3, ssse3, sse4.1, sse4.2, popcnt, avx, avx2, aes, clmul, erms, lzcnt, ht, tsc, tscinvbit, bmi1, bmi2

Memory: 4k page, physical 12463556k(2889000k free), swap 13487556k(4168k free)

vm_info: OpenJDK 64-Bit Server VM (25.76-b03) for windows-amd64 JRE (1.8.0_76-release-b03), built on Jun 29 2016 19:09:20 by "ralucas" with MS VC++ 10.0 (VS2010)

time: Fri Dec 09 23:14:37 2016
elapsed time: 26 seconds (0d 0h 0m 26s)

