#
# There is insufficient memory for the Java Runtime Environment to continue.
# Native memory allocation (malloc) failed to allocate 32744 bytes for ChunkPool::allocate
# Possible reasons:
#   The system is out of physical RAM or swap space
#   In 32 bit mode, the process size limit was hit
# Possible solutions:
#   Reduce memory load on the system
#   Increase physical memory or swap space
#   Check if swap backing store is full
#   Use 64 bit Java on a 64 bit OS
#   Decrease Java heap size (-Xmx/-Xms)
#   Decrease number of Java threads
#   Decrease Java thread stack sizes (-Xss)
#   Set larger code cache with -XX:ReservedCodeCacheSize=
# This output file may be truncated or incomplete.
#
#  Out of Memory Error (allocation.cpp:273), pid=16676, tid=0x00000000000026f8
#
# JRE version: OpenJDK Runtime Environment (8.0_76-b03) (build 1.8.0_76-release-b03)
# Java VM: OpenJDK 64-Bit Server VM (25.76-b03 mixed mode windows-amd64 compressed oops)
# Failed to write core dump. Minidumps are not enabled by default on client versions of Windows
#

---------------  T H R E A D  ---------------

Current thread (0x00000000194aa800):  JavaThread "C2 CompilerThread0" daemon [_thread_in_native, id=9976, stack(0x000000001aab0000,0x000000001abb0000)]

Stack: [0x000000001aab0000,0x000000001abb0000]
[error occurred during error reporting (printing stack bounds), id 0xc0000005]

Native frames: (J=compiled Java code, j=interpreted, Vv=VM code, C=native code)


Current CompileTask:
C2:    894  470       4       com.android.multidex.ClassReferenceListBuilder::checkDescriptor (97 bytes)


---------------  P R O C E S S  ---------------

Java Threads: ( => current thread )
  0x000000001ae19000 JavaThread "Service Thread" daemon [_thread_blocked, id=14324, stack(0x000000001b1b0000,0x000000001b2b0000)]
  0x00000000194bd000 JavaThread "C1 CompilerThread2" daemon [_thread_blocked, id=11512, stack(0x000000001acb0000,0x000000001adb0000)]
  0x00000000194ae000 JavaThread "C2 CompilerThread1" daemon [_thread_in_native, id=10328, stack(0x000000001abb0000,0x000000001acb0000)]
=>0x00000000194aa800 JavaThread "C2 CompilerThread0" daemon [_thread_in_native, id=9976, stack(0x000000001aab0000,0x000000001abb0000)]
  0x00000000194a9800 JavaThread "Attach Listener" daemon [_thread_blocked, id=15312, stack(0x000000001a9b0000,0x000000001aab0000)]
  0x00000000194a6800 JavaThread "Signal Dispatcher" daemon [_thread_blocked, id=15740, stack(0x000000001a8b0000,0x000000001a9b0000)]
  0x0000000019448800 JavaThread "Finalizer" daemon [_thread_blocked, id=17312, stack(0x000000001a6c0000,0x000000001a7c0000)]
  0x00000000023d0800 JavaThread "Reference Handler" daemon [_thread_blocked, id=8272, stack(0x000000001a5c0000,0x000000001a6c0000)]
  0x0000000000a9d800 JavaThread "main" [_thread_in_Java, id=13776, stack(0x00000000021e0000,0x00000000022e0000)]

Other Threads:
  0x0000000019425000 VMThread [stack: 0x000000001a4c0000,0x000000001a5c0000] [id=1840]
  0x000000001ae1b000 WatcherThread [stack: 0x000000001b2b0000,0x000000001b3b0000] [id=16512]

VM state:not at safepoint (normal execution)

VM Mutex/Monitor currently owned by a thread: None

Heap:
 PSYoungGen      total 57344K, used 30823K [0x0000000780980000, 0x0000000784980000, 0x00000007c0000000)
  eden space 49152K, 46% used [0x0000000780980000,0x0000000781fa1930,0x0000000783980000)
  from space 8192K, 99% used [0x0000000784180000,0x00000007849786b8,0x0000000784980000)
  to   space 8192K, 0% used [0x0000000783980000,0x0000000783980000,0x0000000784180000)
 ParOldGen       total 131072K, used 3926K [0x0000000701c00000, 0x0000000709c00000, 0x0000000780980000)
  object space 131072K, 2% used [0x0000000701c00000,0x0000000701fd5b08,0x0000000709c00000)
 Metaspace       used 3709K, capacity 5144K, committed 5376K, reserved 1056768K
  class space    used 383K, capacity 456K, committed 512K, reserved 1048576K

Card table byte_map: [0x00000000117a0000,0x0000000011da0000] byte_map_base: 0x000000000df92000

Marking Bits: (ParMarkBitMap*) 0x00000000770a9d00
 Begin Bits: [0x00000000125a0000, 0x0000000015530000)
 End Bits:   [0x0000000015530000, 0x00000000184c0000)

Polling page: 0x0000000000880000

CodeCache: size=245760Kb used=3160Kb max_used=3160Kb free=242599Kb
 bounds [0x00000000023e0000, 0x0000000002700000, 0x00000000113e0000]
 total_blobs=785 nmethods=538 adapters=161
 compilation: enabled

Compilation events (10 events):
Event: 0.732 Thread 0x00000000194bd000  548       2       com.android.dx.cf.direct.StdAttributeFactory::runtimeVisibleAnnotations (44 bytes)
Event: 0.732 Thread 0x00000000194bd000 nmethod 548 0x00000000026e9010 code [0x00000000026e91a0, 0x00000000026e9518]
Event: 0.803 Thread 0x00000000194bd000  549       1       com.android.dx.cf.attrib.BaseAnnotations::byteLength (8 bytes)
Event: 0.804 Thread 0x00000000194bd000 nmethod 549 0x00000000026e8d50 code [0x00000000026e8ea0, 0x00000000026e8fb0]
Event: 0.811 Thread 0x00000000194bd000  550 %     3       java.util.HashMap::resize @ 154 (359 bytes)
Event: 0.812 Thread 0x00000000194bd000 nmethod 550% 0x00000000026e6ed0 code [0x00000000026e7140, 0x00000000026e8468]
Event: 0.812 Thread 0x00000000194bd000  551       2       com.android.dx.rop.cst.CstLong::make (9 bytes)
Event: 0.812 Thread 0x00000000194bd000 nmethod 551 0x00000000026e6b50 code [0x00000000026e6ca0, 0x00000000026e6e30]
Event: 0.812 Thread 0x00000000194bd000  552       2       com.android.dx.rop.cst.CstLong::<init> (6 bytes)
Event: 0.812 Thread 0x00000000194bd000 nmethod 552 0x00000000026e6810 code [0x00000000026e6960, 0x00000000026e6ab0]

GC Heap History (4 events):
Event: 0.475 GC heap before
{Heap before GC invocations=1 (full 0):
 PSYoungGen      total 57344K, used 49152K [0x0000000780980000, 0x0000000784980000, 0x00000007c0000000)
  eden space 49152K, 100% used [0x0000000780980000,0x0000000783980000,0x0000000783980000)
  from space 8192K, 0% used [0x0000000784180000,0x0000000784180000,0x0000000784980000)
  to   space 8192K, 0% used [0x0000000783980000,0x0000000783980000,0x0000000784180000)
 ParOldGen       total 131072K, used 0K [0x0000000701c00000, 0x0000000709c00000, 0x0000000780980000)
  object space 131072K, 0% used [0x0000000701c00000,0x0000000701c00000,0x0000000709c00000)
 Metaspace       used 3684K, capacity 5144K, committed 5376K, reserved 1056768K
  class space    used 383K, capacity 456K, committed 512K, reserved 1048576K
Event: 0.482 GC heap after
Heap after GC invocations=1 (full 0):
 PSYoungGen      total 57344K, used 6615K [0x0000000780980000, 0x0000000784980000, 0x00000007c0000000)
  eden space 49152K, 0% used [0x0000000780980000,0x0000000780980000,0x0000000783980000)
  from space 8192K, 80% used [0x0000000783980000,0x0000000783ff5ee8,0x0000000784180000)
  to   space 8192K, 0% used [0x0000000784180000,0x0000000784180000,0x0000000784980000)
 ParOldGen       total 131072K, used 8K [0x0000000701c00000, 0x0000000709c00000, 0x0000000780980000)
  object space 131072K, 0% used [0x0000000701c00000,0x0000000701c02000,0x0000000709c00000)
 Metaspace       used 3684K, capacity 5144K, committed 5376K, reserved 1056768K
  class space    used 383K, capacity 456K, committed 512K, reserved 1048576K
}
Event: 0.737 GC heap before
{Heap before GC invocations=2 (full 0):
 PSYoungGen      total 57344K, used 55767K [0x0000000780980000, 0x0000000784980000, 0x00000007c0000000)
  eden space 49152K, 100% used [0x0000000780980000,0x0000000783980000,0x0000000783980000)
  from space 8192K, 80% used [0x0000000783980000,0x0000000783ff5ee8,0x0000000784180000)
  to   space 8192K, 0% used [0x0000000784180000,0x0000000784180000,0x0000000784980000)
 ParOldGen       total 131072K, used 8K [0x0000000701c00000, 0x0000000709c00000, 0x0000000780980000)
  object space 131072K, 0% used [0x0000000701c00000,0x0000000701c02000,0x0000000709c00000)
 Metaspace       used 3709K, capacity 5144K, committed 5376K, reserved 1056768K
  class space    used 383K, capacity 456K, committed 512K, reserved 1048576K
Event: 0.758 GC heap after
Heap after GC invocations=2 (full 0):
 PSYoungGen      total 57344K, used 8161K [0x0000000780980000, 0x0000000784980000, 0x00000007c0000000)
  eden space 49152K, 0% used [0x0000000780980000,0x0000000780980000,0x0000000783980000)
  from space 8192K, 99% used [0x0000000784180000,0x00000007849786b8,0x0000000784980000)
  to   space 8192K, 0% used [0x0000000783980000,0x0000000783980000,0x0000000784180000)
 ParOldGen       total 131072K, used 3926K [0x0000000701c00000, 0x0000000709c00000, 0x0000000780980000)
  object space 131072K, 2% used [0x0000000701c00000,0x0000000701fd5b08,0x0000000709c00000)
 Metaspace       used 3709K, capacity 5144K, committed 5376K, reserved 1056768K
  class space    used 383K, capacity 456K, committed 512K, reserved 1048576K
}

Deoptimization events (2 events):
Event: 0.274 Thread 0x0000000000a9d800 Uncommon trap: reason=unloaded action=reinterpret pc=0x00000000025f3778 method=com.android.dx.cf.cst.ConstantPoolParser.parse0(ILjava/util/BitSet;)Lcom/android/dx/rop/cst/Constant; @ 176
Event: 0.450 Thread 0x0000000000a9d800 Uncommon trap: reason=unstable_if action=reinterpret pc=0x00000000026a3594 method=com.android.dx.cf.direct.StdAttributeFactory.parse0(Lcom/android/dx/cf/direct/DirectClassFile;ILjava/lang/String;IILcom/android/dx/cf/iface/ParseObserver;)Lcom/android/dx/cf/

Internal exceptions (2 events):
Event: 0.023 Thread 0x0000000000a9d800 Exception <a 'java/lang/NoSuchMethodError': Method sun.misc.Unsafe.defineClass(Ljava/lang/String;[BII)Ljava/lang/Class; name or signature does not match> (0x0000000780987cc0) thrown at [C:\src\android\AOSP-openjdk\external\jetbrains\jdk\hotspot\src\share\v ž—:§—?
Event: 0.023 Thread 0x0000000000a9d800 Exception <a 'java/lang/NoSuchMethodError': Method sun.misc.Unsafe.prefetchRead(Ljava/lang/Object;J)V name or signature does not match> (0x0000000780987fa8) thrown at [C:\src\android\AOSP-openjdk\external\jetbrains\jdk\hotspot\src\share\vm\prims\jni.cpp, l

Events (10 events):
Event: 0.827 Thread 0x0000000000a9d800 DEOPT PACKING pc=0x00000000025ddc13 sp=0x00000000022df010
Event: 0.827 Thread 0x0000000000a9d800 DEOPT UNPACKING pc=0x00000000024275bf sp=0x00000000022dee20 mode 0
Event: 0.841 Thread 0x0000000000a9d800 DEOPT PACKING pc=0x00000000025d74d4 sp=0x00000000022def10
Event: 0.841 Thread 0x0000000000a9d800 DEOPT UNPACKING pc=0x00000000024275bf sp=0x00000000022decd0 mode 0
Event: 0.842 Thread 0x0000000000a9d800 DEOPT PACKING pc=0x00000000025ddc13 sp=0x00000000022df010
Event: 0.842 Thread 0x0000000000a9d800 DEOPT UNPACKING pc=0x00000000024275bf sp=0x00000000022dee20 mode 0
Event: 0.890 Thread 0x0000000000a9d800 DEOPT PACKING pc=0x00000000025d74d4 sp=0x00000000022def10
Event: 0.890 Thread 0x0000000000a9d800 DEOPT UNPACKING pc=0x00000000024275bf sp=0x00000000022decd0 mode 0
Event: 0.890 Thread 0x0000000000a9d800 DEOPT PACKING pc=0x00000000025ddc13 sp=0x00000000022df010
Event: 0.890 Thread 0x0000000000a9d800 DEOPT UNPACKING pc=0x00000000024275bf sp=0x00000000022dee20 mode 0


Dynamic libraries:
0x00007ff7f10f0000 - 0x00007ff7f1121000 	C:\Program Files\Android\Android Studio\jre\bin\java.exe
0x00007ffd00e60000 - 0x00007ffd01031000 	C:\WINDOWS\SYSTEM32\ntdll.dll
0x00007ffcfe420000 - 0x00007ffcfe4cb000 	C:\WINDOWS\System32\KERNEL32.DLL
0x00007ffce1950000 - 0x00007ffce19a4000 	C:\Program Files (x86)\AVG\Av\avghooka.dll
0x00007ffcfd7e0000 - 0x00007ffcfd9fd000 	C:\WINDOWS\System32\KERNELBASE.dll
0x00007ffcffba0000 - 0x00007ffcffc42000 	C:\WINDOWS\System32\ADVAPI32.dll
0x00007ffd001f0000 - 0x00007ffd0028e000 	C:\WINDOWS\System32\msvcrt.dll
0x00007ffd00e00000 - 0x00007ffd00e59000 	C:\WINDOWS\System32\sechost.dll
0x00007ffcffd50000 - 0x00007ffcffe71000 	C:\WINDOWS\System32\RPCRT4.dll
0x00007ffd00290000 - 0x00007ffd003f5000 	C:\WINDOWS\System32\USER32.dll
0x00007ffcfe3d0000 - 0x00007ffcfe3ee000 	C:\WINDOWS\System32\win32u.dll
0x00007ffcffe80000 - 0x00007ffcffeb4000 	C:\WINDOWS\System32\GDI32.dll
0x00007ffcfda00000 - 0x00007ffcfdb82000 	C:\WINDOWS\System32\gdi32full.dll
0x00007ffcf5240000 - 0x00007ffcf54b9000 	C:\WINDOWS\WinSxS\amd64_microsoft.windows.common-controls_6595b64144ccf1df_6.0.14393.447_none_42191651c6827bb3\COMCTL32.dll
0x00007ffd00480000 - 0x00007ffd00748000 	C:\WINDOWS\System32\combase.dll
0x00007ffcfd630000 - 0x00007ffcfd725000 	C:\WINDOWS\System32\ucrtbase.dll
0x00007ffcfd350000 - 0x00007ffcfd3ba000 	C:\WINDOWS\System32\bcryptPrimitives.dll
0x00007ffcfe3f0000 - 0x00007ffcfe41e000 	C:\WINDOWS\System32\IMM32.DLL
0x0000000077b70000 - 0x0000000077c42000 	C:\Program Files\Android\Android Studio\jre\jre\bin\msvcr100.dll
0x00000000768f0000 - 0x0000000077124000 	C:\Program Files\Android\Android Studio\jre\jre\bin\server\jvm.dll
0x00007ffd00080000 - 0x00007ffd00088000 	C:\WINDOWS\System32\PSAPI.DLL
0x00007ffcee2b0000 - 0x00007ffcee2b9000 	C:\WINDOWS\SYSTEM32\WSOCK32.dll
0x00007ffcffec0000 - 0x00007ffcfff2a000 	C:\WINDOWS\System32\WS2_32.dll
0x00007ffcfb040000 - 0x00007ffcfb063000 	C:\WINDOWS\SYSTEM32\WINMM.dll
0x00007ffcfa310000 - 0x00007ffcfa31a000 	C:\WINDOWS\SYSTEM32\VERSION.dll
0x00007ffcfb010000 - 0x00007ffcfb03b000 	C:\WINDOWS\SYSTEM32\WINMMBASE.dll
0x00007ffcfdb90000 - 0x00007ffcfdbd2000 	C:\WINDOWS\System32\cfgmgr32.dll
0x00007ffcfa580000 - 0x00007ffcfa58f000 	C:\Program Files\Android\Android Studio\jre\jre\bin\verify.dll
0x00007ffce00c0000 - 0x00007ffce00e9000 	C:\Program Files\Android\Android Studio\jre\jre\bin\java.dll
0x00007ffce47c0000 - 0x00007ffce47d6000 	C:\Program Files\Android\Android Studio\jre\jre\bin\zip.dll
0x00007ffcfe4d0000 - 0x00007ffcff9d9000 	C:\WINDOWS\System32\SHELL32.dll
0x00007ffcfdbe0000 - 0x00007ffcfe2ba000 	C:\WINDOWS\System32\windows.storage.dll
0x00007ffcfd2f0000 - 0x00007ffcfd33c000 	C:\WINDOWS\System32\powrprof.dll
0x00007ffcffa80000 - 0x00007ffcffad2000 	C:\WINDOWS\System32\shlwapi.dll
0x00007ffcfd2e0000 - 0x00007ffcfd2ef000 	C:\WINDOWS\System32\kernel.appcore.dll
0x00007ffcfd730000 - 0x00007ffcfd7d9000 	C:\WINDOWS\System32\shcore.dll
0x00007ffcfd2c0000 - 0x00007ffcfd2d4000 	C:\WINDOWS\System32\profapi.dll

VM Arguments:
jvm_args: -Djava.awt.headless=true -Dfile.encoding=windows-1255 -Duser.country=US -Duser.language=en -Duser.variant 
java_command: com.android.multidex.ClassReferenceListBuilder C:\Users\zeevi\AndroidStudioProjects\androidStart\app\build\intermediates\multi-dex\debug\componentClasses.jar C:\Users\zeevi\AndroidStudioProjects\androidStart\app\build\intermediates\transforms\jarMerging\debug\jars\1\1f\combined.jar
java_class_path (initial): C:\Users\zeevi\AppData\Local\Android\sdk\build-tools\23.0.3\lib\dx.jar
Launcher Type: SUN_STANDARD

Environment Variables:
PATH=C:\Program Files (x86)\PHP\v5.6;C:\Program Files (x86)\NVIDIA Corporation\PhysX\Common;C:\Program Files (x86)\Intel\iCLS Client\;C:\Program Files\Intel\iCLS Client\;C:\Windows\system32;C:\Windows;C:\Windows\System32\Wbem;C:\Windows\System32\WindowsPowerShell\v1.0\;C:\Program Files\Intel\Intel(R) Management Engine Components\DAL;C:\Program Files\Intel\Intel(R) Management Engine Components\IPT;C:\Program Files (x86)\Intel\Intel(R) Management Engine Components\DAL;C:\Program Files (x86)\Intel\Intel(R) Management Engine Components\IPT;C:\Program Files (x86)\Microsoft SQL Server\100\Tools\Binn\;C:\Program Files\Microsoft SQL Server\100\Tools\Binn\;C:\Program Files\Microsoft SQL Server\100\DTS\Binn\;C:\Program Files (x86)\OpenVPN\bin;C:\WINDOWS\system32;C:\WINDOWS;C:\WINDOWS\System32\Wbem;C:\WINDOWS\System32\WindowsPowerShell\v1.0\;C:\Program Files (x86)\Common Files\Acronis\SnapAPI\;C:\Program Files (x86)\Skype\Phone\;C:\Program Files\Microsoft SQL Server\130\Tools\Binn\;C:\Program Files (x86)\Windows Kits\10\Windows Performance Toolkit\;C:\Program Files\Git\cmd;C:\Program Files\nodejs\;C:\Users\zeevi\AppData\Local\Microsoft\WindowsApps;
USERNAME=zeevi
OS=Windows_NT
PROCESSOR_IDENTIFIER=Intel64 Family 6 Model 69 Stepping 1, GenuineIntel



---------------  S Y S T E M  ---------------

OS: Windows 10.0 , 64 bit Build 14393 (10.0.14393.0)

CPU:total 4 (2 cores per cpu, 2 threads per core) family 6 model 69 stepping 1, cmov, cx8, fxsr, mmx, sse, sse2, sse3, ssse3, sse4.1, sse4.2, popcnt, avx, avx2, aes, clmul, erms, lzcnt, ht, tsc, tscinvbit, bmi1, bmi2

Memory: 4k page, physical 12463556k(3450404k free), swap 13487556k(4096k free)

vm_info: OpenJDK 64-Bit Server VM (25.76-b03) for windows-amd64 JRE (1.8.0_76-release-b03), built on Jun 29 2016 19:09:20 by "ralucas" with MS VC++ 10.0 (VS2010)

time: Mon Jan 16 12:38:53 2017
elapsed time: 0 seconds (0d 0h 0m 0s)

