#
# There is insufficient memory for the Java Runtime Environment to continue.
# Native memory allocation (malloc) failed to allocate 1245136 bytes for Chunk::new
# Possible reasons:
#   The system is out of physical RAM or swap space
#   In 32 bit mode, the process size limit was hit
# Possible solutions:
#   Reduce memory load on the system
#   Increase physical memory or swap space
#   Check if swap backing store is full
#   Use 64 bit Java on a 64 bit OS
#   Decrease Java heap size (-Xmx/-Xms)
#   Decrease number of Java threads
#   Decrease Java thread stack sizes (-Xss)
#   Set larger code cache with -XX:ReservedCodeCacheSize=
# This output file may be truncated or incomplete.
#
#  Out of Memory Error (allocation.cpp:390), pid=5920, tid=0x0000000000003004
#
# JRE version: OpenJDK Runtime Environment (8.0_76-b03) (build 1.8.0_76-release-b03)
# Java VM: OpenJDK 64-Bit Server VM (25.76-b03 mixed mode windows-amd64 compressed oops)
# Failed to write core dump. Minidumps are not enabled by default on client versions of Windows
#

---------------  T H R E A D  ---------------

Current thread (0x00000000191fc800):  JavaThread "C2 CompilerThread1" daemon [_thread_in_native, id=12292, stack(0x000000001a900000,0x000000001aa00000)]

Stack: [0x000000001a900000,0x000000001aa00000]
[error occurred during error reporting (printing stack bounds), id 0xc0000005]

Native frames: (J=compiled Java code, j=interpreted, Vv=VM code, C=native code)


Current CompileTask:
C2:   1515  596  s!   4       com.android.multidex.Path::getClass (144 bytes)


---------------  P R O C E S S  ---------------

Java Threads: ( => current thread )
  0x000000001ab70800 JavaThread "Service Thread" daemon [_thread_blocked, id=11568, stack(0x000000001af00000,0x000000001b000000)]
  0x0000000019203800 JavaThread "C1 CompilerThread2" daemon [_thread_blocked, id=10688, stack(0x000000001aa00000,0x000000001ab00000)]
=>0x00000000191fc800 JavaThread "C2 CompilerThread1" daemon [_thread_in_native, id=12292, stack(0x000000001a900000,0x000000001aa00000)]
  0x00000000191f9000 JavaThread "C2 CompilerThread0" daemon [_thread_in_native, id=2488, stack(0x000000001a800000,0x000000001a900000)]
  0x00000000191f7800 JavaThread "Attach Listener" daemon [_thread_blocked, id=4276, stack(0x000000001a700000,0x000000001a800000)]
  0x00000000191f6800 JavaThread "Signal Dispatcher" daemon [_thread_blocked, id=10320, stack(0x000000001a600000,0x000000001a700000)]
  0x0000000019198800 JavaThread "Finalizer" daemon [_thread_blocked, id=9420, stack(0x000000001a410000,0x000000001a510000)]
  0x0000000002041000 JavaThread "Reference Handler" daemon [_thread_blocked, id=4852, stack(0x000000001a310000,0x000000001a410000)]
  0x000000000212d800 JavaThread "main" [_thread_in_Java, id=14508, stack(0x0000000001da0000,0x0000000001ea0000)]

Other Threads:
  0x0000000019175000 VMThread [stack: 0x000000001a210000,0x000000001a310000] [id=9536]
  0x000000001ab72800 WatcherThread [stack: 0x000000001b000000,0x000000001b100000] [id=10552]

VM state:not at safepoint (normal execution)

VM Mutex/Monitor currently owned by a thread: None

Heap:
 PSYoungGen      total 106496K, used 23908K [0x0000000780980000, 0x000000078d980000, 0x00000007c0000000)
  eden space 98304K, 15% used [0x0000000780980000,0x00000007818dc1d0,0x0000000786980000)
  from space 8192K, 99% used [0x0000000786980000,0x000000078717d040,0x0000000787180000)
  to   space 8192K, 0% used [0x000000078d180000,0x000000078d180000,0x000000078d980000)
 ParOldGen       total 131072K, used 16820K [0x0000000701c00000, 0x0000000709c00000, 0x0000000780980000)
  object space 131072K, 12% used [0x0000000701c00000,0x0000000702c6d0e8,0x0000000709c00000)
 Metaspace       used 3715K, capacity 5144K, committed 5376K, reserved 1056768K
  class space    used 383K, capacity 456K, committed 512K, reserved 1048576K

Card table byte_map: [0x00000000114f0000,0x0000000011af0000] byte_map_base: 0x000000000dce2000

Marking Bits: (ParMarkBitMap*) 0x0000000065669d00
 Begin Bits: [0x00000000122f0000, 0x0000000015280000)
 End Bits:   [0x0000000015280000, 0x0000000018210000)

Polling page: 0x0000000000470000

CodeCache: size=245760Kb used=3504Kb max_used=3522Kb free=242255Kb
 bounds [0x0000000002130000, 0x00000000024b0000, 0x0000000011130000]
 total_blobs=834 nmethods=587 adapters=161
 compilation: enabled

Compilation events (10 events):
Event: 1.252 Thread 0x00000000191fc800 nmethod 581 0x0000000002458310 code [0x0000000002458440, 0x00000000024584d8]
Event: 1.252 Thread 0x00000000191fc800  589   !   4       java.util.WeakHashMap::expungeStaleEntries (139 bytes)
Event: 1.253 Thread 0x00000000191fc800 nmethod 589 0x0000000002460550 code [0x0000000002460680, 0x0000000002460718]
Event: 1.253 Thread 0x00000000191fc800  592   !   4       java.util.zip.InflaterInputStream::read (138 bytes)
Event: 1.267 Thread 0x0000000019203800  599       3       com.android.dx.rop.type.Type::getArrayType (50 bytes)
Event: 1.268 Thread 0x0000000019203800 nmethod 599 0x00000000024766d0 code [0x00000000024768c0, 0x0000000002477368]
Event: 1.286 Thread 0x00000000191fc800 nmethod 592 0x000000000249f450 code [0x000000000249f660, 0x00000000024a1550]
Event: 1.287 Thread 0x00000000191fc800  596  s!   4       com.android.multidex.Path::getClass (144 bytes)
Event: 1.334 Thread 0x0000000019203800  603       3       com.android.dx.rop.annotation.Annotations::size (8 bytes)
Event: 1.334 Thread 0x0000000019203800 nmethod 603 0x00000000024601d0 code [0x0000000002460320, 0x0000000002460490]

GC Heap History (6 events):
Event: 0.540 GC heap before
{Heap before GC invocations=1 (full 0):
 PSYoungGen      total 57344K, used 49152K [0x0000000780980000, 0x0000000784980000, 0x00000007c0000000)
  eden space 49152K, 100% used [0x0000000780980000,0x0000000783980000,0x0000000783980000)
  from space 8192K, 0% used [0x0000000784180000,0x0000000784180000,0x0000000784980000)
  to   space 8192K, 0% used [0x0000000783980000,0x0000000783980000,0x0000000784180000)
 ParOldGen       total 131072K, used 0K [0x0000000701c00000, 0x0000000709c00000, 0x0000000780980000)
  object space 131072K, 0% used [0x0000000701c00000,0x0000000701c00000,0x0000000709c00000)
 Metaspace       used 3680K, capacity 5144K, committed 5376K, reserved 1056768K
  class space    used 380K, capacity 456K, committed 512K, reserved 1048576K
Event: 0.554 GC heap after
Heap after GC invocations=1 (full 0):
 PSYoungGen      total 57344K, used 6799K [0x0000000780980000, 0x0000000787980000, 0x00000007c0000000)
  eden space 49152K, 0% used [0x0000000780980000,0x0000000780980000,0x0000000783980000)
  from space 8192K, 82% used [0x0000000783980000,0x0000000784023c88,0x0000000784180000)
  to   space 8192K, 0% used [0x0000000787180000,0x0000000787180000,0x0000000787980000)
 ParOldGen       total 131072K, used 8K [0x0000000701c00000, 0x0000000709c00000, 0x0000000780980000)
  object space 131072K, 0% used [0x0000000701c00000,0x0000000701c02000,0x0000000709c00000)
 Metaspace       used 3680K, capacity 5144K, committed 5376K, reserved 1056768K
  class space    used 380K, capacity 456K, committed 512K, reserved 1048576K
}
Event: 0.856 GC heap before
{Heap before GC invocations=2 (full 0):
 PSYoungGen      total 57344K, used 55951K [0x0000000780980000, 0x0000000787980000, 0x00000007c0000000)
  eden space 49152K, 100% used [0x0000000780980000,0x0000000783980000,0x0000000783980000)
  from space 8192K, 82% used [0x0000000783980000,0x0000000784023c88,0x0000000784180000)
  to   space 8192K, 0% used [0x0000000787180000,0x0000000787180000,0x0000000787980000)
 ParOldGen       total 131072K, used 8K [0x0000000701c00000, 0x0000000709c00000, 0x0000000780980000)
  object space 131072K, 0% used [0x0000000701c00000,0x0000000701c02000,0x0000000709c00000)
 Metaspace       used 3714K, capacity 5144K, committed 5376K, reserved 1056768K
  class space    used 383K, capacity 456K, committed 512K, reserved 1048576K
Event: 0.877 GC heap after
Heap after GC invocations=2 (full 0):
 PSYoungGen      total 106496K, used 8186K [0x0000000780980000, 0x0000000787980000, 0x00000007c0000000)
  eden space 98304K, 0% used [0x0000000780980000,0x0000000780980000,0x0000000786980000)
  from space 8192K, 99% used [0x0000000787180000,0x000000078797e910,0x0000000787980000)
  to   space 8192K, 0% used [0x0000000786980000,0x0000000786980000,0x0000000787180000)
 ParOldGen       total 131072K, used 2860K [0x0000000701c00000, 0x0000000709c00000, 0x0000000780980000)
  object space 131072K, 2% used [0x0000000701c00000,0x0000000701ecb300,0x0000000709c00000)
 Metaspace       used 3714K, capacity 5144K, committed 5376K, reserved 1056768K
  class space    used 383K, capacity 456K, committed 512K, reserved 1048576K
}
Event: 1.345 GC heap before
{Heap before GC invocations=3 (full 0):
 PSYoungGen      total 106496K, used 106490K [0x0000000780980000, 0x0000000787980000, 0x00000007c0000000)
  eden space 98304K, 100% used [0x0000000780980000,0x0000000786980000,0x0000000786980000)
  from space 8192K, 99% used [0x0000000787180000,0x000000078797e910,0x0000000787980000)
  to   space 8192K, 0% used [0x0000000786980000,0x0000000786980000,0x0000000787180000)
 ParOldGen       total 131072K, used 2860K [0x0000000701c00000, 0x0000000709c00000, 0x0000000780980000)
  object space 131072K, 2% used [0x0000000701c00000,0x0000000701ecb300,0x0000000709c00000)
 Metaspace       used 3715K, capacity 5144K, committed 5376K, reserved 1056768K
  class space    used 383K, capacity 456K, committed 512K, reserved 1048576K
Event: 1.386 GC heap after
Heap after GC invocations=3 (full 0):
 PSYoungGen      total 106496K, used 8180K [0x0000000780980000, 0x000000078d980000, 0x00000007c0000000)
  eden space 98304K, 0% used [0x0000000780980000,0x0000000780980000,0x0000000786980000)
  from space 8192K, 99% used [0x0000000786980000,0x000000078717d040,0x0000000787180000)
  to   space 8192K, 0% used [0x000000078d180000,0x000000078d180000,0x000000078d980000)
 ParOldGen       total 131072K, used 16820K [0x0000000701c00000, 0x0000000709c00000, 0x0000000780980000)
  object space 131072K, 12% used [0x0000000701c00000,0x0000000702c6d0e8,0x0000000709c00000)
 Metaspace       used 3715K, capacity 5144K, committed 5376K, reserved 1056768K
  class space    used 383K, capacity 456K, committed 512K, reserved 1048576K
}

Deoptimization events (5 events):
Event: 0.300 Thread 0x000000000212d800 Uncommon trap: reason=unstable_if action=reinterpret pc=0x00000000022aaf18 method=java.lang.String.<init>([CII)V @ 18
Event: 0.338 Thread 0x000000000212d800 Uncommon trap: reason=unstable_if action=reinterpret pc=0x00000000022e44ac method=java.lang.String.<init>([CII)V @ 18
Event: 0.349 Thread 0x000000000212d800 Uncommon trap: reason=unstable_if action=reinterpret pc=0x0000000002389d08 method=com.android.dx.cf.direct.StdAttributeFactory.parse0(Lcom/android/dx/cf/direct/DirectClassFile;ILjava/lang/String;IILcom/android/dx/cf/iface/ParseObserver;)Lcom/android/dx/cf/#Ù ŽM”ñ?
Event: 1.099 Thread 0x000000000212d800 Uncommon trap: reason=class_check action=maybe_recompile pc=0x0000000002444008 method=com.android.dx.cf.attrib.AttConstantValue.<init>(Lcom/android/dx/rop/cst/TypedConstant;)V @ 28
Event: 1.345 Thread 0x000000000212d800 Uncommon trap: reason=class_check action=maybe_recompile pc=0x0000000002444008 method=com.android.dx.cf.attrib.AttConstantValue.<init>(Lcom/android/dx/rop/cst/TypedConstant;)V @ 28

Internal exceptions (2 events):
Event: 0.039 Thread 0x000000000212d800 Exception <a 'java/lang/NoSuchMethodError': Method sun.misc.Unsafe.defineClass(Ljava/lang/String;[BII)Ljava/lang/Class; name or signature does not match> (0x0000000780987cc0) thrown at [C:\src\android\AOSP-openjdk\external\jetbrains\jdk\hotspot\src\share\v\½£À£?
Event: 0.039 Thread 0x000000000212d800 Exception <a 'java/lang/NoSuchMethodError': Method sun.misc.Unsafe.prefetchRead(Ljava/lang/Object;J)V name or signature does not match> (0x0000000780987fa8) thrown at [C:\src\android\AOSP-openjdk\external\jetbrains\jdk\hotspot\src\share\vm\prims\jni.cpp, l

Events (10 events):
Event: 0.856 Executing VM operation: ParallelGCFailedAllocation
Event: 0.878 Executing VM operation: ParallelGCFailedAllocation done
Event: 1.099 Thread 0x000000000212d800 Uncommon trap: trap_request=0xffffffde fr.pc=0x0000000002444008
Event: 1.099 Thread 0x000000000212d800 DEOPT PACKING pc=0x0000000002444008 sp=0x0000000001e9e770
Event: 1.099 Thread 0x000000000212d800 DEOPT UNPACKING pc=0x000000000217556a sp=0x0000000001e9e668 mode 2
Event: 1.345 Thread 0x000000000212d800 Uncommon trap: trap_request=0xffffffde fr.pc=0x0000000002444008
Event: 1.345 Thread 0x000000000212d800 DEOPT PACKING pc=0x0000000002444008 sp=0x0000000001e9e770
Event: 1.345 Thread 0x000000000212d800 DEOPT UNPACKING pc=0x000000000217556a sp=0x0000000001e9e668 mode 2
Event: 1.345 Executing VM operation: ParallelGCFailedAllocation
Event: 1.386 Executing VM operation: ParallelGCFailedAllocation done


Dynamic libraries:
0x00007ff70e7f0000 - 0x00007ff70e821000 	C:\Program Files\Android\Android Studio\jre\bin\java.exe
0x00007ff95cf80000 - 0x00007ff95d151000 	C:\WINDOWS\SYSTEM32\ntdll.dll
0x00007ff95ab70000 - 0x00007ff95ac1b000 	C:\WINDOWS\System32\KERNEL32.DLL
0x00007ff93de00000 - 0x00007ff93de54000 	C:\Program Files (x86)\AVG\Av\avghooka.dll
0x00007ff9597e0000 - 0x00007ff9599fd000 	C:\WINDOWS\System32\KERNELBASE.dll
0x00007ff95ce30000 - 0x00007ff95ced2000 	C:\WINDOWS\System32\ADVAPI32.dll
0x00007ff95cee0000 - 0x00007ff95cf7e000 	C:\WINDOWS\System32\msvcrt.dll
0x00007ff95ab10000 - 0x00007ff95ab69000 	C:\WINDOWS\System32\sechost.dll
0x00007ff95b250000 - 0x00007ff95b371000 	C:\WINDOWS\System32\RPCRT4.dll
0x00007ff95c9c0000 - 0x00007ff95cb25000 	C:\WINDOWS\System32\USER32.dll
0x00007ff959c80000 - 0x00007ff959c9e000 	C:\WINDOWS\System32\win32u.dll
0x00007ff95a7a0000 - 0x00007ff95a7d4000 	C:\WINDOWS\System32\GDI32.dll
0x00007ff959ca0000 - 0x00007ff959e22000 	C:\WINDOWS\System32\gdi32full.dll
0x00007ff9512f0000 - 0x00007ff951569000 	C:\WINDOWS\WinSxS\amd64_microsoft.windows.common-controls_6595b64144ccf1df_6.0.14393.447_none_42191651c6827bb3\COMCTL32.dll
0x00007ff95a7e0000 - 0x00007ff95aaa8000 	C:\WINDOWS\System32\combase.dll
0x00007ff9595d0000 - 0x00007ff9596c5000 	C:\WINDOWS\System32\ucrtbase.dll
0x00007ff9596d0000 - 0x00007ff95973a000 	C:\WINDOWS\System32\bcryptPrimitives.dll
0x00007ff95a740000 - 0x00007ff95a76e000 	C:\WINDOWS\System32\IMM32.DLL
0x0000000065950000 - 0x0000000065a22000 	C:\Program Files\Android\Android Studio\jre\jre\bin\msvcr100.dll
0x0000000064eb0000 - 0x00000000656e4000 	C:\Program Files\Android\Android Studio\jre\jre\bin\server\jvm.dll
0x00007ff95cc70000 - 0x00007ff95cc78000 	C:\WINDOWS\System32\PSAPI.DLL
0x00007ff94b420000 - 0x00007ff94b429000 	C:\WINDOWS\SYSTEM32\WSOCK32.dll
0x00007ff95b380000 - 0x00007ff95b3ea000 	C:\WINDOWS\System32\WS2_32.dll
0x00007ff957870000 - 0x00007ff957893000 	C:\WINDOWS\SYSTEM32\WINMM.dll
0x00007ff951bd0000 - 0x00007ff951bda000 	C:\WINDOWS\SYSTEM32\VERSION.dll
0x00007ff957810000 - 0x00007ff95783b000 	C:\WINDOWS\SYSTEM32\WINMMBASE.dll
0x00007ff959470000 - 0x00007ff9594b2000 	C:\WINDOWS\System32\cfgmgr32.dll
0x00007ff941620000 - 0x00007ff94162f000 	C:\Program Files\Android\Android Studio\jre\jre\bin\verify.dll
0x00007ff92a010000 - 0x00007ff92a039000 	C:\Program Files\Android\Android Studio\jre\jre\bin\java.dll
0x00007ff929ff0000 - 0x00007ff92a006000 	C:\Program Files\Android\Android Studio\jre\jre\bin\zip.dll
0x00007ff95b4b0000 - 0x00007ff95c9b9000 	C:\WINDOWS\System32\SHELL32.dll
0x00007ff959e30000 - 0x00007ff95a50a000 	C:\WINDOWS\System32\windows.storage.dll
0x00007ff959410000 - 0x00007ff95945c000 	C:\WINDOWS\System32\powrprof.dll
0x00007ff95a6e0000 - 0x00007ff95a732000 	C:\WINDOWS\System32\shlwapi.dll
0x00007ff959460000 - 0x00007ff95946f000 	C:\WINDOWS\System32\kernel.appcore.dll
0x00007ff9594c0000 - 0x00007ff959569000 	C:\WINDOWS\System32\shcore.dll
0x00007ff9593f0000 - 0x00007ff959404000 	C:\WINDOWS\System32\profapi.dll

VM Arguments:
jvm_args: -Djava.awt.headless=true -Dfile.encoding=windows-1255 -Duser.country=US -Duser.language=en -Duser.variant 
java_command: com.android.multidex.ClassReferenceListBuilder C:\Users\zeevi\AndroidStudioProjects\androidStart\app\build\intermediates\multi-dex\debug\componentClasses.jar C:\Users\zeevi\AndroidStudioProjects\androidStart\app\build\intermediates\transforms\jarMerging\debug\jars\1\1f\combined.jar
java_class_path (initial): C:\Users\zeevi\AppData\Local\Android\sdk\build-tools\23.0.3\lib\dx.jar
Launcher Type: SUN_STANDARD

Environment Variables:
PATH=C:\Program Files (x86)\PHP\v5.6;C:\Program Files (x86)\NVIDIA Corporation\PhysX\Common;C:\Program Files (x86)\Intel\iCLS Client\;C:\Program Files\Intel\iCLS Client\;C:\Windows\system32;C:\Windows;C:\Windows\System32\Wbem;C:\Windows\System32\WindowsPowerShell\v1.0\;C:\Program Files\Intel\Intel(R) Management Engine Components\DAL;C:\Program Files\Intel\Intel(R) Management Engine Components\IPT;C:\Program Files (x86)\Intel\Intel(R) Management Engine Components\DAL;C:\Program Files (x86)\Intel\Intel(R) Management Engine Components\IPT;C:\Program Files (x86)\Microsoft SQL Server\100\Tools\Binn\;C:\Program Files\Microsoft SQL Server\100\Tools\Binn\;C:\Program Files\Microsoft SQL Server\100\DTS\Binn\;C:\Program Files (x86)\OpenVPN\bin;C:\WINDOWS\system32;C:\WINDOWS;C:\WINDOWS\System32\Wbem;C:\WINDOWS\System32\WindowsPowerShell\v1.0\;C:\Program Files (x86)\Common Files\Acronis\SnapAPI\;C:\Program Files (x86)\Skype\Phone\;C:\Program Files\Microsoft SQL Server\130\Tools\Binn\;C:\Program Files (x86)\Windows Kits\10\Windows Performance Toolkit\;C:\Program Files\Git\cmd;C:\Program Files\nodejs\;C:\Users\zeevi\AppData\Local\Microsoft\WindowsApps;
USERNAME=zeevi
OS=Windows_NT
PROCESSOR_IDENTIFIER=Intel64 Family 6 Model 69 Stepping 1, GenuineIntel



---------------  S Y S T E M  ---------------

OS: Windows 10.0 , 64 bit Build 14393 (10.0.14393.0)

CPU:total 4 (2 cores per cpu, 2 threads per core) family 6 model 69 stepping 1, cmov, cx8, fxsr, mmx, sse, sse2, sse3, ssse3, sse4.1, sse4.2, popcnt, avx, avx2, aes, clmul, erms, lzcnt, ht, tsc, tscinvbit, bmi1, bmi2

Memory: 4k page, physical 12463556k(2595368k free), swap 13487556k(1156k free)

vm_info: OpenJDK 64-Bit Server VM (25.76-b03) for windows-amd64 JRE (1.8.0_76-release-b03), built on Jun 29 2016 19:09:20 by "ralucas" with MS VC++ 10.0 (VS2010)

time: Sun Feb 12 11:03:08 2017
elapsed time: 1 seconds (0d 0h 0m 1s)

