#
# There is insufficient memory for the Java Runtime Environment to continue.
# Native memory allocation (malloc) failed to allocate 1048576 bytes for AllocateHeap
# Possible reasons:
#   The system is out of physical RAM or swap space
#   In 32 bit mode, the process size limit was hit
# Possible solutions:
#   Reduce memory load on the system
#   Increase physical memory or swap space
#   Check if swap backing store is full
#   Use 64 bit Java on a 64 bit OS
#   Decrease Java heap size (-Xmx/-Xms)
#   Decrease number of Java threads
#   Decrease Java thread stack sizes (-Xss)
#   Set larger code cache with -XX:ReservedCodeCacheSize=
# This output file may be truncated or incomplete.
#
#  Out of Memory Error (memory/allocation.inline.hpp:61), pid=7868, tid=0x0000000000002e10
#
# JRE version:  (8.0_76-b03) (build )
# Java VM: OpenJDK 64-Bit Server VM (25.76-b03 mixed mode windows-amd64 compressed oops)
# Failed to write core dump. Minidumps are not enabled by default on client versions of Windows
#

---------------  T H R E A D  ---------------

Current thread (0x000000000287d800):  JavaThread "Unknown thread" [_thread_in_vm, id=11792, stack(0x0000000002720000,0x0000000002820000)]

Stack: [0x0000000002720000,0x0000000002820000]
[error occurred during error reporting (printing stack bounds), id 0xc0000005]

Native frames: (J=compiled Java code, j=interpreted, Vv=VM code, C=native code)


---------------  P R O C E S S  ---------------

Java Threads: ( => current thread )

Other Threads:

=>0x000000000287d800 (exited) JavaThread "Unknown thread" [_thread_in_vm, id=11792, stack(0x0000000002720000,0x0000000002820000)]

VM state:not at safepoint (normal execution)

VM Mutex/Monitor currently owned by a thread: None

Heap:
 PSYoungGen      total 57344K, used 983K [0x0000000780980000, 0x0000000784980000, 0x00000007c0000000)
  eden space 49152K, 2% used [0x0000000780980000,0x0000000780a75c38,0x0000000783980000)
  from space 8192K, 0% used [0x0000000784180000,0x0000000784180000,0x0000000784980000)
  to   space 8192K, 0% used [0x0000000783980000,0x0000000783980000,0x0000000784180000)
 ParOldGen       total 131072K, used 0K [0x0000000701c00000, 0x0000000709c00000, 0x0000000780980000)
  object space 131072K, 0% used [0x0000000701c00000,0x0000000701c00000,0x0000000709c00000)
 Metaspace       used 771K, capacity 4480K, committed 4480K, reserved 1056768K
  class space    used 73K, capacity 384K, committed 384K, reserved 1048576K

Card table byte_map: [0x0000000011d40000,0x0000000012340000] byte_map_base: 0x000000000e532000

Marking Bits: (ParMarkBitMap*) 0x00000000770a9d00
 Begin Bits: [0x0000000012b40000, 0x0000000015ad0000)
 End Bits:   [0x0000000015ad0000, 0x0000000018a60000)

Polling page: 0x00000000026e0000

CodeCache: size=245760Kb used=328Kb max_used=328Kb free=245431Kb
 bounds [0x0000000002980000, 0x0000000002bf0000, 0x0000000011980000]
 total_blobs=57 nmethods=0 adapters=38
 compilation: enabled

Compilation events (0 events):
No events

GC Heap History (0 events):
No events

Deoptimization events (0 events):
No events

Internal exceptions (0 events):
No events

Events (10 events):
Event: 0.031 loading class java/lang/Short
Event: 0.031 loading class java/lang/Short done
Event: 0.031 loading class java/lang/Integer
Event: 0.031 loading class java/lang/Integer done
Event: 0.031 loading class java/lang/Long
Event: 0.031 loading class java/lang/Long done
Event: 0.032 loading class java/lang/NullPointerException
Event: 0.032 loading class java/lang/NullPointerException done
Event: 0.032 loading class java/lang/ArithmeticException
Event: 0.032 loading class java/lang/ArithmeticException done


Dynamic libraries:
0x00007ff7f10f0000 - 0x00007ff7f1121000 	C:\Program Files\Android\Android Studio\jre\bin\java.exe
0x00007ffd00e60000 - 0x00007ffd01031000 	C:\WINDOWS\SYSTEM32\ntdll.dll
0x00007ffcfe420000 - 0x00007ffcfe4cb000 	C:\WINDOWS\System32\KERNEL32.DLL
0x00007ffce1950000 - 0x00007ffce19a4000 	C:\Program Files (x86)\AVG\Av\avghooka.dll
0x00007ffcfd7e0000 - 0x00007ffcfd9fd000 	C:\WINDOWS\System32\KERNELBASE.dll
0x00007ffcffba0000 - 0x00007ffcffc42000 	C:\WINDOWS\System32\ADVAPI32.dll
0x00007ffd001f0000 - 0x00007ffd0028e000 	C:\WINDOWS\System32\msvcrt.dll
0x00007ffd00e00000 - 0x00007ffd00e59000 	C:\WINDOWS\System32\sechost.dll
0x00007ffcffd50000 - 0x00007ffcffe71000 	C:\WINDOWS\System32\RPCRT4.dll
0x00007ffd00290000 - 0x00007ffd003f5000 	C:\WINDOWS\System32\USER32.dll
0x00007ffcfe3d0000 - 0x00007ffcfe3ee000 	C:\WINDOWS\System32\win32u.dll
0x00007ffcffe80000 - 0x00007ffcffeb4000 	C:\WINDOWS\System32\GDI32.dll
0x00007ffcfda00000 - 0x00007ffcfdb82000 	C:\WINDOWS\System32\gdi32full.dll
0x00007ffcf5240000 - 0x00007ffcf54b9000 	C:\WINDOWS\WinSxS\amd64_microsoft.windows.common-controls_6595b64144ccf1df_6.0.14393.447_none_42191651c6827bb3\COMCTL32.dll
0x00007ffd00480000 - 0x00007ffd00748000 	C:\WINDOWS\System32\combase.dll
0x00007ffcfd630000 - 0x00007ffcfd725000 	C:\WINDOWS\System32\ucrtbase.dll
0x00007ffcfd350000 - 0x00007ffcfd3ba000 	C:\WINDOWS\System32\bcryptPrimitives.dll
0x00007ffcfe3f0000 - 0x00007ffcfe41e000 	C:\WINDOWS\System32\IMM32.DLL
0x0000000077b70000 - 0x0000000077c42000 	C:\Program Files\Android\Android Studio\jre\jre\bin\msvcr100.dll
0x00000000768f0000 - 0x0000000077124000 	C:\Program Files\Android\Android Studio\jre\jre\bin\server\jvm.dll
0x00007ffd00080000 - 0x00007ffd00088000 	C:\WINDOWS\System32\PSAPI.DLL
0x00007ffcee2b0000 - 0x00007ffcee2b9000 	C:\WINDOWS\SYSTEM32\WSOCK32.dll
0x00007ffcffec0000 - 0x00007ffcfff2a000 	C:\WINDOWS\System32\WS2_32.dll
0x00007ffcfb040000 - 0x00007ffcfb063000 	C:\WINDOWS\SYSTEM32\WINMM.dll
0x00007ffcfa310000 - 0x00007ffcfa31a000 	C:\WINDOWS\SYSTEM32\VERSION.dll
0x00007ffcfb010000 - 0x00007ffcfb03b000 	C:\WINDOWS\SYSTEM32\WINMMBASE.dll
0x00007ffcfdb90000 - 0x00007ffcfdbd2000 	C:\WINDOWS\System32\cfgmgr32.dll
0x00007ffcfa580000 - 0x00007ffcfa58f000 	C:\Program Files\Android\Android Studio\jre\jre\bin\verify.dll
0x00007ffce00c0000 - 0x00007ffce00e9000 	C:\Program Files\Android\Android Studio\jre\jre\bin\java.dll
0x00007ffce47c0000 - 0x00007ffce47d6000 	C:\Program Files\Android\Android Studio\jre\jre\bin\zip.dll

VM Arguments:
jvm_args: -Djava.awt.headless=true -Dfile.encoding=windows-1255 -Duser.country=US -Duser.language=en -Duser.variant 
java_command: com.android.multidex.ClassReferenceListBuilder C:\Users\zeevi\AndroidStudioProjects\androidStart\app\build\intermediates\multi-dex\debug\componentClasses.jar C:\Users\zeevi\AndroidStudioProjects\androidStart\app\build\intermediates\transforms\jarMerging\debug\jars\1\1f\combined.jar
java_class_path (initial): C:\Users\zeevi\AppData\Local\Android\sdk\build-tools\23.0.3\lib\dx.jar
Launcher Type: SUN_STANDARD

Environment Variables:
PATH=C:\Program Files (x86)\PHP\v5.6;C:\Program Files (x86)\NVIDIA Corporation\PhysX\Common;C:\Program Files (x86)\Intel\iCLS Client\;C:\Program Files\Intel\iCLS Client\;C:\Windows\system32;C:\Windows;C:\Windows\System32\Wbem;C:\Windows\System32\WindowsPowerShell\v1.0\;C:\Program Files\Intel\Intel(R) Management Engine Components\DAL;C:\Program Files\Intel\Intel(R) Management Engine Components\IPT;C:\Program Files (x86)\Intel\Intel(R) Management Engine Components\DAL;C:\Program Files (x86)\Intel\Intel(R) Management Engine Components\IPT;C:\Program Files (x86)\Microsoft SQL Server\100\Tools\Binn\;C:\Program Files\Microsoft SQL Server\100\Tools\Binn\;C:\Program Files\Microsoft SQL Server\100\DTS\Binn\;C:\Program Files (x86)\OpenVPN\bin;C:\WINDOWS\system32;C:\WINDOWS;C:\WINDOWS\System32\Wbem;C:\WINDOWS\System32\WindowsPowerShell\v1.0\;C:\Program Files (x86)\Common Files\Acronis\SnapAPI\;C:\Program Files (x86)\Skype\Phone\;C:\Program Files\Microsoft SQL Server\130\Tools\Binn\;C:\Program Files (x86)\Windows Kits\10\Windows Performance Toolkit\;C:\Program Files\Git\cmd;C:\Program Files\nodejs\;C:\Users\zeevi\AppData\Local\Microsoft\WindowsApps;
USERNAME=zeevi
OS=Windows_NT
PROCESSOR_IDENTIFIER=Intel64 Family 6 Model 69 Stepping 1, GenuineIntel



---------------  S Y S T E M  ---------------

OS: Windows 10.0 , 64 bit Build 14393 (10.0.14393.0)

CPU:total 4 (2 cores per cpu, 2 threads per core) family 6 model 69 stepping 1, cmov, cx8, fxsr, mmx, sse, sse2, sse3, ssse3, sse4.1, sse4.2, popcnt, avx, avx2, aes, clmul, erms, lzcnt, ht, tsc, tscinvbit, bmi1, bmi2

Memory: 4k page, physical 12463556k(3082008k free), swap 13487556k(6064k free)

vm_info: OpenJDK 64-Bit Server VM (25.76-b03) for windows-amd64 JRE (1.8.0_76-release-b03), built on Jun 29 2016 19:09:20 by "ralucas" with MS VC++ 10.0 (VS2010)

time: Mon Jan 16 12:37:10 2017
elapsed time: 0 seconds (0d 0h 0m 0s)

