#
# There is insufficient memory for the Java Runtime Environment to continue.
# Native memory allocation (malloc) failed to allocate 638416 bytes for Chunk::new
# Possible reasons:
#   The system is out of physical RAM or swap space
#   In 32 bit mode, the process size limit was hit
# Possible solutions:
#   Reduce memory load on the system
#   Increase physical memory or swap space
#   Check if swap backing store is full
#   Use 64 bit Java on a 64 bit OS
#   Decrease Java heap size (-Xmx/-Xms)
#   Decrease number of Java threads
#   Decrease Java thread stack sizes (-Xss)
#   Set larger code cache with -XX:ReservedCodeCacheSize=
# This output file may be truncated or incomplete.
#
#  Out of Memory Error (allocation.cpp:390), pid=13856, tid=0x00000000000021f0
#
# JRE version: OpenJDK Runtime Environment (8.0_76-b03) (build 1.8.0_76-release-b03)
# Java VM: OpenJDK 64-Bit Server VM (25.76-b03 mixed mode windows-amd64 compressed oops)
# Failed to write core dump. Minidumps are not enabled by default on client versions of Windows
#

---------------  T H R E A D  ---------------

Current thread (0x0000000014e15000):  JavaThread "C2 CompilerThread0" daemon [_thread_in_native, id=8688, stack(0x0000000016460000,0x0000000016560000)]

Stack: [0x0000000016460000,0x0000000016560000]
[error occurred during error reporting (printing stack bounds), id 0xc0000005]

Native frames: (J=compiled Java code, j=interpreted, Vv=VM code, C=native code)


Current CompileTask:
C2:  13746 1739       4       com.android.dx.ssa.SsaConverter::placePhiFunctions (394 bytes)


---------------  P R O C E S S  ---------------

Java Threads: ( => current thread )
  0x0000000016984000 JavaThread "pool-1-thread-4" [_thread_blocked, id=9748, stack(0x0000000017160000,0x0000000017260000)]
  0x0000000016983000 JavaThread "pool-1-thread-3" [_thread_blocked, id=15476, stack(0x0000000017060000,0x0000000017160000)]
  0x0000000016967000 JavaThread "pool-1-thread-2" [_thread_blocked, id=15176, stack(0x0000000016f60000,0x0000000017060000)]
  0x0000000016966000 JavaThread "pool-2-thread-1" [_thread_blocked, id=12636, stack(0x0000000016e60000,0x0000000016f60000)]
  0x0000000016963000 JavaThread "pool-1-thread-1" [_thread_blocked, id=13092, stack(0x0000000016d60000,0x0000000016e60000)]
  0x00000000166b0000 JavaThread "Service Thread" daemon [_thread_blocked, id=15448, stack(0x0000000016b60000,0x0000000016c60000)]
  0x00000000166aa800 JavaThread "C1 CompilerThread2" daemon [_thread_blocked, id=15936, stack(0x0000000016a60000,0x0000000016b60000)]
  0x0000000014e18800 JavaThread "C2 CompilerThread1" daemon [_thread_in_native, id=10176, stack(0x0000000016560000,0x0000000016660000)]
=>0x0000000014e15000 JavaThread "C2 CompilerThread0" daemon [_thread_in_native, id=8688, stack(0x0000000016460000,0x0000000016560000)]
  0x0000000014e13800 JavaThread "Attach Listener" daemon [_thread_blocked, id=11728, stack(0x0000000016360000,0x0000000016460000)]
  0x0000000014e60800 JavaThread "Signal Dispatcher" daemon [_thread_blocked, id=14196, stack(0x0000000016260000,0x0000000016360000)]
  0x0000000014df8800 JavaThread "Finalizer" daemon [_thread_blocked, id=14984, stack(0x0000000016070000,0x0000000016170000)]
  0x0000000002730800 JavaThread "Reference Handler" daemon [_thread_blocked, id=8196, stack(0x0000000015f70000,0x0000000016070000)]
  0x00000000024fd800 JavaThread "main" [_thread_in_Java, id=6932, stack(0x0000000002540000,0x0000000002640000)]

Other Threads:
  0x0000000014dd5000 VMThread [stack: 0x0000000015e70000,0x0000000015f70000] [id=15160]
  0x00000000166b2000 WatcherThread [stack: 0x0000000016c60000,0x0000000016d60000] [id=4556]

VM state:not at safepoint (normal execution)

VM Mutex/Monitor currently owned by a thread: None

Heap:
 PSYoungGen      total 106496K, used 57206K [0x00000000eab00000, 0x00000000f1b00000, 0x0000000100000000)
  eden space 98304K, 49% used [0x00000000eab00000,0x00000000edade2d8,0x00000000f0b00000)
  from space 8192K, 99% used [0x00000000f1300000,0x00000000f1aff8f0,0x00000000f1b00000)
  to   space 8192K, 0% used [0x00000000f0b00000,0x00000000f0b00000,0x00000000f1300000)
 ParOldGen       total 131072K, used 5700K [0x00000000c0000000, 0x00000000c8000000, 0x00000000eab00000)
  object space 131072K, 4% used [0x00000000c0000000,0x00000000c0591110,0x00000000c8000000)
 Metaspace       used 6272K, capacity 7152K, committed 7296K, reserved 1056768K
  class space    used 582K, capacity 616K, committed 640K, reserved 1048576K

Card table byte_map: [0x0000000011b00000,0x0000000011d10000] byte_map_base: 0x0000000011500000

Marking Bits: (ParMarkBitMap*) 0x0000000068fc9d00
 Begin Bits: [0x0000000012270000, 0x0000000013270000)
 End Bits:   [0x0000000013270000, 0x0000000014270000)

Polling page: 0x00000000007f0000

CodeCache: size=245760Kb used=8896Kb max_used=8896Kb free=236863Kb
 bounds [0x0000000002740000, 0x0000000003000000, 0x0000000011740000]
 total_blobs=2087 nmethods=1818 adapters=182
 compilation: enabled

Compilation events (10 events):
Event: 13.711 Thread 0x00000000166aa800 1837       2       java.util.concurrent.ThreadPoolExecutor::beforeExecute (1 bytes)
Event: 13.711 Thread 0x00000000166aa800 nmethod 1837 0x0000000002fc6b10 code [0x0000000002fc6c60, 0x0000000002fc6db0]
Event: 13.711 Thread 0x00000000166aa800 1838       2       java.util.concurrent.ThreadPoolExecutor::afterExecute (1 bytes)
Event: 13.712 Thread 0x00000000166aa800 nmethod 1838 0x0000000002fc6810 code [0x0000000002fc6960, 0x0000000002fc6ab0]
Event: 13.712 Thread 0x00000000166aa800 1839   !   2       java.util.concurrent.ThreadPoolExecutor::getTask (179 bytes)
Event: 13.712 Thread 0x00000000166aa800 nmethod 1839 0x0000000002fc5c90 code [0x0000000002fc5e60, 0x0000000002fc6418]
Event: 13.714 Thread 0x00000000166aa800 1840       2       java.util.concurrent.locks.ReentrantLock::lockInterruptibly (9 bytes)
Event: 13.714 Thread 0x00000000166aa800 nmethod 1840 0x0000000002fc5690 code [0x0000000002fc5820, 0x0000000002fc5ab8]
Event: 13.714 Thread 0x00000000166aa800 1841       1       com.android.dx.dex.file.ClassDefItem::getThisClass (5 bytes)
Event: 13.714 Thread 0x00000000166aa800 nmethod 1841 0x0000000002fc53d0 code [0x0000000002fc5520, 0x0000000002fc5630]

GC Heap History (4 events):
Event: 8.602 GC heap before
{Heap before GC invocations=1 (full 0):
 PSYoungGen      total 57344K, used 49152K [0x00000000eab00000, 0x00000000eeb00000, 0x0000000100000000)
  eden space 49152K, 100% used [0x00000000eab00000,0x00000000edb00000,0x00000000edb00000)
  from space 8192K, 0% used [0x00000000ee300000,0x00000000ee300000,0x00000000eeb00000)
  to   space 8192K, 0% used [0x00000000edb00000,0x00000000edb00000,0x00000000ee300000)
 ParOldGen       total 131072K, used 0K [0x00000000c0000000, 0x00000000c8000000, 0x00000000eab00000)
  object space 131072K, 0% used [0x00000000c0000000,0x00000000c0000000,0x00000000c8000000)
 Metaspace       used 6129K, capacity 7024K, committed 7296K, reserved 1056768K
  class space    used 581K, capacity 616K, committed 640K, reserved 1048576K
Event: 9.208 GC heap after
Heap after GC invocations=1 (full 0):
 PSYoungGen      total 57344K, used 8177K [0x00000000eab00000, 0x00000000f1b00000, 0x0000000100000000)
  eden space 49152K, 0% used [0x00000000eab00000,0x00000000eab00000,0x00000000edb00000)
  from space 8192K, 99% used [0x00000000edb00000,0x00000000ee2fc668,0x00000000ee300000)
  to   space 8192K, 0% used [0x00000000f1300000,0x00000000f1300000,0x00000000f1b00000)
 ParOldGen       total 131072K, used 102K [0x00000000c0000000, 0x00000000c8000000, 0x00000000eab00000)
  object space 131072K, 0% used [0x00000000c0000000,0x00000000c00199f8,0x00000000c8000000)
 Metaspace       used 6129K, capacity 7024K, committed 7296K, reserved 1056768K
  class space    used 581K, capacity 616K, committed 640K, reserved 1048576K
}
Event: 11.567 GC heap before
{Heap before GC invocations=2 (full 0):
 PSYoungGen      total 57344K, used 57329K [0x00000000eab00000, 0x00000000f1b00000, 0x0000000100000000)
  eden space 49152K, 100% used [0x00000000eab00000,0x00000000edb00000,0x00000000edb00000)
  from space 8192K, 99% used [0x00000000edb00000,0x00000000ee2fc668,0x00000000ee300000)
  to   space 8192K, 0% used [0x00000000f1300000,0x00000000f1300000,0x00000000f1b00000)
 ParOldGen       total 131072K, used 102K [0x00000000c0000000, 0x00000000c8000000, 0x00000000eab00000)
  object space 131072K, 0% used [0x00000000c0000000,0x00000000c00199f8,0x00000000c8000000)
 Metaspace       used 6221K, capacity 7088K, committed 7296K, reserved 1056768K
  class space    used 582K, capacity 616K, committed 640K, reserved 1048576K
Event: 12.218 GC heap after
Heap after GC invocations=2 (full 0):
 PSYoungGen      total 106496K, used 8190K [0x00000000eab00000, 0x00000000f1b00000, 0x0000000100000000)
  eden space 98304K, 0% used [0x00000000eab00000,0x00000000eab00000,0x00000000f0b00000)
  from space 8192K, 99% used [0x00000000f1300000,0x00000000f1aff8f0,0x00000000f1b00000)
  to   space 8192K, 0% used [0x00000000f0b00000,0x00000000f0b00000,0x00000000f1300000)
 ParOldGen       total 131072K, used 5700K [0x00000000c0000000, 0x00000000c8000000, 0x00000000eab00000)
  object space 131072K, 4% used [0x00000000c0000000,0x00000000c0591110,0x00000000c8000000)
 Metaspace       used 6221K, capacity 7088K, committed 7296K, reserved 1056768K
  class space    used 582K, capacity 616K, committed 640K, reserved 1048576K
}

Deoptimization events (10 events):
Event: 11.449 Thread 0x0000000016963000 Uncommon trap: reason=unstable_if action=reinterpret pc=0x0000000002eeaa20 method=com.android.dx.cf.code.RopperMachine.run(Lcom/android/dx/cf/code/Frame;II)V @ 1500
Event: 12.821 Thread 0x0000000016983000 Uncommon trap: reason=unloaded action=reinterpret pc=0x0000000002d28bec method=com.android.dx.ssa.LiteralOpUpgrader$1.visitNonMoveInsn(Lcom/android/dx/ssa/NormalSsaInsn;)V @ 72
Event: 12.821 Thread 0x0000000016983000 Uncommon trap: reason=unstable_if action=reinterpret pc=0x0000000002b8b4dc method=com.android.dx.ssa.SsaMethod.updateOneDefinition(Lcom/android/dx/ssa/SsaInsn;Lcom/android/dx/rop/code/RegisterSpec;)V @ 4
Event: 12.857 Thread 0x0000000016983000 Uncommon trap: reason=class_check action=maybe_recompile pc=0x0000000002f3d1cc method=com.android.dx.cf.code.Ropper.processBlock(Lcom/android/dx/cf/code/ByteBlock;Lcom/android/dx/cf/code/Frame;[I)V @ 777
Event: 13.684 Thread 0x0000000016963000 Uncommon trap: reason=bimorphic action=maybe_recompile pc=0x0000000002f669a4 method=com.android.dx.cf.code.BytecodeArray.parseInstruction(ILcom/android/dx/cf/code/BytecodeArray$Visitor;)I @ 1130
Event: 13.684 Thread 0x0000000016963000 Uncommon trap: reason=bimorphic action=maybe_recompile pc=0x0000000002f66548 method=com.android.dx.cf.code.BytecodeArray.parseInstruction(ILcom/android/dx/cf/code/BytecodeArray$Visitor;)I @ 971
Event: 13.684 Thread 0x0000000016963000 Uncommon trap: reason=bimorphic action=maybe_recompile pc=0x0000000002f665d4 method=com.android.dx.cf.code.BytecodeArray.parseInstruction(ILcom/android/dx/cf/code/BytecodeArray$Visitor;)I @ 987
Event: 13.684 Thread 0x0000000016963000 Uncommon trap: reason=bimorphic action=maybe_recompile pc=0x0000000002f664bc method=com.android.dx.cf.code.BytecodeArray.parseInstruction(ILcom/android/dx/cf/code/BytecodeArray$Visitor;)I @ 955
Event: 13.684 Thread 0x0000000016963000 Uncommon trap: reason=bimorphic action=maybe_recompile pc=0x0000000002f664bc method=com.android.dx.cf.code.BytecodeArray.parseInstruction(ILcom/android/dx/cf/code/BytecodeArray$Visitor;)I @ 955
Event: 13.685 Thread 0x0000000016963000 Uncommon trap: reason=class_check action=maybe_recompile pc=0x0000000002f3d1cc method=com.android.dx.cf.code.Ropper.processBlock(Lcom/android/dx/cf/code/ByteBlock;Lcom/android/dx/cf/code/Frame;[I)V @ 777

Internal exceptions (2 events):
Event: 0.079 Thread 0x00000000024fd800 Exception <a 'java/lang/NoSuchMethodError': Method sun.misc.Unsafe.defineClass(Ljava/lang/String;[BII)Ljava/lang/Class; name or signature does not match> (0x00000000eab07cc0) thrown at [C:\src\android\AOSP-openjdk\external\jetbrains\jdk\hotspot\src\share\v©¤H´?
Event: 0.079 Thread 0x00000000024fd800 Exception <a 'java/lang/NoSuchMethodError': Method sun.misc.Unsafe.prefetchRead(Ljava/lang/Object;J)V name or signature does not match> (0x00000000eab07fa8) thrown at [C:\src\android\AOSP-openjdk\external\jetbrains\jdk\hotspot\src\share\vm\prims\jni.cpp, l

Events (10 events):
Event: 13.684 Thread 0x0000000016963000 DEOPT PACKING pc=0x0000000002f664bc sp=0x0000000016e5e240
Event: 13.684 Thread 0x0000000016963000 DEOPT UNPACKING pc=0x000000000278556a sp=0x0000000016e5e218 mode 2
Event: 13.684 Thread 0x0000000016963000 Uncommon trap: trap_request=0xffffffc6 fr.pc=0x0000000002f664bc
Event: 13.685 Thread 0x0000000016963000 DEOPT PACKING pc=0x0000000002f664bc sp=0x0000000016e5e240
Event: 13.685 Thread 0x0000000016963000 DEOPT UNPACKING pc=0x000000000278556a sp=0x0000000016e5e218 mode 2
Event: 13.685 Thread 0x0000000016963000 Uncommon trap: trap_request=0xffffffde fr.pc=0x0000000002f3d1cc
Event: 13.685 Thread 0x0000000016963000 DEOPT PACKING pc=0x0000000002f3d1cc sp=0x0000000016e5e570
Event: 13.685 Thread 0x0000000016963000 DEOPT UNPACKING pc=0x000000000278556a sp=0x0000000016e5e548 mode 2
Event: 13.689 Thread 0x0000000016963000 DEOPT PACKING pc=0x0000000002bb6428 sp=0x0000000016e5e3f0
Event: 13.689 Thread 0x0000000016963000 DEOPT UNPACKING pc=0x00000000027875bf sp=0x0000000016e5e220 mode 0


Dynamic libraries:
0x00007ff729660000 - 0x00007ff729691000 	C:\Program Files\Android\Android Studio\jre\bin\java.exe
0x00007ffbe6d30000 - 0x00007ffbe6f01000 	C:\WINDOWS\SYSTEM32\ntdll.dll
0x00007ffbe6b20000 - 0x00007ffbe6bcb000 	C:\WINDOWS\System32\KERNEL32.DLL
0x00007ffbc6e50000 - 0x00007ffbc6ea4000 	C:\Program Files (x86)\AVG\Av\avghooka.dll
0x00007ffbe3750000 - 0x00007ffbe396d000 	C:\WINDOWS\System32\KERNELBASE.dll
0x00007ffbe5160000 - 0x00007ffbe5202000 	C:\WINDOWS\System32\ADVAPI32.dll
0x00007ffbe6a60000 - 0x00007ffbe6afe000 	C:\WINDOWS\System32\msvcrt.dll
0x00007ffbe6930000 - 0x00007ffbe6989000 	C:\WINDOWS\System32\sechost.dll
0x00007ffbe42c0000 - 0x00007ffbe43e1000 	C:\WINDOWS\System32\RPCRT4.dll
0x00007ffbe6720000 - 0x00007ffbe6885000 	C:\WINDOWS\System32\USER32.dll
0x00007ffbe34a0000 - 0x00007ffbe34be000 	C:\WINDOWS\System32\win32u.dll
0x00007ffbe4780000 - 0x00007ffbe47b4000 	C:\WINDOWS\System32\GDI32.dll
0x00007ffbe3560000 - 0x00007ffbe36e2000 	C:\WINDOWS\System32\gdi32full.dll
0x00007ffbdc080000 - 0x00007ffbdc2f9000 	C:\WINDOWS\WinSxS\amd64_microsoft.windows.common-controls_6595b64144ccf1df_6.0.14393.447_none_42191651c6827bb3\COMCTL32.dll
0x00007ffbe47c0000 - 0x00007ffbe4a87000 	C:\WINDOWS\System32\combase.dll
0x00007ffbe41c0000 - 0x00007ffbe42b5000 	C:\WINDOWS\System32\ucrtbase.dll
0x00007ffbe4150000 - 0x00007ffbe41ba000 	C:\WINDOWS\System32\bcryptPrimitives.dll
0x00007ffbe6d00000 - 0x00007ffbe6d2e000 	C:\WINDOWS\System32\IMM32.DLL
0x0000000069a90000 - 0x0000000069b62000 	C:\Program Files\Android\Android Studio\jre\jre\bin\msvcr100.dll
0x0000000068810000 - 0x0000000069044000 	C:\Program Files\Android\Android Studio\jre\jre\bin\server\jvm.dll
0x00007ffbe6c90000 - 0x00007ffbe6c98000 	C:\WINDOWS\System32\PSAPI.DLL
0x00007ffbd4df0000 - 0x00007ffbd4df9000 	C:\WINDOWS\SYSTEM32\WSOCK32.dll
0x00007ffbe69f0000 - 0x00007ffbe6a5a000 	C:\WINDOWS\System32\WS2_32.dll
0x00007ffbe15f0000 - 0x00007ffbe1613000 	C:\WINDOWS\SYSTEM32\WINMM.dll
0x00007ffbdd670000 - 0x00007ffbdd67a000 	C:\WINDOWS\SYSTEM32\VERSION.dll
0x00007ffbe14b0000 - 0x00007ffbe14db000 	C:\WINDOWS\SYSTEM32\WINMMBASE.dll
0x00007ffbe4050000 - 0x00007ffbe4092000 	C:\WINDOWS\System32\cfgmgr32.dll
0x00007ffbdf880000 - 0x00007ffbdf88f000 	C:\Program Files\Android\Android Studio\jre\jre\bin\verify.dll
0x00007ffbd72c0000 - 0x00007ffbd72e9000 	C:\Program Files\Android\Android Studio\jre\jre\bin\java.dll
0x00007ffbd9590000 - 0x00007ffbd95a6000 	C:\Program Files\Android\Android Studio\jre\jre\bin\zip.dll
0x00007ffbe5210000 - 0x00007ffbe6719000 	C:\WINDOWS\System32\SHELL32.dll
0x00007ffbe3970000 - 0x00007ffbe404a000 	C:\WINDOWS\System32\windows.storage.dll
0x00007ffbe31b0000 - 0x00007ffbe31fc000 	C:\WINDOWS\System32\powrprof.dll
0x00007ffbe6ca0000 - 0x00007ffbe6cf2000 	C:\WINDOWS\System32\shlwapi.dll
0x00007ffbe3200000 - 0x00007ffbe320f000 	C:\WINDOWS\System32\kernel.appcore.dll
0x00007ffbe40a0000 - 0x00007ffbe4149000 	C:\WINDOWS\System32\shcore.dll
0x00007ffbe3190000 - 0x00007ffbe31a4000 	C:\WINDOWS\System32\profapi.dll

VM Arguments:
jvm_args: -Djava.awt.headless=true -Xmx1024M -Dfile.encoding=windows-1255 -Duser.country=US -Duser.language=en -Duser.variant 
java_command: com.android.dx.command.Main --dex --num-threads=4 --output C:\Users\zeevi\AndroidStudioProjects\androidStart\app\build\intermediates\pre-dexed\debug\com.android.support-appcompat-v7-23.2.1_c0ee6d6d9d46951b5cfee08815a604af0795ea37.jar C:\Users\zeevi\AndroidStudioProjects\androidStart\app\build\intermediates\exploded-aar\com.android.support\appcompat-v7\23.2.1\jars\classes.jar
java_class_path (initial): C:\Users\zeevi\AppData\Local\Android\sdk\build-tools\23.0.3\lib\dx.jar
Launcher Type: SUN_STANDARD

Environment Variables:
PATH=C:\Program Files (x86)\PHP\v5.6;C:\Program Files (x86)\NVIDIA Corporation\PhysX\Common;C:\Program Files (x86)\Intel\iCLS Client\;C:\Program Files\Intel\iCLS Client\;C:\Windows\system32;C:\Windows;C:\Windows\System32\Wbem;C:\Windows\System32\WindowsPowerShell\v1.0\;C:\Program Files\Intel\Intel(R) Management Engine Components\DAL;C:\Program Files\Intel\Intel(R) Management Engine Components\IPT;C:\Program Files (x86)\Intel\Intel(R) Management Engine Components\DAL;C:\Program Files (x86)\Intel\Intel(R) Management Engine Components\IPT;C:\Program Files (x86)\Microsoft SQL Server\100\Tools\Binn\;C:\Program Files\Microsoft SQL Server\100\Tools\Binn\;C:\Program Files\Microsoft SQL Server\100\DTS\Binn\;C:\Program Files (x86)\OpenVPN\bin;C:\WINDOWS\system32;C:\WINDOWS;C:\WINDOWS\System32\Wbem;C:\WINDOWS\System32\WindowsPowerShell\v1.0\;C:\Program Files (x86)\Common Files\Acronis\SnapAPI\;C:\Program Files (x86)\Skype\Phone\;C:\Program Files\Microsoft SQL Server\130\Tools\Binn\;C:\Program Files (x86)\Windows Kits\10\Windows Performance Toolkit\;C:\Program Files\Git\cmd;C:\Program Files\nodejs\;C:\Users\zeevi\AppData\Local\Microsoft\WindowsApps;
USERNAME=zeevi
OS=Windows_NT
PROCESSOR_IDENTIFIER=Intel64 Family 6 Model 69 Stepping 1, GenuineIntel



---------------  S Y S T E M  ---------------

OS: Windows 10.0 , 64 bit Build 14393 (10.0.14393.0)

CPU:total 4 (2 cores per cpu, 2 threads per core) family 6 model 69 stepping 1, cmov, cx8, fxsr, mmx, sse, sse2, sse3, ssse3, sse4.1, sse4.2, popcnt, avx, avx2, aes, clmul, erms, lzcnt, ht, tsc, tscinvbit, bmi1, bmi2

Memory: 4k page, physical 12463556k(2976600k free), swap 13487556k(3096k free)

vm_info: OpenJDK 64-Bit Server VM (25.76-b03) for windows-amd64 JRE (1.8.0_76-release-b03), built on Jun 29 2016 19:09:20 by "ralucas" with MS VC++ 10.0 (VS2010)

time: Fri Dec 09 23:15:04 2016
elapsed time: 13 seconds (0d 0h 0m 13s)

