#
# There is insufficient memory for the Java Runtime Environment to continue.
# Native memory allocation (malloc) failed to allocate 12528 bytes for AllocateHeap
# Possible reasons:
#   The system is out of physical RAM or swap space
#   In 32 bit mode, the process size limit was hit
# Possible solutions:
#   Reduce memory load on the system
#   Increase physical memory or swap space
#   Check if swap backing store is full
#   Use 64 bit Java on a 64 bit OS
#   Decrease Java heap size (-Xmx/-Xms)
#   Decrease number of Java threads
#   Decrease Java thread stack sizes (-Xss)
#   Set larger code cache with -XX:ReservedCodeCacheSize=
# This output file may be truncated or incomplete.
#
#  Out of Memory Error (memory/allocation.inline.hpp:61), pid=13860, tid=0x0000000000002e0c
#
# JRE version: OpenJDK Runtime Environment (8.0_76-b03) (build 1.8.0_76-release-b03)
# Java VM: OpenJDK 64-Bit Server VM (25.76-b03 mixed mode windows-amd64 compressed oops)
# Failed to write core dump. Minidumps are not enabled by default on client versions of Windows
#

---------------  T H R E A D  ---------------

Current thread (0x000000001644c800):  JavaThread "C1 CompilerThread2" daemon [_thread_in_vm, id=11788, stack(0x0000000016900000,0x0000000016a00000)]

Stack: [0x0000000016900000,0x0000000016a00000]
[error occurred during error reporting (printing stack bounds), id 0xc0000005]

Native frames: (J=compiled Java code, j=interpreted, Vv=VM code, C=native code)


Current CompileTask:
C1:  13808 2329       3       com.android.dx.dex.file.ValueEncoder::writeAnnotation (401 bytes)


---------------  P R O C E S S  ---------------

Java Threads: ( => current thread )
  0x0000000016452000 JavaThread "Service Thread" daemon [_thread_blocked, id=9620, stack(0x0000000016a00000,0x0000000016b00000)]
=>0x000000001644c800 JavaThread "C1 CompilerThread2" daemon [_thread_in_vm, id=11788, stack(0x0000000016900000,0x0000000016a00000)]
  0x00000000025dc000 JavaThread "C2 CompilerThread1" daemon [_thread_blocked, id=11020, stack(0x0000000016800000,0x0000000016900000)]
  0x0000000014cff800 JavaThread "C2 CompilerThread0" daemon [_thread_blocked, id=8092, stack(0x0000000016300000,0x0000000016400000)]
  0x0000000014cfe000 JavaThread "Attach Listener" daemon [_thread_blocked, id=11280, stack(0x0000000016200000,0x0000000016300000)]
  0x0000000014cfd800 JavaThread "Signal Dispatcher" daemon [_thread_blocked, id=14632, stack(0x0000000016100000,0x0000000016200000)]
  0x0000000014c98000 JavaThread "Finalizer" daemon [_thread_blocked, id=14112, stack(0x0000000015f10000,0x0000000016010000)]
  0x00000000025d1000 JavaThread "Reference Handler" daemon [_thread_blocked, id=14680, stack(0x0000000015e10000,0x0000000015f10000)]
  0x00000000024dd800 JavaThread "main" [_thread_blocked, id=3100, stack(0x00000000022f0000,0x00000000023f0000)]

Other Threads:
  0x0000000014c75800 VMThread [stack: 0x0000000015d10000,0x0000000015e10000] [id=196]
  0x0000000016453800 WatcherThread [stack: 0x0000000016b00000,0x0000000016c00000] [id=14828]

VM state:not at safepoint (normal execution)

VM Mutex/Monitor currently owned by a thread:  ([mutex/lock_event])
[0x00000000024dbe10] CodeCache_lock - owner thread: 0x000000001644c800
[0x00000000024e0fd0] Compile_lock - owner thread: 0x000000001644c800
[0x00000000024e1050] MethodCompileQueue_lock - owner thread: 0x000000001644c800

Heap:
 PSYoungGen      total 106496K, used 8853K [0x00000000eab00000, 0x00000000f1b00000, 0x0000000100000000)
  eden space 98304K, 0% used [0x00000000eab00000,0x00000000eabad608,0x00000000f0b00000)
  from space 8192K, 99% used [0x00000000f0b00000,0x00000000f12f8030,0x00000000f1300000)
  to   space 8192K, 0% used [0x00000000f1300000,0x00000000f1300000,0x00000000f1b00000)
 ParOldGen       total 131072K, used 10385K [0x00000000c0000000, 0x00000000c8000000, 0x00000000eab00000)
  object space 131072K, 7% used [0x00000000c0000000,0x00000000c0a24740,0x00000000c8000000)
 Metaspace       used 6672K, capacity 7408K, committed 7552K, reserved 1056768K
  class space    used 595K, capacity 616K, committed 640K, reserved 1048576K

Card table byte_map: [0x00000000119a0000,0x0000000011bb0000] byte_map_base: 0x00000000113a0000

Marking Bits: (ParMarkBitMap*) 0x0000000068fc9d00
 Begin Bits: [0x0000000012110000, 0x0000000013110000)
 End Bits:   [0x0000000013110000, 0x0000000014110000)

Polling page: 0x00000000022b0000

CodeCache: size=245760Kb used=9228Kb max_used=9228Kb free=236531Kb
 bounds [0x00000000025e0000, 0x0000000002ef0000, 0x00000000115e0000]
 total_blobs=2523 nmethods=2254 adapters=181
 compilation: enabled

Compilation events (10 events):
Event: 12.209 Thread 0x000000001644c800 nmethod 2324 0x0000000002ed1e10 code [0x0000000002ed1f80, 0x0000000002ed2290]
Event: 12.210 Thread 0x000000001644c800 2327       3       com.android.dex.EncodedValueCodec::writeUnsignedIntegralValue (66 bytes)
Event: 12.210 Thread 0x0000000014cff800 2328       4       com.android.dx.dex.file.OffsettedItem::place (78 bytes)
Event: 12.210 Thread 0x000000001644c800 nmethod 2327 0x0000000002ed1690 code [0x0000000002ed1820, 0x0000000002ed1c68]
Event: 12.210 Thread 0x000000001644c800 2325       1       com.android.dx.rop.cst.CstArray::getList (5 bytes)
Event: 12.210 Thread 0x000000001644c800 nmethod 2325 0x0000000002edb190 code [0x0000000002edb2e0, 0x0000000002edb3f0]
Event: 12.211 Thread 0x000000001644c800 2329       3       com.android.dx.dex.file.ValueEncoder::writeAnnotation (401 bytes)
Event: 12.211 Thread 0x0000000014cff800 nmethod 2328 0x0000000002edae10 code [0x0000000002edaf60, 0x0000000002edb078]
Event: 12.212 Thread 0x00000000025dc000 2332       4       com.android.dx.util.ByteArrayAnnotatedOutput::writeByte (51 bytes)
Event: 12.213 Thread 0x00000000025dc000 nmethod 2332 0x0000000002edaa90 code [0x0000000002edabe0, 0x0000000002edacd8]

GC Heap History (6 events):
Event: 1.961 GC heap before
{Heap before GC invocations=1 (full 0):
 PSYoungGen      total 57344K, used 49152K [0x00000000eab00000, 0x00000000eeb00000, 0x0000000100000000)
  eden space 49152K, 100% used [0x00000000eab00000,0x00000000edb00000,0x00000000edb00000)
  from space 8192K, 0% used [0x00000000ee300000,0x00000000ee300000,0x00000000eeb00000)
  to   space 8192K, 0% used [0x00000000edb00000,0x00000000edb00000,0x00000000ee300000)
 ParOldGen       total 131072K, used 0K [0x00000000c0000000, 0x00000000c8000000, 0x00000000eab00000)
  object space 131072K, 0% used [0x00000000c0000000,0x00000000c0000000,0x00000000c8000000)
 Metaspace       used 6128K, capacity 7024K, committed 7296K, reserved 1056768K
  class space    used 578K, capacity 616K, committed 640K, reserved 1048576K
Event: 2.086 GC heap after
Heap after GC invocations=1 (full 0):
 PSYoungGen      total 57344K, used 8173K [0x00000000eab00000, 0x00000000f1b00000, 0x0000000100000000)
  eden space 49152K, 0% used [0x00000000eab00000,0x00000000eab00000,0x00000000edb00000)
  from space 8192K, 99% used [0x00000000edb00000,0x00000000ee2fb658,0x00000000ee300000)
  to   space 8192K, 0% used [0x00000000f1300000,0x00000000f1300000,0x00000000f1b00000)
 ParOldGen       total 131072K, used 281K [0x00000000c0000000, 0x00000000c8000000, 0x00000000eab00000)
  object space 131072K, 0% used [0x00000000c0000000,0x00000000c00467a8,0x00000000c8000000)
 Metaspace       used 6128K, capacity 7024K, committed 7296K, reserved 1056768K
  class space    used 578K, capacity 616K, committed 640K, reserved 1048576K
}
Event: 3.179 GC heap before
{Heap before GC invocations=2 (full 0):
 PSYoungGen      total 57344K, used 57325K [0x00000000eab00000, 0x00000000f1b00000, 0x0000000100000000)
  eden space 49152K, 100% used [0x00000000eab00000,0x00000000edb00000,0x00000000edb00000)
  from space 8192K, 99% used [0x00000000edb00000,0x00000000ee2fb658,0x00000000ee300000)
  to   space 8192K, 0% used [0x00000000f1300000,0x00000000f1300000,0x00000000f1b00000)
 ParOldGen       total 131072K, used 281K [0x00000000c0000000, 0x00000000c8000000, 0x00000000eab00000)
  object space 131072K, 0% used [0x00000000c0000000,0x00000000c00467a8,0x00000000c8000000)
 Metaspace       used 6236K, capacity 7088K, committed 7296K, reserved 1056768K
  class space    used 578K, capacity 616K, committed 640K, reserved 1048576K
Event: 3.204 GC heap after
Heap after GC invocations=2 (full 0):
 PSYoungGen      total 106496K, used 8186K [0x00000000eab00000, 0x00000000f1b00000, 0x0000000100000000)
  eden space 98304K, 0% used [0x00000000eab00000,0x00000000eab00000,0x00000000f0b00000)
  from space 8192K, 99% used [0x00000000f1300000,0x00000000f1afeac8,0x00000000f1b00000)
  to   space 8192K, 0% used [0x00000000f0b00000,0x00000000f0b00000,0x00000000f1300000)
 ParOldGen       total 131072K, used 5153K [0x00000000c0000000, 0x00000000c8000000, 0x00000000eab00000)
  object space 131072K, 3% used [0x00000000c0000000,0x00000000c0508668,0x00000000c8000000)
 Metaspace       used 6236K, capacity 7088K, committed 7296K, reserved 1056768K
  class space    used 578K, capacity 616K, committed 640K, reserved 1048576K
}
Event: 12.214 GC heap before
{Heap before GC invocations=3 (full 0):
 PSYoungGen      total 106496K, used 106490K [0x00000000eab00000, 0x00000000f1b00000, 0x0000000100000000)
  eden space 98304K, 100% used [0x00000000eab00000,0x00000000f0b00000,0x00000000f0b00000)
  from space 8192K, 99% used [0x00000000f1300000,0x00000000f1afeac8,0x00000000f1b00000)
  to   space 8192K, 0% used [0x00000000f0b00000,0x00000000f0b00000,0x00000000f1300000)
 ParOldGen       total 131072K, used 5153K [0x00000000c0000000, 0x00000000c8000000, 0x00000000eab00000)
  object space 131072K, 3% used [0x00000000c0000000,0x00000000c0508668,0x00000000c8000000)
 Metaspace       used 6669K, capacity 7408K, committed 7552K, reserved 1056768K
  class space    used 595K, capacity 616K, committed 640K, reserved 1048576K
Event: 13.801 GC heap after
Heap after GC invocations=3 (full 0):
 PSYoungGen      total 106496K, used 8160K [0x00000000eab00000, 0x00000000f1b00000, 0x0000000100000000)
  eden space 98304K, 0% used [0x00000000eab00000,0x00000000eab00000,0x00000000f0b00000)
  from space 8192K, 99% used [0x00000000f0b00000,0x00000000f12f8030,0x00000000f1300000)
  to   space 8192K, 0% used [0x00000000f1300000,0x00000000f1300000,0x00000000f1b00000)
 ParOldGen       total 131072K, used 10385K [0x00000000c0000000, 0x00000000c8000000, 0x00000000eab00000)
  object space 131072K, 7% used [0x00000000c0000000,0x00000000c0a24740,0x00000000c8000000)
 Metaspace       used 6669K, capacity 7408K, committed 7552K, reserved 1056768K
  class space    used 595K, capacity 616K, committed 640K, reserved 1048576K
}

Deoptimization events (10 events):
Event: 7.760 Thread 0x00000000024dd800 Uncommon trap: reason=unstable_if action=reinterpret pc=0x0000000002e07080 method=java.util.HashMap.putVal(ILjava/lang/Object;Ljava/lang/Object;ZZ)Ljava/lang/Object; @ 94
Event: 9.020 Thread 0x00000000024dd800 Uncommon trap: reason=unstable_if action=reinterpret pc=0x0000000002e124e8 method=java.util.HashMap.putVal(ILjava/lang/Object;Ljava/lang/Object;ZZ)Ljava/lang/Object; @ 94
Event: 10.046 Thread 0x00000000024dd800 Uncommon trap: reason=unstable_if action=reinterpret pc=0x0000000002c9ef74 method=com.android.dx.rop.code.RegisterSpecSet.equals(Ljava/lang/Object;)Z @ 30
Event: 10.093 Thread 0x00000000024dd800 Uncommon trap: reason=speculate_class_check action=maybe_recompile pc=0x00000000028cba2c method=com.android.dx.util.FixedSizeList.equals(Ljava/lang/Object;)Z @ 25
Event: 10.093 Thread 0x00000000024dd800 Uncommon trap: reason=speculate_class_check action=maybe_recompile pc=0x00000000028cba2c method=com.android.dx.util.FixedSizeList.equals(Ljava/lang/Object;)Z @ 25
Event: 10.472 Thread 0x00000000024dd800 Uncommon trap: reason=speculate_class_check action=maybe_recompile pc=0x00000000028cba2c method=com.android.dx.util.FixedSizeList.equals(Ljava/lang/Object;)Z @ 25
Event: 10.472 Thread 0x00000000024dd800 Uncommon trap: reason=speculate_class_check action=maybe_recompile pc=0x00000000028cba2c method=com.android.dx.util.FixedSizeList.equals(Ljava/lang/Object;)Z @ 25
Event: 10.498 Thread 0x00000000024dd800 Uncommon trap: reason=unstable_if action=reinterpret pc=0x0000000002b95164 method=java.util.TreeMap.put(Ljava/lang/Object;Ljava/lang/Object;)Ljava/lang/Object; @ 163
Event: 10.507 Thread 0x00000000024dd800 Uncommon trap: reason=unstable_if action=reinterpret pc=0x0000000002e61a00 method=com.android.dx.dex.code.OutputFinisher.findOpcodeForInsn(Lcom/android/dx/dex/code/DalvInsn;Lcom/android/dx/dex/code/Dop;)Lcom/android/dx/dex/code/Dop; @ 1
Event: 11.268 Thread 0x00000000024dd800 Uncommon trap: reason=unstable_if action=reinterpret pc=0x0000000002e9e368 method=com.android.dx.dex.code.OutputFinisher.align64bits([Lcom/android/dx/dex/code/Dop;)V @ 205

Internal exceptions (2 events):
Event: 0.071 Thread 0x00000000024dd800 Exception <a 'java/lang/NoSuchMethodError': Method sun.misc.Unsafe.defineClass(Ljava/lang/String;[BII)Ljava/lang/Class; name or signature does not match> (0x00000000eab07cc0) thrown at [C:\src\android\AOSP-openjdk\external\jetbrains\jdk\hotspot\src\share\vZBúzﬂ+≤?
Event: 0.071 Thread 0x00000000024dd800 Exception <a 'java/lang/NoSuchMethodError': Method sun.misc.Unsafe.prefetchRead(Ljava/lang/Object;J)V name or signature does not match> (0x00000000eab07fa8) thrown at [C:\src\android\AOSP-openjdk\external\jetbrains\jdk\hotspot\src\share\vm\prims\jni.cpp, l

Events (10 events):
Event: 11.397 Thread 0x00000000024dd800 DEOPT PACKING pc=0x0000000002eab823 sp=0x00000000023eef10
Event: 11.397 Thread 0x00000000024dd800 DEOPT UNPACKING pc=0x00000000026275bf sp=0x00000000023eec60 mode 0
Event: 11.401 Thread 0x00000000024dd800 DEOPT PACKING pc=0x0000000002eab823 sp=0x00000000023eed90
Event: 11.401 Thread 0x00000000024dd800 DEOPT UNPACKING pc=0x00000000026275bf sp=0x00000000023eeae0 mode 0
Event: 11.417 Thread 0x00000000024dd800 DEOPT PACKING pc=0x0000000002eab823 sp=0x00000000023eef10
Event: 11.417 Thread 0x00000000024dd800 DEOPT UNPACKING pc=0x00000000026275bf sp=0x00000000023eec60 mode 0
Event: 12.201 loading class com/android/dex/EncodedValueCodec
Event: 12.201 loading class com/android/dex/EncodedValueCodec done
Event: 12.214 Executing VM operation: ParallelGCFailedAllocation
Event: 13.801 Executing VM operation: ParallelGCFailedAllocation done


Dynamic libraries:
0x00007ff729660000 - 0x00007ff729691000 	C:\Program Files\Android\Android Studio\jre\bin\java.exe
0x00007ffbe6d30000 - 0x00007ffbe6f01000 	C:\WINDOWS\SYSTEM32\ntdll.dll
0x00007ffbe6b20000 - 0x00007ffbe6bcb000 	C:\WINDOWS\System32\KERNEL32.DLL
0x00007ffbc6e50000 - 0x00007ffbc6ea4000 	C:\Program Files (x86)\AVG\Av\avghooka.dll
0x00007ffbe3750000 - 0x00007ffbe396d000 	C:\WINDOWS\System32\KERNELBASE.dll
0x00007ffbe5160000 - 0x00007ffbe5202000 	C:\WINDOWS\System32\ADVAPI32.dll
0x00007ffbe6a60000 - 0x00007ffbe6afe000 	C:\WINDOWS\System32\msvcrt.dll
0x00007ffbe6930000 - 0x00007ffbe6989000 	C:\WINDOWS\System32\sechost.dll
0x00007ffbe42c0000 - 0x00007ffbe43e1000 	C:\WINDOWS\System32\RPCRT4.dll
0x00007ffbe6720000 - 0x00007ffbe6885000 	C:\WINDOWS\System32\USER32.dll
0x00007ffbe34a0000 - 0x00007ffbe34be000 	C:\WINDOWS\System32\win32u.dll
0x00007ffbe4780000 - 0x00007ffbe47b4000 	C:\WINDOWS\System32\GDI32.dll
0x00007ffbe3560000 - 0x00007ffbe36e2000 	C:\WINDOWS\System32\gdi32full.dll
0x00007ffbdc080000 - 0x00007ffbdc2f9000 	C:\WINDOWS\WinSxS\amd64_microsoft.windows.common-controls_6595b64144ccf1df_6.0.14393.447_none_42191651c6827bb3\COMCTL32.dll
0x00007ffbe47c0000 - 0x00007ffbe4a87000 	C:\WINDOWS\System32\combase.dll
0x00007ffbe41c0000 - 0x00007ffbe42b5000 	C:\WINDOWS\System32\ucrtbase.dll
0x00007ffbe4150000 - 0x00007ffbe41ba000 	C:\WINDOWS\System32\bcryptPrimitives.dll
0x00007ffbe6d00000 - 0x00007ffbe6d2e000 	C:\WINDOWS\System32\IMM32.DLL
0x0000000069a90000 - 0x0000000069b62000 	C:\Program Files\Android\Android Studio\jre\jre\bin\msvcr100.dll
0x0000000068810000 - 0x0000000069044000 	C:\Program Files\Android\Android Studio\jre\jre\bin\server\jvm.dll
0x00007ffbe6c90000 - 0x00007ffbe6c98000 	C:\WINDOWS\System32\PSAPI.DLL
0x00007ffbd4df0000 - 0x00007ffbd4df9000 	C:\WINDOWS\SYSTEM32\WSOCK32.dll
0x00007ffbe69f0000 - 0x00007ffbe6a5a000 	C:\WINDOWS\System32\WS2_32.dll
0x00007ffbe15f0000 - 0x00007ffbe1613000 	C:\WINDOWS\SYSTEM32\WINMM.dll
0x00007ffbdd670000 - 0x00007ffbdd67a000 	C:\WINDOWS\SYSTEM32\VERSION.dll
0x00007ffbe14b0000 - 0x00007ffbe14db000 	C:\WINDOWS\SYSTEM32\WINMMBASE.dll
0x00007ffbe4050000 - 0x00007ffbe4092000 	C:\WINDOWS\System32\cfgmgr32.dll
0x00007ffbdf880000 - 0x00007ffbdf88f000 	C:\Program Files\Android\Android Studio\jre\jre\bin\verify.dll
0x00007ffbd72c0000 - 0x00007ffbd72e9000 	C:\Program Files\Android\Android Studio\jre\jre\bin\java.dll
0x00007ffbd9590000 - 0x00007ffbd95a6000 	C:\Program Files\Android\Android Studio\jre\jre\bin\zip.dll
0x00007ffbe5210000 - 0x00007ffbe6719000 	C:\WINDOWS\System32\SHELL32.dll
0x00007ffbe3970000 - 0x00007ffbe404a000 	C:\WINDOWS\System32\windows.storage.dll
0x00007ffbe31b0000 - 0x00007ffbe31fc000 	C:\WINDOWS\System32\powrprof.dll
0x00007ffbe6ca0000 - 0x00007ffbe6cf2000 	C:\WINDOWS\System32\shlwapi.dll
0x00007ffbe3200000 - 0x00007ffbe320f000 	C:\WINDOWS\System32\kernel.appcore.dll
0x00007ffbe40a0000 - 0x00007ffbe4149000 	C:\WINDOWS\System32\shcore.dll
0x00007ffbe3190000 - 0x00007ffbe31a4000 	C:\WINDOWS\System32\profapi.dll

VM Arguments:
jvm_args: -Djava.awt.headless=true -Xmx1024M -Dfile.encoding=windows-1255 -Duser.country=US -Duser.language=en -Duser.variant 
java_command: com.android.dx.command.Main --dex --num-threads=4 --output C:\Users\zeevi\AndroidStudioProjects\androidStart\app\build\intermediates\pre-dexed\debug\com.google.android.gms-play-services-ads-lite-9.4.0_b20ac273257aed42e44c5f41397dce3a522c203d.jar C:\Users\zeevi\AndroidStudioProjects\androidStart\app\build\intermediates\exploded-aar\com.google.android.gms\play-services-ads-lite\9.4.0\jars\classes.jar
java_class_path (initial): C:\Users\zeevi\AppData\Local\Android\sdk\build-tools\23.0.3\lib\dx.jar
Launcher Type: SUN_STANDARD

Environment Variables:
PATH=C:\Program Files (x86)\PHP\v5.6;C:\Program Files (x86)\NVIDIA Corporation\PhysX\Common;C:\Program Files (x86)\Intel\iCLS Client\;C:\Program Files\Intel\iCLS Client\;C:\Windows\system32;C:\Windows;C:\Windows\System32\Wbem;C:\Windows\System32\WindowsPowerShell\v1.0\;C:\Program Files\Intel\Intel(R) Management Engine Components\DAL;C:\Program Files\Intel\Intel(R) Management Engine Components\IPT;C:\Program Files (x86)\Intel\Intel(R) Management Engine Components\DAL;C:\Program Files (x86)\Intel\Intel(R) Management Engine Components\IPT;C:\Program Files (x86)\Microsoft SQL Server\100\Tools\Binn\;C:\Program Files\Microsoft SQL Server\100\Tools\Binn\;C:\Program Files\Microsoft SQL Server\100\DTS\Binn\;C:\Program Files (x86)\OpenVPN\bin;C:\WINDOWS\system32;C:\WINDOWS;C:\WINDOWS\System32\Wbem;C:\WINDOWS\System32\WindowsPowerShell\v1.0\;C:\Program Files (x86)\Common Files\Acronis\SnapAPI\;C:\Program Files (x86)\Skype\Phone\;C:\Program Files\Microsoft SQL Server\130\Tools\Binn\;C:\Program Files (x86)\Windows Kits\10\Windows Performance Toolkit\;C:\Program Files\Git\cmd;C:\Program Files\nodejs\;C:\Users\zeevi\AppData\Local\Microsoft\WindowsApps;
USERNAME=zeevi
OS=Windows_NT
PROCESSOR_IDENTIFIER=Intel64 Family 6 Model 69 Stepping 1, GenuineIntel



---------------  S Y S T E M  ---------------

OS: Windows 10.0 , 64 bit Build 14393 (10.0.14393.0)

CPU:total 4 (2 cores per cpu, 2 threads per core) family 6 model 69 stepping 1, cmov, cx8, fxsr, mmx, sse, sse2, sse3, ssse3, sse4.1, sse4.2, popcnt, avx, avx2, aes, clmul, erms, lzcnt, ht, tsc, tscinvbit, bmi1, bmi2

Memory: 4k page, physical 12463556k(2976612k free), swap 13487556k(2272k free)

vm_info: OpenJDK 64-Bit Server VM (25.76-b03) for windows-amd64 JRE (1.8.0_76-release-b03), built on Jun 29 2016 19:09:20 by "ralucas" with MS VC++ 10.0 (VS2010)

time: Fri Dec 09 23:15:04 2016
elapsed time: 13 seconds (0d 0h 0m 13s)

