#
# There is insufficient memory for the Java Runtime Environment to continue.
# Native memory allocation (malloc) failed to allocate 1122736 bytes for Chunk::new
# Possible reasons:
#   The system is out of physical RAM or swap space
#   In 32 bit mode, the process size limit was hit
# Possible solutions:
#   Reduce memory load on the system
#   Increase physical memory or swap space
#   Check if swap backing store is full
#   Use 64 bit Java on a 64 bit OS
#   Decrease Java heap size (-Xmx/-Xms)
#   Decrease number of Java threads
#   Decrease Java thread stack sizes (-Xss)
#   Set larger code cache with -XX:ReservedCodeCacheSize=
# This output file may be truncated or incomplete.
#
#  Out of Memory Error (allocation.cpp:390), pid=12656, tid=0x00000000000008fc
#
# JRE version: OpenJDK Runtime Environment (8.0_76-b03) (build 1.8.0_76-release-b03)
# Java VM: OpenJDK 64-Bit Server VM (25.76-b03 mixed mode windows-amd64 compressed oops)
# Failed to write core dump. Minidumps are not enabled by default on client versions of Windows
#

---------------  T H R E A D  ---------------

Current thread (0x00000000154e9800):  JavaThread "C2 CompilerThread0" daemon [_thread_in_native, id=2300, stack(0x0000000016b20000,0x0000000016c20000)]

Stack: [0x0000000016b20000,0x0000000016c20000]
[error occurred during error reporting (printing stack bounds), id 0xc0000005]

Native frames: (J=compiled Java code, j=interpreted, Vv=VM code, C=native code)


Current CompileTask:
C2:  13668 1970       4       com.android.dx.dex.code.RopToDop::dopFor (792 bytes)


---------------  P R O C E S S  ---------------

Java Threads: ( => current thread )
  0x00000000170e0800 JavaThread "pool-1-thread-4" [_thread_in_Java, id=12800, stack(0x0000000017820000,0x0000000017920000)]
  0x00000000170df800 JavaThread "pool-1-thread-3" [_thread_in_Java, id=13408, stack(0x0000000017720000,0x0000000017820000)]
  0x00000000170dd000 JavaThread "pool-1-thread-2" [_thread_in_Java, id=14280, stack(0x0000000017620000,0x0000000017720000)]
  0x00000000170da800 JavaThread "pool-2-thread-1" [_thread_blocked, id=6976, stack(0x0000000017520000,0x0000000017620000)]
  0x0000000017084000 JavaThread "pool-1-thread-1" [_thread_in_Java, id=7788, stack(0x0000000017420000,0x0000000017520000)]
  0x0000000016e75800 JavaThread "Service Thread" daemon [_thread_blocked, id=14720, stack(0x0000000017220000,0x0000000017320000)]
  0x00000000154f0800 JavaThread "C1 CompilerThread2" daemon [_thread_blocked, id=15860, stack(0x0000000016d20000,0x0000000016e20000)]
  0x00000000154ed000 JavaThread "C2 CompilerThread1" daemon [_thread_in_native, id=12688, stack(0x0000000016c20000,0x0000000016d20000)]
=>0x00000000154e9800 JavaThread "C2 CompilerThread0" daemon [_thread_in_native, id=2300, stack(0x0000000016b20000,0x0000000016c20000)]
  0x00000000154e8000 JavaThread "Attach Listener" daemon [_thread_blocked, id=14760, stack(0x0000000016a20000,0x0000000016b20000)]
  0x00000000154e7800 JavaThread "Signal Dispatcher" daemon [_thread_blocked, id=13156, stack(0x0000000016920000,0x0000000016a20000)]
  0x0000000015488000 JavaThread "Finalizer" daemon [_thread_blocked, id=5996, stack(0x0000000016700000,0x0000000016800000)]
  0x0000000002dc1000 JavaThread "Reference Handler" daemon [_thread_blocked, id=8984, stack(0x0000000016600000,0x0000000016700000)]
  0x0000000002ccd800 JavaThread "main" [_thread_in_Java, id=10676, stack(0x0000000002bc0000,0x0000000002cc0000)]

Other Threads:
  0x0000000015465800 VMThread [stack: 0x0000000016500000,0x0000000016600000] [id=11412]
  0x0000000016e77800 WatcherThread [stack: 0x0000000017320000,0x0000000017420000] [id=6264]

VM state:not at safepoint (normal execution)

VM Mutex/Monitor currently owned by a thread: None

Heap:
 PSYoungGen      total 106496K, used 58363K [0x00000000eab00000, 0x00000000f7b00000, 0x0000000100000000)
  eden space 98304K, 51% used [0x00000000eab00000,0x00000000edc014f0,0x00000000f0b00000)
  from space 8192K, 99% used [0x00000000f0b00000,0x00000000f12fd890,0x00000000f1300000)
  to   space 8192K, 0% used [0x00000000f7300000,0x00000000f7300000,0x00000000f7b00000)
 ParOldGen       total 131072K, used 22839K [0x00000000c0000000, 0x00000000c8000000, 0x00000000eab00000)
  object space 131072K, 17% used [0x00000000c0000000,0x00000000c164def8,0x00000000c8000000)
 Metaspace       used 6444K, capacity 7156K, committed 7296K, reserved 1056768K
  class space    used 597K, capacity 620K, committed 640K, reserved 1048576K

Card table byte_map: [0x0000000012190000,0x00000000123a0000] byte_map_base: 0x0000000011b90000

Marking Bits: (ParMarkBitMap*) 0x0000000068fc9d00
 Begin Bits: [0x0000000012900000, 0x0000000013900000)
 End Bits:   [0x0000000013900000, 0x0000000014900000)

Polling page: 0x0000000002b60000

CodeCache: size=245760Kb used=8707Kb max_used=8707Kb free=237052Kb
 bounds [0x0000000002dd0000, 0x0000000003660000, 0x0000000011dd0000]
 total_blobs=2175 nmethods=1907 adapters=181
 compilation: enabled

Compilation events (10 events):
Event: 13.595 Thread 0x00000000154f0800 2013       2       java.util.HashMap::values (25 bytes)
Event: 13.595 Thread 0x00000000154f0800 nmethod 2013 0x0000000003645f10 code [0x0000000003646060, 0x0000000003646230]
Event: 13.595 Thread 0x00000000154f0800 2014       2       java.util.HashMap$Values::<init> (10 bytes)
Event: 13.595 Thread 0x00000000154f0800 nmethod 2014 0x00000000036462d0 code [0x0000000003646420, 0x0000000003646590]
Event: 13.595 Thread 0x00000000154f0800 2015       2       java.util.HashMap$Values::iterator (12 bytes)
Event: 13.596 Thread 0x00000000154f0800 nmethod 2015 0x0000000003646610 code [0x0000000003646780, 0x0000000003646968]
Event: 13.613 Thread 0x00000000154f0800 2017       2       com.android.dx.rop.type.Type::getArrayType (50 bytes)
Event: 13.614 Thread 0x00000000154f0800 nmethod 2017 0x0000000003646a10 code [0x0000000003646bc0, 0x0000000003647028]
Event: 13.615 Thread 0x00000000154f0800 2020   !   2       com.android.dx.cf.code.RopperMachine::run (1550 bytes)
Event: 13.630 Thread 0x00000000154f0800 nmethod 2020 0x0000000003647350 code [0x0000000003647dc0, 0x000000000364cc28]

GC Heap History (6 events):
Event: 3.112 GC heap before
{Heap before GC invocations=1 (full 0):
 PSYoungGen      total 57344K, used 49152K [0x00000000eab00000, 0x00000000eeb00000, 0x0000000100000000)
  eden space 49152K, 100% used [0x00000000eab00000,0x00000000edb00000,0x00000000edb00000)
  from space 8192K, 0% used [0x00000000ee300000,0x00000000ee300000,0x00000000eeb00000)
  to   space 8192K, 0% used [0x00000000edb00000,0x00000000edb00000,0x00000000ee300000)
 ParOldGen       total 131072K, used 0K [0x00000000c0000000, 0x00000000c8000000, 0x00000000eab00000)
  object space 131072K, 0% used [0x00000000c0000000,0x00000000c0000000,0x00000000c8000000)
 Metaspace       used 6069K, capacity 6960K, committed 7040K, reserved 1056768K
  class space    used 576K, capacity 616K, committed 640K, reserved 1048576K
Event: 3.344 GC heap after
Heap after GC invocations=1 (full 0):
 PSYoungGen      total 57344K, used 7846K [0x00000000eab00000, 0x00000000f1b00000, 0x0000000100000000)
  eden space 49152K, 0% used [0x00000000eab00000,0x00000000eab00000,0x00000000edb00000)
  from space 8192K, 95% used [0x00000000edb00000,0x00000000ee2a9840,0x00000000ee300000)
  to   space 8192K, 0% used [0x00000000f1300000,0x00000000f1300000,0x00000000f1b00000)
 ParOldGen       total 131072K, used 16K [0x00000000c0000000, 0x00000000c8000000, 0x00000000eab00000)
  object space 131072K, 0% used [0x00000000c0000000,0x00000000c0004000,0x00000000c8000000)
 Metaspace       used 6069K, capacity 6960K, committed 7040K, reserved 1056768K
  class space    used 576K, capacity 616K, committed 640K, reserved 1048576K
}
Event: 5.299 GC heap before
{Heap before GC invocations=2 (full 0):
 PSYoungGen      total 57344K, used 56998K [0x00000000eab00000, 0x00000000f1b00000, 0x0000000100000000)
  eden space 49152K, 100% used [0x00000000eab00000,0x00000000edb00000,0x00000000edb00000)
  from space 8192K, 95% used [0x00000000edb00000,0x00000000ee2a9840,0x00000000ee300000)
  to   space 8192K, 0% used [0x00000000f1300000,0x00000000f1300000,0x00000000f1b00000)
 ParOldGen       total 131072K, used 16K [0x00000000c0000000, 0x00000000c8000000, 0x00000000eab00000)
  object space 131072K, 0% used [0x00000000c0000000,0x00000000c0004000,0x00000000c8000000)
 Metaspace       used 6259K, capacity 7088K, committed 7296K, reserved 1056768K
  class space    used 577K, capacity 616K, committed 640K, reserved 1048576K
Event: 5.824 GC heap after
Heap after GC invocations=2 (full 0):
 PSYoungGen      total 106496K, used 8170K [0x00000000eab00000, 0x00000000f1b00000, 0x0000000100000000)
  eden space 98304K, 0% used [0x00000000eab00000,0x00000000eab00000,0x00000000f0b00000)
  from space 8192K, 99% used [0x00000000f1300000,0x00000000f1afaab8,0x00000000f1b00000)
  to   space 8192K, 0% used [0x00000000f0b00000,0x00000000f0b00000,0x00000000f1300000)
 ParOldGen       total 131072K, used 4659K [0x00000000c0000000, 0x00000000c8000000, 0x00000000eab00000)
  object space 131072K, 3% used [0x00000000c0000000,0x00000000c048cff8,0x00000000c8000000)
 Metaspace       used 6259K, capacity 7088K, committed 7296K, reserved 1056768K
  class space    used 577K, capacity 616K, committed 640K, reserved 1048576K
}
Event: 10.394 GC heap before
{Heap before GC invocations=3 (full 0):
 PSYoungGen      total 106496K, used 106474K [0x00000000eab00000, 0x00000000f1b00000, 0x0000000100000000)
  eden space 98304K, 100% used [0x00000000eab00000,0x00000000f0b00000,0x00000000f0b00000)
  from space 8192K, 99% used [0x00000000f1300000,0x00000000f1afaab8,0x00000000f1b00000)
  to   space 8192K, 0% used [0x00000000f0b00000,0x00000000f0b00000,0x00000000f1300000)
 ParOldGen       total 131072K, used 4659K [0x00000000c0000000, 0x00000000c8000000, 0x00000000eab00000)
  object space 131072K, 3% used [0x00000000c0000000,0x00000000c048cff8,0x00000000c8000000)
 Metaspace       used 6318K, capacity 7152K, committed 7296K, reserved 1056768K
  class space    used 578K, capacity 616K, committed 640K, reserved 1048576K
Event: 11.687 GC heap after
Heap after GC invocations=3 (full 0):
 PSYoungGen      total 106496K, used 8182K [0x00000000eab00000, 0x00000000f7b00000, 0x0000000100000000)
  eden space 98304K, 0% used [0x00000000eab00000,0x00000000eab00000,0x00000000f0b00000)
  from space 8192K, 99% used [0x00000000f0b00000,0x00000000f12fd890,0x00000000f1300000)
  to   space 8192K, 0% used [0x00000000f7300000,0x00000000f7300000,0x00000000f7b00000)
 ParOldGen       total 131072K, used 22839K [0x00000000c0000000, 0x00000000c8000000, 0x00000000eab00000)
  object space 131072K, 17% used [0x00000000c0000000,0x00000000c164def8,0x00000000c8000000)
 Metaspace       used 6318K, capacity 7152K, committed 7296K, reserved 1056768K
  class space    used 578K, capacity 616K, committed 640K, reserved 1048576K
}

Deoptimization events (10 events):
Event: 9.016 Thread 0x00000000170e0800 Uncommon trap: reason=class_check action=maybe_recompile pc=0x00000000035a4a88 method=com.android.dx.cf.code.BytecodeArray.parseInstruction(ILcom/android/dx/cf/code/BytecodeArray$Visitor;)I @ 1287
Event: 9.016 Thread 0x00000000170e0800 Uncommon trap: reason=class_check action=maybe_recompile pc=0x00000000035a4a88 method=com.android.dx.cf.code.BytecodeArray.parseInstruction(ILcom/android/dx/cf/code/BytecodeArray$Visitor;)I @ 1287
Event: 9.016 Thread 0x00000000170e0800 Uncommon trap: reason=class_check action=maybe_recompile pc=0x00000000035a4a88 method=com.android.dx.cf.code.BytecodeArray.parseInstruction(ILcom/android/dx/cf/code/BytecodeArray$Visitor;)I @ 1287
Event: 9.016 Thread 0x00000000170e0800 Uncommon trap: reason=class_check action=maybe_recompile pc=0x00000000035a4a88 method=com.android.dx.cf.code.BytecodeArray.parseInstruction(ILcom/android/dx/cf/code/BytecodeArray$Visitor;)I @ 1287
Event: 10.051 Thread 0x00000000170df800 Uncommon trap: reason=class_check action=maybe_recompile pc=0x00000000035d9214 method=com.android.dx.cf.code.BytecodeArray.parseInstruction(ILcom/android/dx/cf/code/BytecodeArray$Visitor;)I @ 2002
Event: 10.051 Thread 0x00000000170df800 Uncommon trap: reason=class_check action=maybe_recompile pc=0x00000000035d9214 method=com.android.dx.cf.code.BytecodeArray.parseInstruction(ILcom/android/dx/cf/code/BytecodeArray$Visitor;)I @ 2002
Event: 11.821 Thread 0x0000000017084000 Uncommon trap: reason=unstable_if action=reinterpret pc=0x00000000030be890 method=java.util.HashMap.putVal(ILjava/lang/Object;Ljava/lang/Object;ZZ)Ljava/lang/Object; @ 162
Event: 13.612 Thread 0x0000000017084000 Uncommon trap: reason=unstable_if action=reinterpret pc=0x00000000035f5570 method=com.android.dx.cf.code.Ropper.getFirstTempStackReg()I @ 9
Event: 13.612 Thread 0x0000000002ccd800 Uncommon trap: reason=bimorphic action=maybe_recompile pc=0x000000000360e4cc method=com.android.dx.cf.code.BytecodeArray.parseInstruction(ILcom/android/dx/cf/code/BytecodeArray$Visitor;)I @ 2281
Event: 13.613 Thread 0x0000000002ccd800 Uncommon trap: reason=bimorphic action=maybe_recompile pc=0x000000000360e4cc method=com.android.dx.cf.code.BytecodeArray.parseInstruction(ILcom/android/dx/cf/code/BytecodeArray$Visitor;)I @ 2281

Internal exceptions (6 events):
Event: 0.056 Thread 0x0000000002ccd800 Exception <a 'java/lang/NoSuchMethodError': Method sun.misc.Unsafe.defineClass(Ljava/lang/String;[BII)Ljava/lang/Class; name or signature does not match> (0x00000000eab07cc0) thrown at [C:\src\android\AOSP-openjdk\external\jetbrains\jdk\hotspot\src\share\vf}«w®‘¬?
Event: 0.056 Thread 0x0000000002ccd800 Exception <a 'java/lang/NoSuchMethodError': Method sun.misc.Unsafe.prefetchRead(Ljava/lang/Object;J)V name or signature does not match> (0x00000000eab07fa8) thrown at [C:\src\android\AOSP-openjdk\external\jetbrains\jdk\hotspot\src\share\vm\prims\jni.cpp, lï-„6ø÷@
Event: 2.371 Thread 0x00000000170df800 Implicit null exception at 0x000000000309b422 to 0x000000000309b51a
Event: 11.823 Thread 0x0000000017084000 Exception <a 'java/lang/ArrayIndexOutOfBoundsException': 18> (0x00000000ebc3a0d8) thrown at [C:\src\android\AOSP-openjdk\external\jetbrains\jdk\hotspot\src\share\vm\interpreter\interpreterRuntime.cpp, line 366]
Event: 11.823 Thread 0x0000000017084000 Exception <a 'java/lang/ArrayIndexOutOfBoundsException': 145> (0x00000000ebc3bc58) thrown at [C:\src\android\AOSP-openjdk\external\jetbrains\jdk\hotspot\src\share\vm\interpreter\interpreterRuntime.cpp, line 366]
Event: 11.824 Thread 0x0000000017084000 Exception <a 'java/lang/ArrayIndexOutOfBoundsException'> (0x00000000ebc3cf40) thrown at [C:\src\android\AOSP-openjdk\external\jetbrains\jdk\hotspot\src\share\vm\runtime\sharedRuntime.cpp, line 605]

Events (10 events):
Event: 13.603 Thread 0x0000000002ccd800 DEOPT UNPACKING pc=0x0000000002e175bf sp=0x0000000002cbe020 mode 0
Event: 13.612 Thread 0x0000000017084000 Uncommon trap: trap_request=0xffffff65 fr.pc=0x00000000035f5570
Event: 13.612 Thread 0x0000000017084000 DEOPT PACKING pc=0x00000000035f5570 sp=0x000000001751df30
Event: 13.612 Thread 0x0000000017084000 DEOPT UNPACKING pc=0x0000000002e1556a sp=0x000000001751de98 mode 2
Event: 13.612 Thread 0x0000000002ccd800 Uncommon trap: trap_request=0xffffffc6 fr.pc=0x000000000360e4cc
Event: 13.612 Thread 0x0000000002ccd800 DEOPT PACKING pc=0x000000000360e4cc sp=0x0000000002cbe0c0
Event: 13.612 Thread 0x0000000002ccd800 DEOPT UNPACKING pc=0x0000000002e1556a sp=0x0000000002cbe090 mode 2
Event: 13.613 Thread 0x0000000002ccd800 Uncommon trap: trap_request=0xffffffc6 fr.pc=0x000000000360e4cc
Event: 13.613 Thread 0x0000000002ccd800 DEOPT PACKING pc=0x000000000360e4cc sp=0x0000000002cbdf20
Event: 13.613 Thread 0x0000000002ccd800 DEOPT UNPACKING pc=0x0000000002e1556a sp=0x0000000002cbdef0 mode 2


Dynamic libraries:
0x00007ff729660000 - 0x00007ff729691000 	C:\Program Files\Android\Android Studio\jre\bin\java.exe
0x00007ffbe6d30000 - 0x00007ffbe6f01000 	C:\WINDOWS\SYSTEM32\ntdll.dll
0x00007ffbe6b20000 - 0x00007ffbe6bcb000 	C:\WINDOWS\System32\KERNEL32.DLL
0x00007ffbc6e50000 - 0x00007ffbc6ea4000 	C:\Program Files (x86)\AVG\Av\avghooka.dll
0x00007ffbe3750000 - 0x00007ffbe396d000 	C:\WINDOWS\System32\KERNELBASE.dll
0x00007ffbe5160000 - 0x00007ffbe5202000 	C:\WINDOWS\System32\ADVAPI32.dll
0x00007ffbe6a60000 - 0x00007ffbe6afe000 	C:\WINDOWS\System32\msvcrt.dll
0x00007ffbe6930000 - 0x00007ffbe6989000 	C:\WINDOWS\System32\sechost.dll
0x00007ffbe42c0000 - 0x00007ffbe43e1000 	C:\WINDOWS\System32\RPCRT4.dll
0x00007ffbe6720000 - 0x00007ffbe6885000 	C:\WINDOWS\System32\USER32.dll
0x00007ffbe34a0000 - 0x00007ffbe34be000 	C:\WINDOWS\System32\win32u.dll
0x00007ffbe4780000 - 0x00007ffbe47b4000 	C:\WINDOWS\System32\GDI32.dll
0x00007ffbe3560000 - 0x00007ffbe36e2000 	C:\WINDOWS\System32\gdi32full.dll
0x00007ffbdc080000 - 0x00007ffbdc2f9000 	C:\WINDOWS\WinSxS\amd64_microsoft.windows.common-controls_6595b64144ccf1df_6.0.14393.447_none_42191651c6827bb3\COMCTL32.dll
0x00007ffbe47c0000 - 0x00007ffbe4a87000 	C:\WINDOWS\System32\combase.dll
0x00007ffbe41c0000 - 0x00007ffbe42b5000 	C:\WINDOWS\System32\ucrtbase.dll
0x00007ffbe4150000 - 0x00007ffbe41ba000 	C:\WINDOWS\System32\bcryptPrimitives.dll
0x00007ffbe6d00000 - 0x00007ffbe6d2e000 	C:\WINDOWS\System32\IMM32.DLL
0x0000000069a90000 - 0x0000000069b62000 	C:\Program Files\Android\Android Studio\jre\jre\bin\msvcr100.dll
0x0000000068810000 - 0x0000000069044000 	C:\Program Files\Android\Android Studio\jre\jre\bin\server\jvm.dll
0x00007ffbe6c90000 - 0x00007ffbe6c98000 	C:\WINDOWS\System32\PSAPI.DLL
0x00007ffbd4df0000 - 0x00007ffbd4df9000 	C:\WINDOWS\SYSTEM32\WSOCK32.dll
0x00007ffbe69f0000 - 0x00007ffbe6a5a000 	C:\WINDOWS\System32\WS2_32.dll
0x00007ffbe15f0000 - 0x00007ffbe1613000 	C:\WINDOWS\SYSTEM32\WINMM.dll
0x00007ffbdd670000 - 0x00007ffbdd67a000 	C:\WINDOWS\SYSTEM32\VERSION.dll
0x00007ffbe14b0000 - 0x00007ffbe14db000 	C:\WINDOWS\SYSTEM32\WINMMBASE.dll
0x00007ffbe4050000 - 0x00007ffbe4092000 	C:\WINDOWS\System32\cfgmgr32.dll
0x00007ffbdf880000 - 0x00007ffbdf88f000 	C:\Program Files\Android\Android Studio\jre\jre\bin\verify.dll
0x00007ffbd72c0000 - 0x00007ffbd72e9000 	C:\Program Files\Android\Android Studio\jre\jre\bin\java.dll
0x00007ffbd9590000 - 0x00007ffbd95a6000 	C:\Program Files\Android\Android Studio\jre\jre\bin\zip.dll
0x00007ffbe5210000 - 0x00007ffbe6719000 	C:\WINDOWS\System32\SHELL32.dll
0x00007ffbe3970000 - 0x00007ffbe404a000 	C:\WINDOWS\System32\windows.storage.dll
0x00007ffbe31b0000 - 0x00007ffbe31fc000 	C:\WINDOWS\System32\powrprof.dll
0x00007ffbe6ca0000 - 0x00007ffbe6cf2000 	C:\WINDOWS\System32\shlwapi.dll
0x00007ffbe3200000 - 0x00007ffbe320f000 	C:\WINDOWS\System32\kernel.appcore.dll
0x00007ffbe40a0000 - 0x00007ffbe4149000 	C:\WINDOWS\System32\shcore.dll
0x00007ffbe3190000 - 0x00007ffbe31a4000 	C:\WINDOWS\System32\profapi.dll

VM Arguments:
jvm_args: -Djava.awt.headless=true -Xmx1024M -Dfile.encoding=windows-1255 -Duser.country=US -Duser.language=en -Duser.variant 
java_command: com.android.dx.command.Main --dex --num-threads=4 --output C:\Users\zeevi\AndroidStudioProjects\androidStart\app\build\intermediates\pre-dexed\debug\com.google.android.gms-play-services-basement-9.4.0_76c815a3cfff45b99ba6a341df29f83beed11fed.jar C:\Users\zeevi\AndroidStudioProjects\androidStart\app\build\intermediates\exploded-aar\com.google.android.gms\play-services-basement\9.4.0\jars\classes.jar
java_class_path (initial): C:\Users\zeevi\AppData\Local\Android\sdk\build-tools\23.0.3\lib\dx.jar
Launcher Type: SUN_STANDARD

Environment Variables:
PATH=C:\Program Files (x86)\PHP\v5.6;C:\Program Files (x86)\NVIDIA Corporation\PhysX\Common;C:\Program Files (x86)\Intel\iCLS Client\;C:\Program Files\Intel\iCLS Client\;C:\Windows\system32;C:\Windows;C:\Windows\System32\Wbem;C:\Windows\System32\WindowsPowerShell\v1.0\;C:\Program Files\Intel\Intel(R) Management Engine Components\DAL;C:\Program Files\Intel\Intel(R) Management Engine Components\IPT;C:\Program Files (x86)\Intel\Intel(R) Management Engine Components\DAL;C:\Program Files (x86)\Intel\Intel(R) Management Engine Components\IPT;C:\Program Files (x86)\Microsoft SQL Server\100\Tools\Binn\;C:\Program Files\Microsoft SQL Server\100\Tools\Binn\;C:\Program Files\Microsoft SQL Server\100\DTS\Binn\;C:\Program Files (x86)\OpenVPN\bin;C:\WINDOWS\system32;C:\WINDOWS;C:\WINDOWS\System32\Wbem;C:\WINDOWS\System32\WindowsPowerShell\v1.0\;C:\Program Files (x86)\Common Files\Acronis\SnapAPI\;C:\Program Files (x86)\Skype\Phone\;C:\Program Files\Microsoft SQL Server\130\Tools\Binn\;C:\Program Files (x86)\Windows Kits\10\Windows Performance Toolkit\;C:\Program Files\Git\cmd;C:\Program Files\nodejs\;C:\Users\zeevi\AppData\Local\Microsoft\WindowsApps;
USERNAME=zeevi
OS=Windows_NT
PROCESSOR_IDENTIFIER=Intel64 Family 6 Model 69 Stepping 1, GenuineIntel



---------------  S Y S T E M  ---------------

OS: Windows 10.0 , 64 bit Build 14393 (10.0.14393.0)

CPU:total 4 (2 cores per cpu, 2 threads per core) family 6 model 69 stepping 1, cmov, cx8, fxsr, mmx, sse, sse2, sse3, ssse3, sse4.1, sse4.2, popcnt, avx, avx2, aes, clmul, erms, lzcnt, ht, tsc, tscinvbit, bmi1, bmi2

Memory: 4k page, physical 12463556k(2980928k free), swap 13487556k(5132k free)

vm_info: OpenJDK 64-Bit Server VM (25.76-b03) for windows-amd64 JRE (1.8.0_76-release-b03), built on Jun 29 2016 19:09:20 by "ralucas" with MS VC++ 10.0 (VS2010)

time: Fri Dec 09 23:15:04 2016
elapsed time: 13 seconds (0d 0h 0m 13s)

