#
# There is insufficient memory for the Java Runtime Environment to continue.
# Native memory allocation (malloc) failed to allocate 378800 bytes for Chunk::new
# Possible reasons:
#   The system is out of physical RAM or swap space
#   In 32 bit mode, the process size limit was hit
# Possible solutions:
#   Reduce memory load on the system
#   Increase physical memory or swap space
#   Check if swap backing store is full
#   Use 64 bit Java on a 64 bit OS
#   Decrease Java heap size (-Xmx/-Xms)
#   Decrease number of Java threads
#   Decrease Java thread stack sizes (-Xss)
#   Set larger code cache with -XX:ReservedCodeCacheSize=
# This output file may be truncated or incomplete.
#
#  Out of Memory Error (allocation.cpp:390), pid=1308, tid=0x0000000000002db4
#
# JRE version: OpenJDK Runtime Environment (8.0_76-b03) (build 1.8.0_76-release-b03)
# Java VM: OpenJDK 64-Bit Server VM (25.76-b03 mixed mode windows-amd64 compressed oops)
# Failed to write core dump. Minidumps are not enabled by default on client versions of Windows
#

---------------  T H R E A D  ---------------

Current thread (0x000000001537d000):  JavaThread "C2 CompilerThread1" daemon [_thread_in_native, id=11700, stack(0x0000000016a70000,0x0000000016b70000)]

Stack: [0x0000000016a70000,0x0000000016b70000]
[error occurred during error reporting (printing stack bounds), id 0xc0000005]

Native frames: (J=compiled Java code, j=interpreted, Vv=VM code, C=native code)


Current CompileTask:
C2:  25619 2699   !   4       com.android.dx.cf.code.Ropper::doit (126 bytes)


---------------  P R O C E S S  ---------------

Java Threads: ( => current thread )
  0x0000000016fad800 JavaThread "pool-2-thread-4" [_thread_in_native_trans, id=5444, stack(0x0000000017e70000,0x0000000017f70000)]
  0x00000000178b9800 JavaThread "pool-2-thread-3" [_thread_in_Java, id=11240, stack(0x0000000017d70000,0x0000000017e70000)]
  0x00000000178b8800 JavaThread "pool-2-thread-2" [_thread_in_Java, id=12348, stack(0x0000000017c70000,0x0000000017d70000)]
  0x00000000174ed000 JavaThread "pool-3-thread-1" [_thread_blocked, id=15892, stack(0x0000000017b70000,0x0000000017c70000)]
  0x00000000174ec000 JavaThread "pool-2-thread-1" [_thread_in_Java, id=15748, stack(0x0000000017a70000,0x0000000017b70000)]
  0x0000000016c7e000 JavaThread "Service Thread" daemon [_thread_blocked, id=11544, stack(0x0000000017070000,0x0000000017170000)]
  0x000000001537f800 JavaThread "C1 CompilerThread2" daemon [_thread_blocked, id=14288, stack(0x0000000016b70000,0x0000000016c70000)]
=>0x000000001537d000 JavaThread "C2 CompilerThread1" daemon [_thread_in_native, id=11700, stack(0x0000000016a70000,0x0000000016b70000)]
  0x0000000015379800 JavaThread "C2 CompilerThread0" daemon [_thread_in_native, id=6184, stack(0x0000000016970000,0x0000000016a70000)]
  0x0000000015378000 JavaThread "Attach Listener" daemon [_thread_blocked, id=11068, stack(0x0000000016870000,0x0000000016970000)]
  0x0000000015377800 JavaThread "Signal Dispatcher" daemon [_thread_blocked, id=15604, stack(0x0000000016770000,0x0000000016870000)]
  0x0000000015318800 JavaThread "Finalizer" daemon [_thread_blocked, id=6136, stack(0x0000000016580000,0x0000000016680000)]
  0x0000000002b92800 JavaThread "Reference Handler" daemon [_thread_blocked, id=11152, stack(0x0000000016480000,0x0000000016580000)]
  0x0000000002c5d800 JavaThread "main" [_thread_in_Java, id=10144, stack(0x0000000002970000,0x0000000002a70000)]

Other Threads:
  0x00000000152f5000 VMThread [stack: 0x0000000016380000,0x0000000016480000] [id=6936]
  0x0000000016ce4000 WatcherThread [stack: 0x0000000017170000,0x0000000017270000] [id=15024]

VM state:not at safepoint (normal execution)

VM Mutex/Monitor currently owned by a thread: None

Heap:
 PSYoungGen      total 228864K, used 104101K [0x00000000eab00000, 0x0000000100000000, 0x0000000100000000)
  eden space 112640K, 63% used [0x00000000eab00000,0x00000000ef0d0270,0x00000000f1900000)
  from space 116224K, 28% used [0x00000000f1900000,0x00000000f38d93d8,0x00000000f8a80000)
  to   space 116224K, 0% used [0x00000000f8e80000,0x00000000f8e80000,0x0000000100000000)
 ParOldGen       total 699392K, used 591633K [0x00000000c0000000, 0x00000000eab00000, 0x00000000eab00000)
  object space 699392K, 84% used [0x00000000c0000000,0x00000000e41c4640,0x00000000eab00000)
 Metaspace       used 6647K, capacity 7284K, committed 7552K, reserved 1056768K
  class space    used 604K, capacity 620K, committed 640K, reserved 1048576K

Card table byte_map: [0x0000000012020000,0x0000000012230000] byte_map_base: 0x0000000011a20000

Marking Bits: (ParMarkBitMap*) 0x0000000050999d00
 Begin Bits: [0x0000000012790000, 0x0000000013790000)
 End Bits:   [0x0000000013790000, 0x0000000014790000)

Polling page: 0x00000000011c0000

CodeCache: size=245760Kb used=12271Kb max_used=14341Kb free=233488Kb
 bounds [0x0000000002c60000, 0x0000000003a70000, 0x0000000011c60000]
 total_blobs=2522 nmethods=2252 adapters=183
 compilation: enabled

Compilation events (10 events):
Event: 24.840 Thread 0x000000001537d000 nmethod 2656 0x0000000003974a90 code [0x0000000003974bc0, 0x0000000003974c58]
Event: 24.840 Thread 0x000000001537d000 2666       4       com.android.dx.rop.code.RegisterSpec::withReg (23 bytes)
Event: 24.865 Thread 0x000000001537d000 nmethod 2666 0x0000000002ef24d0 code [0x0000000002ef2700, 0x0000000002ef3630]
Event: 24.866 Thread 0x000000001537d000 2663       4       java.util.TreeMap$Values::iterator (19 bytes)
Event: 24.869 Thread 0x000000001537d000 nmethod 2663 0x0000000002f14550 code [0x0000000002f146a0, 0x0000000002f147f8]
Event: 24.869 Thread 0x000000001537d000 2677   !   4       com.android.dx.cf.direct.AttributeFactory::parse (248 bytes)
Event: 24.938 Thread 0x000000001537d000 nmethod 2677 0x0000000003389110 code [0x00000000033892a0, 0x0000000003389bb8]
Event: 24.938 Thread 0x000000001537d000 2678       4       com.android.dx.cf.direct.StdAttributeFactory::parse0 (532 bytes)
Event: 25.411 Thread 0x000000001537d000 nmethod 2678 0x00000000034a49d0 code [0x00000000034a5160, 0x00000000034ab9c0]
Event: 25.412 Thread 0x000000001537d000 2699   !   4       com.android.dx.cf.code.Ropper::doit (126 bytes)

GC Heap History (10 events):
Event: 23.159 GC heap before
{Heap before GC invocations=30 (full 4):
 PSYoungGen      total 232960K, used 193886K [0x00000000eab00000, 0x0000000100000000, 0x0000000100000000)
  eden space 116736K, 100% used [0x00000000eab00000,0x00000000f1d00000,0x00000000f1d00000)
  from space 116224K, 66% used [0x00000000f1d00000,0x00000000f6857a68,0x00000000f8e80000)
  to   space 116224K, 0% used [0x00000000f8e80000,0x00000000f8e80000,0x0000000100000000)
 ParOldGen       total 699392K, used 579239K [0x00000000c0000000, 0x00000000eab00000, 0x00000000eab00000)
  object space 699392K, 82% used [0x00000000c0000000,0x00000000e35a9e68,0x00000000eab00000)
 Metaspace       used 6647K, capacity 7284K, committed 7552K, reserved 1056768K
  class space    used 604K, capacity 620K, committed 640K, reserved 1048576K
Event: 23.284 GC heap after
Heap after GC invocations=30 (full 4):
 PSYoungGen      total 232960K, used 62194K [0x00000000eab00000, 0x0000000100000000, 0x0000000100000000)
  eden space 116736K, 0% used [0x00000000eab00000,0x00000000eab00000,0x00000000f1d00000)
  from space 116224K, 53% used [0x00000000f8e80000,0x00000000fcb3cb68,0x0000000100000000)
  to   space 116224K, 0% used [0x00000000f1d00000,0x00000000f1d00000,0x00000000f8e80000)
 ParOldGen       total 699392K, used 654800K [0x00000000c0000000, 0x00000000eab00000, 0x00000000eab00000)
  object space 699392K, 93% used [0x00000000c0000000,0x00000000e7f740a0,0x00000000eab00000)
 Metaspace       used 6647K, capacity 7284K, committed 7552K, reserved 1056768K
  class space    used 604K, capacity 620K, committed 640K, reserved 1048576K
}
Event: 23.284 GC heap before
{Heap before GC invocations=31 (full 5):
 PSYoungGen      total 232960K, used 62194K [0x00000000eab00000, 0x0000000100000000, 0x0000000100000000)
  eden space 116736K, 0% used [0x00000000eab00000,0x00000000eab00000,0x00000000f1d00000)
  from space 116224K, 53% used [0x00000000f8e80000,0x00000000fcb3cb68,0x0000000100000000)
  to   space 116224K, 0% used [0x00000000f1d00000,0x00000000f1d00000,0x00000000f8e80000)
 ParOldGen       total 699392K, used 654800K [0x00000000c0000000, 0x00000000eab00000, 0x00000000eab00000)
  object space 699392K, 93% used [0x00000000c0000000,0x00000000e7f740a0,0x00000000eab00000)
 Metaspace       used 6647K, capacity 7284K, committed 7552K, reserved 1056768K
  class space    used 604K, capacity 620K, committed 640K, reserved 1048576K
Event: 24.364 GC heap after
Heap after GC invocations=31 (full 5):
 PSYoungGen      total 232960K, used 0K [0x00000000eab00000, 0x0000000100000000, 0x0000000100000000)
  eden space 116736K, 0% used [0x00000000eab00000,0x00000000eab00000,0x00000000f1d00000)
  from space 116224K, 0% used [0x00000000f8e80000,0x00000000f8e80000,0x0000000100000000)
  to   space 116224K, 0% used [0x00000000f1d00000,0x00000000f1d00000,0x00000000f8e80000)
 ParOldGen       total 699392K, used 507564K [0x00000000c0000000, 0x00000000eab00000, 0x00000000eab00000)
  object space 699392K, 72% used [0x00000000c0000000,0x00000000defab1d8,0x00000000eab00000)
 Metaspace       used 6647K, capacity 7284K, committed 7552K, reserved 1056768K
  class space    used 604K, capacity 620K, committed 640K, reserved 1048576K
}
Event: 24.627 GC heap before
{Heap before GC invocations=32 (full 5):
 PSYoungGen      total 232960K, used 116736K [0x00000000eab00000, 0x0000000100000000, 0x0000000100000000)
  eden space 116736K, 100% used [0x00000000eab00000,0x00000000f1d00000,0x00000000f1d00000)
  from space 116224K, 0% used [0x00000000f8e80000,0x00000000f8e80000,0x0000000100000000)
  to   space 116224K, 0% used [0x00000000f1d00000,0x00000000f1d00000,0x00000000f8e80000)
 ParOldGen       total 699392K, used 507564K [0x00000000c0000000, 0x00000000eab00000, 0x00000000eab00000)
  object space 699392K, 72% used [0x00000000c0000000,0x00000000defab1d8,0x00000000eab00000)
 Metaspace       used 6647K, capacity 7284K, committed 7552K, reserved 1056768K
  class space    used 604K, capacity 620K, committed 640K, reserved 1048576K
Event: 24.689 GC heap after
Heap after GC invocations=32 (full 5):
 PSYoungGen      total 165376K, used 48263K [0x00000000eab00000, 0x00000000ff800000, 0x0000000100000000)
  eden space 116736K, 0% used [0x00000000eab00000,0x00000000eab00000,0x00000000f1d00000)
  from space 48640K, 99% used [0x00000000f1d00000,0x00000000f4c21de8,0x00000000f4c80000)
  to   space 112128K, 0% used [0x00000000f8a80000,0x00000000f8a80000,0x00000000ff800000)
 ParOldGen       total 699392K, used 507564K [0x00000000c0000000, 0x00000000eab00000, 0x00000000eab00000)
  object space 699392K, 72% used [0x00000000c0000000,0x00000000defab1d8,0x00000000eab00000)
 Metaspace       used 6647K, capacity 7284K, committed 7552K, reserved 1056768K
  class space    used 604K, capacity 620K, committed 640K, reserved 1048576K
}
Event: 24.876 GC heap before
{Heap before GC invocations=33 (full 5):
 PSYoungGen      total 165376K, used 164999K [0x00000000eab00000, 0x00000000ff800000, 0x0000000100000000)
  eden space 116736K, 100% used [0x00000000eab00000,0x00000000f1d00000,0x00000000f1d00000)
  from space 48640K, 99% used [0x00000000f1d00000,0x00000000f4c21de8,0x00000000f4c80000)
  to   space 112128K, 0% used [0x00000000f8a80000,0x00000000f8a80000,0x00000000ff800000)
 ParOldGen       total 699392K, used 507564K [0x00000000c0000000, 0x00000000eab00000, 0x00000000eab00000)
  object space 699392K, 72% used [0x00000000c0000000,0x00000000defab1d8,0x00000000eab00000)
 Metaspace       used 6647K, capacity 7284K, committed 7552K, reserved 1056768K
  class space    used 604K, capacity 620K, committed 640K, reserved 1048576K
Event: 24.937 GC heap after
Heap after GC invocations=33 (full 5):
 PSYoungGen      total 224768K, used 88273K [0x00000000eab00000, 0x0000000100000000, 0x0000000100000000)
  eden space 112640K, 0% used [0x00000000eab00000,0x00000000eab00000,0x00000000f1900000)
  from space 112128K, 78% used [0x00000000f8a80000,0x00000000fe0b46a0,0x00000000ff800000)
  to   space 116224K, 0% used [0x00000000f1900000,0x00000000f1900000,0x00000000f8a80000)
 ParOldGen       total 699392K, used 507564K [0x00000000c0000000, 0x00000000eab00000, 0x00000000eab00000)
  object space 699392K, 72% used [0x00000000c0000000,0x00000000defab1d8,0x00000000eab00000)
 Metaspace       used 6647K, capacity 7284K, committed 7552K, reserved 1056768K
  class space    used 604K, capacity 620K, committed 640K, reserved 1048576K
}
Event: 25.304 GC heap before
{Heap before GC invocations=34 (full 5):
 PSYoungGen      total 224768K, used 200913K [0x00000000eab00000, 0x0000000100000000, 0x0000000100000000)
  eden space 112640K, 100% used [0x00000000eab00000,0x00000000f1900000,0x00000000f1900000)
  from space 112128K, 78% used [0x00000000f8a80000,0x00000000fe0b46a0,0x00000000ff800000)
  to   space 116224K, 0% used [0x00000000f1900000,0x00000000f1900000,0x00000000f8a80000)
 ParOldGen       total 699392K, used 507564K [0x00000000c0000000, 0x00000000eab00000, 0x00000000eab00000)
  object space 699392K, 72% used [0x00000000c0000000,0x00000000defab1d8,0x00000000eab00000)
 Metaspace       used 6647K, capacity 7284K, committed 7552K, reserved 1056768K
  class space    used 604K, capacity 620K, committed 640K, reserved 1048576K
Event: 25.399 GC heap after
Heap after GC invocations=34 (full 5):
 PSYoungGen      total 228864K, used 32612K [0x00000000eab00000, 0x0000000100000000, 0x0000000100000000)
  eden space 112640K, 0% used [0x00000000eab00000,0x00000000eab00000,0x00000000f1900000)
  from space 116224K, 28% used [0x00000000f1900000,0x00000000f38d93d8,0x00000000f8a80000)
  to   space 116224K, 0% used [0x00000000f8e80000,0x00000000f8e80000,0x0000000100000000)
 ParOldGen       total 699392K, used 591633K [0x00000000c0000000, 0x00000000eab00000, 0x00000000eab00000)
  object space 699392K, 84% used [0x00000000c0000000,0x00000000e41c4640,0x00000000eab00000)
 Metaspace       used 6647K, capacity 7284K, committed 7552K, reserved 1056768K
  class space    used 604K, capacity 620K, committed 640K, reserved 1048576K
}

Deoptimization events (10 events):
Event: 21.601 Thread 0x00000000178b8800 Uncommon trap: reason=class_check action=maybe_recompile pc=0x00000000030c6d2c method=com.android.dx.ssa.back.InterferenceGraph.add(II)V @ 19
Event: 21.601 Thread 0x00000000178b8800 Uncommon trap: reason=class_check action=maybe_recompile pc=0x00000000030c6d2c method=com.android.dx.ssa.back.InterferenceGraph.add(II)V @ 19
Event: 21.627 Thread 0x0000000002c5d800 Uncommon trap: reason=predicate action=maybe_recompile pc=0x0000000003772dfc method=com.android.dx.ssa.back.InterferenceGraph.<init>(I)V @ 23
Event: 21.795 Thread 0x00000000178b8800 Uncommon trap: reason=class_check action=maybe_recompile pc=0x0000000003645574 method=com.android.dx.ssa.back.InterferenceGraph.mergeInterferenceSet(ILcom/android/dx/util/IntSet;)V @ 20
Event: 21.796 Thread 0x00000000178b8800 Uncommon trap: reason=class_check action=maybe_recompile pc=0x0000000003645574 method=com.android.dx.ssa.back.InterferenceGraph.mergeInterferenceSet(ILcom/android/dx/util/IntSet;)V @ 20
Event: 21.796 Thread 0x00000000178b8800 Uncommon trap: reason=class_check action=maybe_recompile pc=0x0000000003645574 method=com.android.dx.ssa.back.InterferenceGraph.mergeInterferenceSet(ILcom/android/dx/util/IntSet;)V @ 20
Event: 21.801 Thread 0x00000000178b8800 Uncommon trap: reason=class_check action=maybe_recompile pc=0x0000000003645574 method=com.android.dx.ssa.back.InterferenceGraph.mergeInterferenceSet(ILcom/android/dx/util/IntSet;)V @ 20
Event: 22.247 Thread 0x0000000002c5d800 Uncommon trap: reason=class_check action=maybe_recompile pc=0x000000000395b1bc method=com.android.dx.cf.code.BytecodeArray.parseInstruction(ILcom/android/dx/cf/code/BytecodeArray$Visitor;)I @ 2092
Event: 22.371 Thread 0x0000000002c5d800 Uncommon trap: reason=class_check action=maybe_recompile pc=0x000000000395b1bc method=com.android.dx.cf.code.BytecodeArray.parseInstruction(ILcom/android/dx/cf/code/BytecodeArray$Visitor;)I @ 2092
Event: 24.443 Thread 0x00000000174ec000 Uncommon trap: reason=class_check action=maybe_recompile pc=0x0000000003887180 method=com.android.dx.ssa.SsaConverter.placePhiFunctions(Lcom/android/dx/ssa/SsaMethod;Lcom/android/dx/ssa/LocalVariableInfo;I)V @ 257

Internal exceptions (9 events):
Event: 0.022 Thread 0x0000000002c5d800 Exception <a 'java/lang/NoSuchMethodError': Method sun.misc.Unsafe.defineClass(Ljava/lang/String;[BII)Ljava/lang/Class; name or signature does not match> (0x00000000eab07cc0) thrown at [C:\src\android\AOSP-openjdk\external\jetbrains\jdk\hotspot\src\share\vÿŽ»ÿêÆ–?
Event: 0.022 Thread 0x0000000002c5d800 Exception <a 'java/lang/NoSuchMethodError': Method sun.misc.Unsafe.prefetchRead(Ljava/lang/Object;J)V name or signature does not match> (0x00000000eab07fa8) thrown at [C:\src\android\AOSP-openjdk\external\jetbrains\jdk\hotspot\src\share\vm\prims\jni.cpp, l¹Å`=Í^å?
Event: 0.668 Thread 0x00000000174ec000 Implicit null exception at 0x0000000002f9e222 to 0x0000000002f9e329
Event: 1.333 Thread 0x00000000174ec000 Exception <a 'java/lang/ArrayIndexOutOfBoundsException': 18> (0x00000000ef829cb0) thrown at [C:\src\android\AOSP-openjdk\external\jetbrains\jdk\hotspot\src\share\vm\interpreter\interpreterRuntime.cpp, line 366]
Event: 1.334 Thread 0x00000000174ec000 Exception <a 'java/lang/ArrayIndexOutOfBoundsException': 145> (0x00000000ef82b830) thrown at [C:\src\android\AOSP-openjdk\external\jetbrains\jdk\hotspot\src\share\vm\interpreter\interpreterRuntime.cpp, line 366]
Event: 1.334 Thread 0x00000000174ec000 Exception <a 'java/lang/ArrayIndexOutOfBoundsException'> (0x00000000ef82cb18) thrown at [C:\src\android\AOSP-openjdk\external\jetbrains\jdk\hotspot\src\share\vm\runtime\sharedRuntime.cpp, line 605]
Event: 4.405 Thread 0x00000000174ec000 Implicit null exception at 0x000000000355dc1c to 0x0000000003565fbd
Event: 6.141 Thread 0x0000000002c5d800 Implicit null exception at 0x0000000002dccf05 to 0x0000000002dcd885
Event: 6.153 Thread 0x0000000016fad800 Implicit null exception at 0x0000000003467515 to 0x000000000346787d

Events (10 events):
Event: 25.399 Executing VM operation: ParallelGCFailedAllocation done
Event: 25.411 Thread 0x000000001537d000 flushing nmethod 0x0000000002dc5450
Event: 25.412 Thread 0x000000001537d000 flushing nmethod 0x0000000002de3710
Event: 25.412 Thread 0x000000001537d000 flushing nmethod 0x0000000002de5390
Event: 25.481 Thread 0x0000000002c5d800 DEOPT PACKING pc=0x00000000031d3935 sp=0x0000000002a6e240
Event: 25.481 Thread 0x0000000002c5d800 DEOPT UNPACKING pc=0x0000000002ca75bf sp=0x0000000002a6e070 mode 0
Event: 25.487 Thread 0x0000000002c5d800 DEOPT PACKING pc=0x00000000033e64c4 sp=0x0000000002a6e770
Event: 25.487 Thread 0x0000000002c5d800 DEOPT UNPACKING pc=0x0000000002ca75bf sp=0x0000000002a6e550 mode 0
Event: 25.525 Thread 0x0000000002c5d800 DEOPT PACKING pc=0x00000000031c6a64 sp=0x0000000002a6e430
Event: 25.525 Thread 0x0000000002c5d800 DEOPT UNPACKING pc=0x0000000002ca75bf sp=0x0000000002a6e1b0 mode 0


Dynamic libraries:
0x00007ff621970000 - 0x00007ff6219a1000 	C:\Program Files\Android\Android Studio\jre\bin\java.exe
0x00007ffe5c890000 - 0x00007ffe5ca61000 	C:\WINDOWS\SYSTEM32\ntdll.dll
0x00007ffe5a1b0000 - 0x00007ffe5a25b000 	C:\WINDOWS\System32\KERNEL32.DLL
0x00007ffe3c9f0000 - 0x00007ffe3ca44000 	C:\Program Files (x86)\AVG\Av\avghooka.dll
0x00007ffe59020000 - 0x00007ffe5923d000 	C:\WINDOWS\System32\KERNELBASE.dll
0x00007ffe5a0f0000 - 0x00007ffe5a192000 	C:\WINDOWS\System32\ADVAPI32.dll
0x00007ffe59ec0000 - 0x00007ffe59f5e000 	C:\WINDOWS\System32\msvcrt.dll
0x00007ffe59fc0000 - 0x00007ffe5a019000 	C:\WINDOWS\System32\sechost.dll
0x00007ffe5c200000 - 0x00007ffe5c321000 	C:\WINDOWS\System32\RPCRT4.dll
0x00007ffe5c090000 - 0x00007ffe5c1f5000 	C:\WINDOWS\System32\USER32.dll
0x00007ffe58d80000 - 0x00007ffe58d9e000 	C:\WINDOWS\System32\win32u.dll
0x00007ffe59f80000 - 0x00007ffe59fb4000 	C:\WINDOWS\System32\GDI32.dll
0x00007ffe59a90000 - 0x00007ffe59c12000 	C:\WINDOWS\System32\gdi32full.dll
0x00007ffe51c10000 - 0x00007ffe51e89000 	C:\WINDOWS\WinSxS\amd64_microsoft.windows.common-controls_6595b64144ccf1df_6.0.14393.447_none_42191651c6827bb3\COMCTL32.dll
0x00007ffe5bd00000 - 0x00007ffe5bfc8000 	C:\WINDOWS\System32\combase.dll
0x00007ffe59c20000 - 0x00007ffe59d15000 	C:\WINDOWS\System32\ucrtbase.dll
0x00007ffe59340000 - 0x00007ffe593aa000 	C:\WINDOWS\System32\bcryptPrimitives.dll
0x00007ffe5c330000 - 0x00007ffe5c35e000 	C:\WINDOWS\System32\IMM32.DLL
0x0000000051270000 - 0x0000000051342000 	C:\Program Files\Android\Android Studio\jre\jre\bin\msvcr100.dll
0x00000000501e0000 - 0x0000000050a14000 	C:\Program Files\Android\Android Studio\jre\jre\bin\server\jvm.dll
0x00007ffe5a1a0000 - 0x00007ffe5a1a8000 	C:\WINDOWS\System32\PSAPI.DLL
0x00007ffe4a8a0000 - 0x00007ffe4a8a9000 	C:\WINDOWS\SYSTEM32\WSOCK32.dll
0x00007ffe5a340000 - 0x00007ffe5a3aa000 	C:\WINDOWS\System32\WS2_32.dll
0x00007ffe57180000 - 0x00007ffe571a3000 	C:\WINDOWS\SYSTEM32\WINMM.dll
0x00007ffe51e90000 - 0x00007ffe51e9a000 	C:\WINDOWS\SYSTEM32\VERSION.dll
0x00007ffe57150000 - 0x00007ffe5717b000 	C:\WINDOWS\SYSTEM32\WINMMBASE.dll
0x00007ffe59d20000 - 0x00007ffe59d62000 	C:\WINDOWS\System32\cfgmgr32.dll
0x00007ffe557e0000 - 0x00007ffe557ef000 	C:\Program Files\Android\Android Studio\jre\jre\bin\verify.dll
0x00007ffe4da90000 - 0x00007ffe4dab9000 	C:\Program Files\Android\Android Studio\jre\jre\bin\java.dll
0x00007ffe4da20000 - 0x00007ffe4da36000 	C:\Program Files\Android\Android Studio\jre\jre\bin\zip.dll
0x00007ffe5a3b0000 - 0x00007ffe5b8b9000 	C:\WINDOWS\System32\SHELL32.dll
0x00007ffe593b0000 - 0x00007ffe59a8a000 	C:\WINDOWS\System32\windows.storage.dll
0x00007ffe58cf0000 - 0x00007ffe58d3c000 	C:\WINDOWS\System32\powrprof.dll
0x00007ffe5a090000 - 0x00007ffe5a0e2000 	C:\WINDOWS\System32\shlwapi.dll
0x00007ffe58d70000 - 0x00007ffe58d7f000 	C:\WINDOWS\System32\kernel.appcore.dll
0x00007ffe59d70000 - 0x00007ffe59e19000 	C:\WINDOWS\System32\shcore.dll
0x00007ffe58d40000 - 0x00007ffe58d54000 	C:\WINDOWS\System32\profapi.dll

VM Arguments:
jvm_args: -Djava.awt.headless=true -Xmx1024M -Dfile.encoding=windows-1255 -Duser.country=US -Duser.language=en -Duser.variant 
java_command: com.android.dx.command.Main --dex --num-threads=4 --multi-dex --main-dex-list C:\Users\zeevi\AndroidStudioProjects\androidStart\app\build\intermediates\multi-dex\debug\maindexlist.txt --output C:\Users\zeevi\AndroidStudioProjects\androidStart\app\build\intermediates\transforms\dex\debug\folders\1000\1f\main C:\Users\zeevi\AndroidStudioProjects\androidStart\app\build\intermediates\transforms\jarMerging\debug\jars\1\1f\combined.jar
java_class_path (initial): C:\Users\zeevi\AppData\Local\Android\sdk\build-tools\23.0.3\lib\dx.jar
Launcher Type: SUN_STANDARD

Environment Variables:
PATH=C:\Program Files (x86)\PHP\v5.6;C:\Program Files (x86)\NVIDIA Corporation\PhysX\Common;C:\Program Files (x86)\Intel\iCLS Client\;C:\Program Files\Intel\iCLS Client\;C:\Windows\system32;C:\Windows;C:\Windows\System32\Wbem;C:\Windows\System32\WindowsPowerShell\v1.0\;C:\Program Files\Intel\Intel(R) Management Engine Components\DAL;C:\Program Files\Intel\Intel(R) Management Engine Components\IPT;C:\Program Files (x86)\Intel\Intel(R) Management Engine Components\DAL;C:\Program Files (x86)\Intel\Intel(R) Management Engine Components\IPT;C:\Program Files (x86)\Microsoft SQL Server\100\Tools\Binn\;C:\Program Files\Microsoft SQL Server\100\Tools\Binn\;C:\Program Files\Microsoft SQL Server\100\DTS\Binn\;C:\Program Files (x86)\OpenVPN\bin;C:\WINDOWS\system32;C:\WINDOWS;C:\WINDOWS\System32\Wbem;C:\WINDOWS\System32\WindowsPowerShell\v1.0\;C:\Program Files (x86)\Common Files\Acronis\SnapAPI\;C:\Program Files (x86)\Skype\Phone\;C:\Program Files\Microsoft SQL Server\130\Tools\Binn\;C:\Program Files (x86)\Windows Kits\10\Windows Performance Toolkit\;C:\Program Files\Git\cmd;C:\Program Files\nodejs\;C:\Users\zeevi\AppData\Local\Microsoft\WindowsApps;
USERNAME=zeevi
OS=Windows_NT
PROCESSOR_IDENTIFIER=Intel64 Family 6 Model 69 Stepping 1, GenuineIntel



---------------  S Y S T E M  ---------------

OS: Windows 10.0 , 64 bit Build 14393 (10.0.14393.0)

CPU:total 4 (2 cores per cpu, 2 threads per core) family 6 model 69 stepping 1, cmov, cx8, fxsr, mmx, sse, sse2, sse3, ssse3, sse4.1, sse4.2, popcnt, avx, avx2, aes, clmul, erms, lzcnt, ht, tsc, tscinvbit, bmi1, bmi2

Memory: 4k page, physical 12463556k(1782460k free), swap 13487556k(5548k free)

vm_info: OpenJDK 64-Bit Server VM (25.76-b03) for windows-amd64 JRE (1.8.0_76-release-b03), built on Jun 29 2016 19:09:20 by "ralucas" with MS VC++ 10.0 (VS2010)

time: Wed Jan 11 12:11:34 2017
elapsed time: 25 seconds (0d 0h 0m 25s)

