#
# There is insufficient memory for the Java Runtime Environment to continue.
# Native memory allocation (malloc) failed to allocate 32744 bytes for ChunkPool::allocate
# Possible reasons:
#   The system is out of physical RAM or swap space
#   In 32 bit mode, the process size limit was hit
# Possible solutions:
#   Reduce memory load on the system
#   Increase physical memory or swap space
#   Check if swap backing store is full
#   Use 64 bit Java on a 64 bit OS
#   Decrease Java heap size (-Xmx/-Xms)
#   Decrease number of Java threads
#   Decrease Java thread stack sizes (-Xss)
#   Set larger code cache with -XX:ReservedCodeCacheSize=
# This output file may be truncated or incomplete.
#
#  Out of Memory Error (allocation.cpp:273), pid=13140, tid=0x0000000000002c24
#
# JRE version: OpenJDK Runtime Environment (8.0_76-b03) (build 1.8.0_76-release-b03)
# Java VM: OpenJDK 64-Bit Server VM (25.76-b03 mixed mode windows-amd64 compressed oops)
# Failed to write core dump. Minidumps are not enabled by default on client versions of Windows
#

---------------  T H R E A D  ---------------

Current thread (0x00000000153bd800):  JavaThread "C2 CompilerThread0" daemon [_thread_in_native, id=11300, stack(0x00000000169e0000,0x0000000016ae0000)]

Stack: [0x00000000169e0000,0x0000000016ae0000]
[error occurred during error reporting (printing stack bounds), id 0xc0000005]

Native frames: (J=compiled Java code, j=interpreted, Vv=VM code, C=native code)


Current CompileTask:
C2:  27022 1925   !   4       com.android.dx.cf.code.Ropper::processBlock (1101 bytes)


---------------  P R O C E S S  ---------------

Java Threads: ( => current thread )
  0x0000000016c2d800 JavaThread "Service Thread" daemon [_thread_blocked, id=15540, stack(0x00000000170e0000,0x00000000171e0000)]
  0x0000000016c2a000 JavaThread "C1 CompilerThread2" daemon [_thread_blocked, id=1044, stack(0x0000000016fe0000,0x00000000170e0000)]
  0x00000000153c1000 JavaThread "C2 CompilerThread1" daemon [_thread_blocked, id=13276, stack(0x0000000016ae0000,0x0000000016be0000)]
=>0x00000000153bd800 JavaThread "C2 CompilerThread0" daemon [_thread_in_native, id=11300, stack(0x00000000169e0000,0x0000000016ae0000)]
  0x00000000153bc000 JavaThread "Attach Listener" daemon [_thread_blocked, id=11164, stack(0x00000000168e0000,0x00000000169e0000)]
  0x00000000153bb800 JavaThread "Signal Dispatcher" daemon [_thread_blocked, id=9292, stack(0x00000000167e0000,0x00000000168e0000)]
  0x0000000015358000 JavaThread "Finalizer" daemon [_thread_blocked, id=2084, stack(0x00000000165f0000,0x00000000166f0000)]
  0x0000000002c91000 JavaThread "Reference Handler" daemon [_thread_blocked, id=11040, stack(0x00000000164f0000,0x00000000165f0000)]
  0x000000000119d800 JavaThread "main" [_thread_in_Java, id=11720, stack(0x0000000002aa0000,0x0000000002ba0000)]

Other Threads:
  0x0000000015335800 VMThread [stack: 0x00000000163f0000,0x00000000164f0000] [id=13576]
  0x0000000016c31000 WatcherThread [stack: 0x00000000171e0000,0x00000000172e0000] [id=10608]

VM state:not at safepoint (normal execution)

VM Mutex/Monitor currently owned by a thread: None

Heap:
 PSYoungGen      total 220160K, used 186758K [0x00000000eab00000, 0x00000000fa300000, 0x0000000100000000)
  eden space 194048K, 84% used [0x00000000eab00000,0x00000000f4b0e6d0,0x00000000f6880000)
  from space 26112K, 87% used [0x00000000f8480000,0x00000000f9ad31d8,0x00000000f9e00000)
  to   space 28672K, 0% used [0x00000000f6880000,0x00000000f6880000,0x00000000f8480000)
 ParOldGen       total 131072K, used 34520K [0x00000000c0000000, 0x00000000c8000000, 0x00000000eab00000)
  object space 131072K, 26% used [0x00000000c0000000,0x00000000c21b6260,0x00000000c8000000)
 Metaspace       used 6954K, capacity 7640K, committed 7936K, reserved 1056768K
  class space    used 621K, capacity 656K, committed 768K, reserved 1048576K

Card table byte_map: [0x0000000012060000,0x0000000012270000] byte_map_base: 0x0000000011a60000

Marking Bits: (ParMarkBitMap*) 0x0000000068fc9d00
 Begin Bits: [0x00000000127d0000, 0x00000000137d0000)
 End Bits:   [0x00000000137d0000, 0x00000000147d0000)

Polling page: 0x0000000001180000

CodeCache: size=245760Kb used=12433Kb max_used=12446Kb free=233326Kb
 bounds [0x0000000002ca0000, 0x00000000038e0000, 0x0000000011ca0000]
 total_blobs=2995 nmethods=2725 adapters=183
 compilation: enabled

Compilation events (10 events):
Event: 26.434 Thread 0x0000000016c2a000 nmethod 2801 0x00000000038b1f90 code [0x00000000038b20e0, 0x00000000038b2230]
Event: 26.435 Thread 0x0000000016c2a000 2802       1       com.android.dx.dex.file.FieldIdItem::itemType (4 bytes)
Event: 26.435 Thread 0x0000000016c2a000 nmethod 2802 0x00000000038b1cd0 code [0x00000000038b1e20, 0x00000000038b1f30]
Event: 26.435 Thread 0x0000000016c2a000 2803       3       com.android.dx.dex.file.MethodIdItem::itemType (4 bytes)
Event: 26.435 Thread 0x0000000016c2a000 nmethod 2803 0x00000000038b1990 code [0x00000000038b1ae0, 0x00000000038b1c30]
Event: 26.435 Thread 0x0000000016c2a000 2804       1       com.android.dx.dex.file.MethodIdItem::itemType (4 bytes)
Event: 26.436 Thread 0x0000000016c2a000 nmethod 2804 0x00000000038c6350 code [0x00000000038c64a0, 0x00000000038c65b0]
Event: 26.436 Thread 0x00000000153c1000 nmethod 2793 0x00000000038ccc90 code [0x00000000038cce60, 0x00000000038cda98]
Event: 26.436 Thread 0x00000000153c1000 2794       4       com.android.dx.dex.file.EncodedMethod::encode (254 bytes)
Event: 26.460 Thread 0x00000000153c1000 nmethod 2794 0x00000000038cf410 code [0x00000000038cf5a0, 0x00000000038cfe48]

GC Heap History (10 events):
Event: 8.039 GC heap before
{Heap before GC invocations=2 (full 0):
 PSYoungGen      total 57344K, used 55987K [0x00000000eab00000, 0x00000000eeb00000, 0x0000000100000000)
  eden space 49152K, 100% used [0x00000000eab00000,0x00000000edb00000,0x00000000edb00000)
  from space 8192K, 83% used [0x00000000edb00000,0x00000000ee1acf38,0x00000000ee300000)
  to   space 8192K, 0% used [0x00000000ee300000,0x00000000ee300000,0x00000000eeb00000)
 ParOldGen       total 131072K, used 16K [0x00000000c0000000, 0x00000000c8000000, 0x00000000eab00000)
  object space 131072K, 0% used [0x00000000c0000000,0x00000000c0004000,0x00000000c8000000)
 Metaspace       used 6210K, capacity 7088K, committed 7296K, reserved 1056768K
  class space    used 582K, capacity 616K, committed 640K, reserved 1048576K
Event: 8.081 GC heap after
Heap after GC invocations=2 (full 0):
 PSYoungGen      total 57344K, used 8166K [0x00000000eab00000, 0x00000000f1b00000, 0x0000000100000000)
  eden space 49152K, 0% used [0x00000000eab00000,0x00000000eab00000,0x00000000edb00000)
  from space 8192K, 99% used [0x00000000ee300000,0x00000000eeaf9a08,0x00000000eeb00000)
  to   space 8192K, 0% used [0x00000000edb00000,0x00000000edb00000,0x00000000ee300000)
 ParOldGen       total 131072K, used 5011K [0x00000000c0000000, 0x00000000c8000000, 0x00000000eab00000)
  object space 131072K, 3% used [0x00000000c0000000,0x00000000c04e4e20,0x00000000c8000000)
 Metaspace       used 6210K, capacity 7088K, committed 7296K, reserved 1056768K
  class space    used 582K, capacity 616K, committed 640K, reserved 1048576K
}
Event: 8.502 GC heap before
{Heap before GC invocations=3 (full 0):
 PSYoungGen      total 57344K, used 57318K [0x00000000eab00000, 0x00000000f1b00000, 0x0000000100000000)
  eden space 49152K, 100% used [0x00000000eab00000,0x00000000edb00000,0x00000000edb00000)
  from space 8192K, 99% used [0x00000000ee300000,0x00000000eeaf9a08,0x00000000eeb00000)
  to   space 8192K, 0% used [0x00000000edb00000,0x00000000edb00000,0x00000000ee300000)
 ParOldGen       total 131072K, used 5011K [0x00000000c0000000, 0x00000000c8000000, 0x00000000eab00000)
  object space 131072K, 3% used [0x00000000c0000000,0x00000000c04e4e20,0x00000000c8000000)
 Metaspace       used 6258K, capacity 7152K, committed 7296K, reserved 1056768K
  class space    used 582K, capacity 616K, committed 640K, reserved 1048576K
Event: 8.589 GC heap after
Heap after GC invocations=3 (full 0):
 PSYoungGen      total 57344K, used 8162K [0x00000000eab00000, 0x00000000f1b00000, 0x0000000100000000)
  eden space 49152K, 0% used [0x00000000eab00000,0x00000000eab00000,0x00000000edb00000)
  from space 8192K, 99% used [0x00000000edb00000,0x00000000ee2f8868,0x00000000ee300000)
  to   space 8192K, 0% used [0x00000000f1300000,0x00000000f1300000,0x00000000f1b00000)
 ParOldGen       total 131072K, used 11856K [0x00000000c0000000, 0x00000000c8000000, 0x00000000eab00000)
  object space 131072K, 9% used [0x00000000c0000000,0x00000000c0b942c0,0x00000000c8000000)
 Metaspace       used 6258K, capacity 7152K, committed 7296K, reserved 1056768K
  class space    used 582K, capacity 616K, committed 640K, reserved 1048576K
}
Event: 9.141 GC heap before
{Heap before GC invocations=4 (full 0):
 PSYoungGen      total 57344K, used 57314K [0x00000000eab00000, 0x00000000f1b00000, 0x0000000100000000)
  eden space 49152K, 100% used [0x00000000eab00000,0x00000000edb00000,0x00000000edb00000)
  from space 8192K, 99% used [0x00000000edb00000,0x00000000ee2f8868,0x00000000ee300000)
  to   space 8192K, 0% used [0x00000000f1300000,0x00000000f1300000,0x00000000f1b00000)
 ParOldGen       total 131072K, used 11856K [0x00000000c0000000, 0x00000000c8000000, 0x00000000eab00000)
  object space 131072K, 9% used [0x00000000c0000000,0x00000000c0b942c0,0x00000000c8000000)
 Metaspace       used 6333K, capacity 7152K, committed 7296K, reserved 1056768K
  class space    used 582K, capacity 616K, committed 640K, reserved 1048576K
Event: 9.218 GC heap after
Heap after GC invocations=4 (full 0):
 PSYoungGen      total 106496K, used 8191K [0x00000000eab00000, 0x00000000f1b00000, 0x0000000100000000)
  eden space 98304K, 0% used [0x00000000eab00000,0x00000000eab00000,0x00000000f0b00000)
  from space 8192K, 99% used [0x00000000f1300000,0x00000000f1afff40,0x00000000f1b00000)
  to   space 8192K, 0% used [0x00000000f0b00000,0x00000000f0b00000,0x00000000f1300000)
 ParOldGen       total 131072K, used 19147K [0x00000000c0000000, 0x00000000c8000000, 0x00000000eab00000)
  object space 131072K, 14% used [0x00000000c0000000,0x00000000c12b2c48,0x00000000c8000000)
 Metaspace       used 6333K, capacity 7152K, committed 7296K, reserved 1056768K
  class space    used 582K, capacity 616K, committed 640K, reserved 1048576K
}
Event: 10.867 GC heap before
{Heap before GC invocations=5 (full 0):
 PSYoungGen      total 106496K, used 106495K [0x00000000eab00000, 0x00000000f1b00000, 0x0000000100000000)
  eden space 98304K, 100% used [0x00000000eab00000,0x00000000f0b00000,0x00000000f0b00000)
  from space 8192K, 99% used [0x00000000f1300000,0x00000000f1afff40,0x00000000f1b00000)
  to   space 8192K, 0% used [0x00000000f0b00000,0x00000000f0b00000,0x00000000f1300000)
 ParOldGen       total 131072K, used 19147K [0x00000000c0000000, 0x00000000c8000000, 0x00000000eab00000)
  object space 131072K, 14% used [0x00000000c0000000,0x00000000c12b2c48,0x00000000c8000000)
 Metaspace       used 6500K, capacity 7220K, committed 7296K, reserved 1056768K
  class space    used 600K, capacity 620K, committed 640K, reserved 1048576K
Event: 11.516 GC heap after
Heap after GC invocations=5 (full 0):
 PSYoungGen      total 106496K, used 8162K [0x00000000eab00000, 0x00000000f9e00000, 0x0000000100000000)
  eden space 98304K, 0% used [0x00000000eab00000,0x00000000eab00000,0x00000000f0b00000)
  from space 8192K, 99% used [0x00000000f0b00000,0x00000000f12f8850,0x00000000f1300000)
  to   space 26112K, 0% used [0x00000000f8480000,0x00000000f8480000,0x00000000f9e00000)
 ParOldGen       total 131072K, used 34520K [0x00000000c0000000, 0x00000000c8000000, 0x00000000eab00000)
  object space 131072K, 26% used [0x00000000c0000000,0x00000000c21b6260,0x00000000c8000000)
 Metaspace       used 6500K, capacity 7220K, committed 7296K, reserved 1056768K
  class space    used 600K, capacity 620K, committed 640K, reserved 1048576K
}
Event: 12.503 GC heap before
{Heap before GC invocations=6 (full 0):
 PSYoungGen      total 106496K, used 106466K [0x00000000eab00000, 0x00000000f9e00000, 0x0000000100000000)
  eden space 98304K, 100% used [0x00000000eab00000,0x00000000f0b00000,0x00000000f0b00000)
  from space 8192K, 99% used [0x00000000f0b00000,0x00000000f12f8850,0x00000000f1300000)
  to   space 26112K, 0% used [0x00000000f8480000,0x00000000f8480000,0x00000000f9e00000)
 ParOldGen       total 131072K, used 34520K [0x00000000c0000000, 0x00000000c8000000, 0x00000000eab00000)
  object space 131072K, 26% used [0x00000000c0000000,0x00000000c21b6260,0x00000000c8000000)
 Metaspace       used 6517K, capacity 7220K, committed 7296K, reserved 1056768K
  class space    used 600K, capacity 620K, committed 640K, reserved 1048576K
Event: 12.717 GC heap after
Heap after GC invocations=6 (full 0):
 PSYoungGen      total 220160K, used 22860K [0x00000000eab00000, 0x00000000fa300000, 0x0000000100000000)
  eden space 194048K, 0% used [0x00000000eab00000,0x00000000eab00000,0x00000000f6880000)
  from space 26112K, 87% used [0x00000000f8480000,0x00000000f9ad31d8,0x00000000f9e00000)
  to   space 28672K, 0% used [0x00000000f6880000,0x00000000f6880000,0x00000000f8480000)
 ParOldGen       total 131072K, used 34520K [0x00000000c0000000, 0x00000000c8000000, 0x00000000eab00000)
  object space 131072K, 26% used [0x00000000c0000000,0x00000000c21b6260,0x00000000c8000000)
 Metaspace       used 6517K, capacity 7220K, committed 7296K, reserved 1056768K
  class space    used 600K, capacity 620K, committed 640K, reserved 1048576K
}

Deoptimization events (10 events):
Event: 18.508 Thread 0x000000000119d800 Uncommon trap: reason=speculate_class_check action=maybe_recompile pc=0x00000000030a19d0 method=com.android.dx.util.FixedSizeList.equals(Ljava/lang/Object;)Z @ 25
Event: 18.508 Thread 0x000000000119d800 Uncommon trap: reason=unstable_if action=reinterpret pc=0x00000000035c3ea0 method=java.util.TreeMap.put(Ljava/lang/Object;Ljava/lang/Object;)Ljava/lang/Object; @ 163
Event: 21.579 Thread 0x000000000119d800 Uncommon trap: reason=unstable_if action=reinterpret pc=0x00000000037bff54 method=com.android.dx.dex.code.OutputFinisher.align64bits([Lcom/android/dx/dex/code/Dop;)V @ 205
Event: 21.628 Thread 0x000000000119d800 Uncommon trap: reason=unstable_if action=reinterpret pc=0x0000000003786a40 method=com.android.dx.dex.code.LocalList$MakeState.snapshot(ILcom/android/dx/rop/code/RegisterSpecSet;)V @ 86
Event: 24.812 Thread 0x000000000119d800 Uncommon trap: reason=bimorphic action=maybe_recompile pc=0x0000000003845734 method=com.android.dx.dex.file.MixedItemSection$1.compare(Lcom/android/dx/dex/file/OffsettedItem;Lcom/android/dx/dex/file/OffsettedItem;)I @ 1
Event: 24.812 Thread 0x000000000119d800 Uncommon trap: reason=bimorphic action=maybe_recompile pc=0x0000000003845734 method=com.android.dx.dex.file.MixedItemSection$1.compare(Lcom/android/dx/dex/file/OffsettedItem;Lcom/android/dx/dex/file/OffsettedItem;)I @ 1
Event: 24.812 Thread 0x000000000119d800 Uncommon trap: reason=bimorphic action=maybe_recompile pc=0x0000000003845734 method=com.android.dx.dex.file.MixedItemSection$1.compare(Lcom/android/dx/dex/file/OffsettedItem;Lcom/android/dx/dex/file/OffsettedItem;)I @ 1
Event: 24.812 Thread 0x000000000119d800 Uncommon trap: reason=bimorphic action=maybe_recompile pc=0x0000000003845734 method=com.android.dx.dex.file.MixedItemSection$1.compare(Lcom/android/dx/dex/file/OffsettedItem;Lcom/android/dx/dex/file/OffsettedItem;)I @ 1
Event: 24.817 Thread 0x000000000119d800 Uncommon trap: reason=unstable_if action=reinterpret pc=0x0000000003716324 method=java.util.ArrayList.<init>(I)V @ 5
Event: 26.385 Thread 0x000000000119d800 Uncommon trap: reason=unstable_if action=reinterpret pc=0x000000000308e53c method=java.lang.Long.numberOfTrailingZeros(J)I @ 3

Internal exceptions (7 events):
Event: 0.094 Thread 0x000000000119d800 Exception <a 'java/lang/NoSuchMethodError': Method sun.misc.Unsafe.defineClass(Ljava/lang/String;[BII)Ljava/lang/Class; name or signature does not match> (0x00000000eab07cc0) thrown at [C:\src\android\AOSP-openjdk\external\jetbrains\jdk\hotspot\src\share\vÔ‹øãÝ¸?
Event: 0.094 Thread 0x000000000119d800 Exception <a 'java/lang/NoSuchMethodError': Method sun.misc.Unsafe.prefetchRead(Ljava/lang/Object;J)V name or signature does not match> (0x00000000eab07fa8) thrown at [C:\src\android\AOSP-openjdk\external\jetbrains\jdk\hotspot\src\share\vm\prims\jni.cpp, l©*ÿäß@
Event: 7.469 Thread 0x0000000016e90800 Implicit null exception at 0x000000000302d222 to 0x000000000302d329
Event: 9.511 Thread 0x0000000016e90800 Implicit null exception at 0x00000000031e0e66 to 0x00000000031e2ae5
Event: 10.491 Thread 0x000000000119d800 Exception <a 'java/lang/ArrayIndexOutOfBoundsException': 18> (0x00000000f00f4278) thrown at [C:\src\android\AOSP-openjdk\external\jetbrains\jdk\hotspot\src\share\vm\interpreter\interpreterRuntime.cpp, line 366]
Event: 10.491 Thread 0x000000000119d800 Exception <a 'java/lang/ArrayIndexOutOfBoundsException': 145> (0x00000000f00f5df8) thrown at [C:\src\android\AOSP-openjdk\external\jetbrains\jdk\hotspot\src\share\vm\interpreter\interpreterRuntime.cpp, line 366]
Event: 10.492 Thread 0x000000000119d800 Exception <a 'java/lang/ArrayIndexOutOfBoundsException'> (0x00000000f00f70e0) thrown at [C:\src\android\AOSP-openjdk\external\jetbrains\jdk\hotspot\src\share\vm\runtime\sharedRuntime.cpp, line 605]

Events (10 events):
Event: 24.817 Thread 0x000000000119d800 DEOPT UNPACKING pc=0x0000000002ce556a sp=0x0000000002b9e988 mode 2
Event: 24.817 loading class com/android/dx/dex/file/DebugInfoEncoder$2
Event: 24.817 loading class com/android/dx/dex/file/DebugInfoEncoder$2 done
Event: 26.364 loading class com/android/dex/EncodedValueCodec
Event: 26.364 loading class com/android/dex/EncodedValueCodec done
Event: 26.385 Thread 0x000000000119d800 Uncommon trap: trap_request=0xffffff65 fr.pc=0x000000000308e53c
Event: 26.385 Thread 0x000000000119d800 DEOPT PACKING pc=0x000000000308e53c sp=0x0000000002b9e8e0
Event: 26.385 Thread 0x000000000119d800 DEOPT UNPACKING pc=0x0000000002ce556a sp=0x0000000002b9e870 mode 2
Event: 26.425 loading class com/android/dx/dex/file/MapItem
Event: 26.425 loading class com/android/dx/dex/file/MapItem done


Dynamic libraries:
0x00007ff729660000 - 0x00007ff729691000 	C:\Program Files\Android\Android Studio\jre\bin\java.exe
0x00007ffbe6d30000 - 0x00007ffbe6f01000 	C:\WINDOWS\SYSTEM32\ntdll.dll
0x00007ffbe6b20000 - 0x00007ffbe6bcb000 	C:\WINDOWS\System32\KERNEL32.DLL
0x00007ffbc6e50000 - 0x00007ffbc6ea4000 	C:\Program Files (x86)\AVG\Av\avghooka.dll
0x00007ffbe3750000 - 0x00007ffbe396d000 	C:\WINDOWS\System32\KERNELBASE.dll
0x00007ffbe5160000 - 0x00007ffbe5202000 	C:\WINDOWS\System32\ADVAPI32.dll
0x00007ffbe6a60000 - 0x00007ffbe6afe000 	C:\WINDOWS\System32\msvcrt.dll
0x00007ffbe6930000 - 0x00007ffbe6989000 	C:\WINDOWS\System32\sechost.dll
0x00007ffbe42c0000 - 0x00007ffbe43e1000 	C:\WINDOWS\System32\RPCRT4.dll
0x00007ffbe6720000 - 0x00007ffbe6885000 	C:\WINDOWS\System32\USER32.dll
0x00007ffbe34a0000 - 0x00007ffbe34be000 	C:\WINDOWS\System32\win32u.dll
0x00007ffbe4780000 - 0x00007ffbe47b4000 	C:\WINDOWS\System32\GDI32.dll
0x00007ffbe3560000 - 0x00007ffbe36e2000 	C:\WINDOWS\System32\gdi32full.dll
0x00007ffbdc080000 - 0x00007ffbdc2f9000 	C:\WINDOWS\WinSxS\amd64_microsoft.windows.common-controls_6595b64144ccf1df_6.0.14393.447_none_42191651c6827bb3\COMCTL32.dll
0x00007ffbe47c0000 - 0x00007ffbe4a87000 	C:\WINDOWS\System32\combase.dll
0x00007ffbe41c0000 - 0x00007ffbe42b5000 	C:\WINDOWS\System32\ucrtbase.dll
0x00007ffbe4150000 - 0x00007ffbe41ba000 	C:\WINDOWS\System32\bcryptPrimitives.dll
0x00007ffbe6d00000 - 0x00007ffbe6d2e000 	C:\WINDOWS\System32\IMM32.DLL
0x0000000069a90000 - 0x0000000069b62000 	C:\Program Files\Android\Android Studio\jre\jre\bin\msvcr100.dll
0x0000000068810000 - 0x0000000069044000 	C:\Program Files\Android\Android Studio\jre\jre\bin\server\jvm.dll
0x00007ffbe6c90000 - 0x00007ffbe6c98000 	C:\WINDOWS\System32\PSAPI.DLL
0x00007ffbd4df0000 - 0x00007ffbd4df9000 	C:\WINDOWS\SYSTEM32\WSOCK32.dll
0x00007ffbe69f0000 - 0x00007ffbe6a5a000 	C:\WINDOWS\System32\WS2_32.dll
0x00007ffbe15f0000 - 0x00007ffbe1613000 	C:\WINDOWS\SYSTEM32\WINMM.dll
0x00007ffbdd670000 - 0x00007ffbdd67a000 	C:\WINDOWS\SYSTEM32\VERSION.dll
0x00007ffbe14b0000 - 0x00007ffbe14db000 	C:\WINDOWS\SYSTEM32\WINMMBASE.dll
0x00007ffbe4050000 - 0x00007ffbe4092000 	C:\WINDOWS\System32\cfgmgr32.dll
0x00007ffbdf880000 - 0x00007ffbdf88f000 	C:\Program Files\Android\Android Studio\jre\jre\bin\verify.dll
0x00007ffbd72c0000 - 0x00007ffbd72e9000 	C:\Program Files\Android\Android Studio\jre\jre\bin\java.dll
0x00007ffbd9590000 - 0x00007ffbd95a6000 	C:\Program Files\Android\Android Studio\jre\jre\bin\zip.dll
0x00007ffbe5210000 - 0x00007ffbe6719000 	C:\WINDOWS\System32\SHELL32.dll
0x00007ffbe3970000 - 0x00007ffbe404a000 	C:\WINDOWS\System32\windows.storage.dll
0x00007ffbe31b0000 - 0x00007ffbe31fc000 	C:\WINDOWS\System32\powrprof.dll
0x00007ffbe6ca0000 - 0x00007ffbe6cf2000 	C:\WINDOWS\System32\shlwapi.dll
0x00007ffbe3200000 - 0x00007ffbe320f000 	C:\WINDOWS\System32\kernel.appcore.dll
0x00007ffbe40a0000 - 0x00007ffbe4149000 	C:\WINDOWS\System32\shcore.dll
0x00007ffbe3190000 - 0x00007ffbe31a4000 	C:\WINDOWS\System32\profapi.dll

VM Arguments:
jvm_args: -Djava.awt.headless=true -Xmx1024M -Dfile.encoding=windows-1255 -Duser.country=US -Duser.language=en -Duser.variant 
java_command: com.android.dx.command.Main --dex --num-threads=4 --output C:\Users\zeevi\AndroidStudioProjects\androidStart\app\build\intermediates\pre-dexed\debug\com.android.support-support-v4-23.2.1_a8395af35ae91149f31cac35c77a8ad0e8c65aa4.jar C:\Users\zeevi\AndroidStudioProjects\androidStart\app\build\intermediates\exploded-aar\com.android.support\support-v4\23.2.1\jars\classes.jar
java_class_path (initial): C:\Users\zeevi\AppData\Local\Android\sdk\build-tools\23.0.3\lib\dx.jar
Launcher Type: SUN_STANDARD

Environment Variables:
PATH=C:\Program Files (x86)\PHP\v5.6;C:\Program Files (x86)\NVIDIA Corporation\PhysX\Common;C:\Program Files (x86)\Intel\iCLS Client\;C:\Program Files\Intel\iCLS Client\;C:\Windows\system32;C:\Windows;C:\Windows\System32\Wbem;C:\Windows\System32\WindowsPowerShell\v1.0\;C:\Program Files\Intel\Intel(R) Management Engine Components\DAL;C:\Program Files\Intel\Intel(R) Management Engine Components\IPT;C:\Program Files (x86)\Intel\Intel(R) Management Engine Components\DAL;C:\Program Files (x86)\Intel\Intel(R) Management Engine Components\IPT;C:\Program Files (x86)\Microsoft SQL Server\100\Tools\Binn\;C:\Program Files\Microsoft SQL Server\100\Tools\Binn\;C:\Program Files\Microsoft SQL Server\100\DTS\Binn\;C:\Program Files (x86)\OpenVPN\bin;C:\WINDOWS\system32;C:\WINDOWS;C:\WINDOWS\System32\Wbem;C:\WINDOWS\System32\WindowsPowerShell\v1.0\;C:\Program Files (x86)\Common Files\Acronis\SnapAPI\;C:\Program Files (x86)\Skype\Phone\;C:\Program Files\Microsoft SQL Server\130\Tools\Binn\;C:\Program Files (x86)\Windows Kits\10\Windows Performance Toolkit\;C:\Program Files\Git\cmd;C:\Program Files\nodejs\;C:\Users\zeevi\AppData\Local\Microsoft\WindowsApps;
USERNAME=zeevi
OS=Windows_NT
PROCESSOR_IDENTIFIER=Intel64 Family 6 Model 69 Stepping 1, GenuineIntel



---------------  S Y S T E M  ---------------

OS: Windows 10.0 , 64 bit Build 14393 (10.0.14393.0)

CPU:total 4 (2 cores per cpu, 2 threads per core) family 6 model 69 stepping 1, cmov, cx8, fxsr, mmx, sse, sse2, sse3, ssse3, sse4.1, sse4.2, popcnt, avx, avx2, aes, clmul, erms, lzcnt, ht, tsc, tscinvbit, bmi1, bmi2

Memory: 4k page, physical 12463556k(3016816k free), swap 13487556k(5124k free)

vm_info: OpenJDK 64-Bit Server VM (25.76-b03) for windows-amd64 JRE (1.8.0_76-release-b03), built on Jun 29 2016 19:09:20 by "ralucas" with MS VC++ 10.0 (VS2010)

time: Fri Dec 09 18:19:25 2016
elapsed time: 27 seconds (0d 0h 0m 27s)

