#
# There is insufficient memory for the Java Runtime Environment to continue.
# Native memory allocation (malloc) failed to allocate 367696 bytes for Chunk::new
# Possible reasons:
#   The system is out of physical RAM or swap space
#   In 32 bit mode, the process size limit was hit
# Possible solutions:
#   Reduce memory load on the system
#   Increase physical memory or swap space
#   Check if swap backing store is full
#   Use 64 bit Java on a 64 bit OS
#   Decrease Java heap size (-Xmx/-Xms)
#   Decrease number of Java threads
#   Decrease Java thread stack sizes (-Xss)
#   Set larger code cache with -XX:ReservedCodeCacheSize=
# This output file may be truncated or incomplete.
#
#  Out of Memory Error (allocation.cpp:390), pid=12720, tid=0x0000000000003afc
#
# JRE version: OpenJDK Runtime Environment (8.0_76-b03) (build 1.8.0_76-release-b03)
# Java VM: OpenJDK 64-Bit Server VM (25.76-b03 mixed mode windows-amd64 compressed oops)
# Failed to write core dump. Minidumps are not enabled by default on client versions of Windows
#

---------------  T H R E A D  ---------------

Current thread (0x0000000014a68800):  JavaThread "C2 CompilerThread0" daemon [_thread_in_native, id=15100, stack(0x0000000016060000,0x0000000016160000)]

Stack: [0x0000000016060000,0x0000000016160000]
[error occurred during error reporting (printing stack bounds), id 0xc0000005]

Native frames: (J=compiled Java code, j=interpreted, Vv=VM code, C=native code)


Current CompileTask:
C2:  77726 3137       4       com.android.dx.ssa.SsaConverter::placePhiFunctions (394 bytes)


---------------  P R O C E S S  ---------------

Java Threads: ( => current thread )
  0x0000000016c00000 JavaThread "pool-2-thread-4" [_thread_in_Java, id=9852, stack(0x0000000018530000,0x0000000018630000)]
  0x0000000016975800 JavaThread "pool-2-thread-3" [_thread_in_Java, id=12080, stack(0x0000000018430000,0x0000000018530000)]
  0x0000000016974800 JavaThread "pool-2-thread-2" [_thread_blocked, id=11208, stack(0x0000000018330000,0x0000000018430000)]
  0x0000000016dee800 JavaThread "pool-3-thread-1" [_thread_blocked, id=14104, stack(0x0000000018230000,0x0000000018330000)]
  0x0000000016ded800 JavaThread "pool-2-thread-1" [_thread_in_Java, id=11772, stack(0x0000000018130000,0x0000000018230000)]
  0x00000000162b4000 JavaThread "Service Thread" daemon [_thread_blocked, id=14628, stack(0x0000000016760000,0x0000000016860000)]
  0x00000000162b2000 JavaThread "C1 CompilerThread2" daemon [_thread_blocked, id=11740, stack(0x0000000016660000,0x0000000016760000)]
  0x0000000014a6c000 JavaThread "C2 CompilerThread1" daemon [_thread_blocked, id=15272, stack(0x0000000016160000,0x0000000016260000)]
=>0x0000000014a68800 JavaThread "C2 CompilerThread0" daemon [_thread_in_native, id=15100, stack(0x0000000016060000,0x0000000016160000)]
  0x0000000014a67000 JavaThread "Attach Listener" daemon [_thread_blocked, id=10764, stack(0x0000000015f60000,0x0000000016060000)]
  0x0000000014a66800 JavaThread "Signal Dispatcher" daemon [_thread_blocked, id=6032, stack(0x0000000015e60000,0x0000000015f60000)]
  0x0000000014a08800 JavaThread "Finalizer" daemon [_thread_blocked, id=5900, stack(0x0000000015c70000,0x0000000015d70000)]
  0x0000000002341000 JavaThread "Reference Handler" daemon [_thread_blocked, id=3296, stack(0x0000000015b70000,0x0000000015c70000)]
  0x000000000224d800 JavaThread "main" [_thread_blocked, id=9836, stack(0x0000000002100000,0x0000000002200000)]

Other Threads:
  0x00000000149e5000 VMThread [stack: 0x0000000015a70000,0x0000000015b70000] [id=13212]
  0x00000000162b6800 WatcherThread [stack: 0x0000000016860000,0x0000000016960000] [id=10508]

VM state:not at safepoint (normal execution)

VM Mutex/Monitor currently owned by a thread: None

Heap:
 PSYoungGen      total 225792K, used 107438K [0x00000000eab00000, 0x0000000100000000, 0x0000000100000000)
  eden space 113152K, 94% used [0x00000000eab00000,0x00000000f13eb8c8,0x00000000f1980000)
  from space 112640K, 0% used [0x00000000f8b00000,0x00000000f8b00000,0x00000000ff900000)
  to   space 116224K, 0% used [0x00000000f1980000,0x00000000f1980000,0x00000000f8b00000)
 ParOldGen       total 699392K, used 582307K [0x00000000c0000000, 0x00000000eab00000, 0x00000000eab00000)
  object space 699392K, 83% used [0x00000000c0000000,0x00000000e38a8f40,0x00000000eab00000)
 Metaspace       used 6635K, capacity 7284K, committed 7552K, reserved 1056768K
  class space    used 604K, capacity 620K, committed 640K, reserved 1048576K

Card table byte_map: [0x0000000011710000,0x0000000011920000] byte_map_base: 0x0000000011110000

Marking Bits: (ParMarkBitMap*) 0x0000000050999d00
 Begin Bits: [0x0000000011e80000, 0x0000000012e80000)
 End Bits:   [0x0000000012e80000, 0x0000000013e80000)

Polling page: 0x00000000003f0000

CodeCache: size=245760Kb used=10853Kb max_used=14894Kb free=234906Kb
 bounds [0x0000000002350000, 0x0000000003210000, 0x0000000011350000]
 total_blobs=2575 nmethods=2305 adapters=183
 compilation: enabled

Compilation events (10 events):
Event: 77.692 Thread 0x00000000162b2000 3141       3       sun.util.calendar.AbstractCalendar::setTimeOfDay (116 bytes)
Event: 77.693 Thread 0x00000000162b2000 nmethod 3141 0x0000000002e96c10 code [0x0000000002e96dc0, 0x0000000002e97848]
Event: 77.701 Thread 0x0000000014a6c000 3142   !   4       java.util.WeakHashMap::expungeStaleEntries (139 bytes)
Event: 77.702 Thread 0x0000000014a6c000 nmethod 3142 0x000000000273e990 code [0x000000000273eac0, 0x000000000273eb58]
Event: 77.704 Thread 0x00000000162b2000 3143   !   3       com.android.dx.command.dexer.Main$DirectClassFileConsumer::call (344 bytes)
Event: 77.709 Thread 0x00000000162b2000 nmethod 3143 0x00000000027e0f50 code [0x00000000027e1460, 0x00000000027e4c88]
Event: 77.709 Thread 0x00000000162b2000 3145       3       com.android.dx.cf.attrib.AttExceptions::byteLength (15 bytes)
Event: 77.709 Thread 0x00000000162b2000 nmethod 3145 0x0000000002a46d50 code [0x0000000002a46ec0, 0x0000000002a470e8]
Event: 77.709 Thread 0x00000000162b2000 3144   !   3       com.android.dx.cf.direct.DirectClassFile::parse (75 bytes)
Event: 77.710 Thread 0x00000000162b2000 nmethod 3144 0x00000000025b1f50 code [0x00000000025b21c0, 0x00000000025b31b8]

GC Heap History (10 events):
Event: 71.017 GC heap before
{Heap before GC invocations=40 (full 14):
 PSYoungGen      total 232960K, used 17385K [0x00000000eab00000, 0x0000000100000000, 0x0000000100000000)
  eden space 116736K, 0% used [0x00000000eab00000,0x00000000eab00000,0x00000000f1d00000)
  from space 116224K, 14% used [0x00000000f8e80000,0x00000000f9f7a4f8,0x0000000100000000)
  to   space 116224K, 0% used [0x00000000f1d00000,0x00000000f1d00000,0x00000000f8e80000)
 ParOldGen       total 699392K, used 682490K [0x00000000c0000000, 0x00000000eab00000, 0x00000000eab00000)
  object space 699392K, 97% used [0x00000000c0000000,0x00000000e9a7e9e8,0x00000000eab00000)
 Metaspace       used 6635K, capacity 7284K, committed 7552K, reserved 1056768K
  class space    used 604K, capacity 620K, committed 640K, reserved 1048576K
Event: 73.182 GC heap after
Heap after GC invocations=40 (full 14):
 PSYoungGen      total 232960K, used 0K [0x00000000eab00000, 0x0000000100000000, 0x0000000100000000)
  eden space 116736K, 0% used [0x00000000eab00000,0x00000000eab00000,0x00000000f1d00000)
  from space 116224K, 0% used [0x00000000f8e80000,0x00000000f8e80000,0x0000000100000000)
  to   space 116224K, 0% used [0x00000000f1d00000,0x00000000f1d00000,0x00000000f8e80000)
 ParOldGen       total 699392K, used 597799K [0x00000000c0000000, 0x00000000eab00000, 0x00000000eab00000)
  object space 699392K, 85% used [0x00000000c0000000,0x00000000e47c9db0,0x00000000eab00000)
 Metaspace       used 6635K, capacity 7284K, committed 7552K, reserved 1056768K
  class space    used 604K, capacity 620K, committed 640K, reserved 1048576K
}
Event: 73.816 GC heap before
{Heap before GC invocations=41 (full 14):
 PSYoungGen      total 232960K, used 116736K [0x00000000eab00000, 0x0000000100000000, 0x0000000100000000)
  eden space 116736K, 100% used [0x00000000eab00000,0x00000000f1d00000,0x00000000f1d00000)
  from space 116224K, 0% used [0x00000000f8e80000,0x00000000f8e80000,0x0000000100000000)
  to   space 116224K, 0% used [0x00000000f1d00000,0x00000000f1d00000,0x00000000f8e80000)
 ParOldGen       total 699392K, used 597799K [0x00000000c0000000, 0x00000000eab00000, 0x00000000eab00000)
  object space 699392K, 85% used [0x00000000c0000000,0x00000000e47c9db0,0x00000000eab00000)
 Metaspace       used 6635K, capacity 7284K, committed 7552K, reserved 1056768K
  class space    used 604K, capacity 620K, committed 640K, reserved 1048576K
Event: 73.930 GC heap after
Heap after GC invocations=41 (full 14):
 PSYoungGen      total 172032K, used 55043K [0x00000000eab00000, 0x00000000ff900000, 0x0000000100000000)
  eden space 116736K, 0% used [0x00000000eab00000,0x00000000eab00000,0x00000000f1d00000)
  from space 55296K, 99% used [0x00000000f1d00000,0x00000000f52c0ee8,0x00000000f5300000)
  to   space 112640K, 0% used [0x00000000f8b00000,0x00000000f8b00000,0x00000000ff900000)
 ParOldGen       total 699392K, used 597799K [0x00000000c0000000, 0x00000000eab00000, 0x00000000eab00000)
  object space 699392K, 85% used [0x00000000c0000000,0x00000000e47c9db0,0x00000000eab00000)
 Metaspace       used 6635K, capacity 7284K, committed 7552K, reserved 1056768K
  class space    used 604K, capacity 620K, committed 640K, reserved 1048576K
}
Event: 74.008 GC heap before
{Heap before GC invocations=42 (full 14):
 PSYoungGen      total 172032K, used 171779K [0x00000000eab00000, 0x00000000ff900000, 0x0000000100000000)
  eden space 116736K, 100% used [0x00000000eab00000,0x00000000f1d00000,0x00000000f1d00000)
  from space 55296K, 99% used [0x00000000f1d00000,0x00000000f52c0ee8,0x00000000f5300000)
  to   space 112640K, 0% used [0x00000000f8b00000,0x00000000f8b00000,0x00000000ff900000)
 ParOldGen       total 699392K, used 597799K [0x00000000c0000000, 0x00000000eab00000, 0x00000000eab00000)
  object space 699392K, 85% used [0x00000000c0000000,0x00000000e47c9db0,0x00000000eab00000)
 Metaspace       used 6635K, capacity 7284K, committed 7552K, reserved 1056768K
  class space    used 604K, capacity 620K, committed 640K, reserved 1048576K
Event: 74.162 GC heap after
Heap after GC invocations=42 (full 14):
 PSYoungGen      total 225792K, used 112614K [0x00000000eab00000, 0x0000000100000000, 0x0000000100000000)
  eden space 113152K, 0% used [0x00000000eab00000,0x00000000eab00000,0x00000000f1980000)
  from space 112640K, 99% used [0x00000000f8b00000,0x00000000ff8f9a78,0x00000000ff900000)
  to   space 116224K, 0% used [0x00000000f1980000,0x00000000f1980000,0x00000000f8b00000)
 ParOldGen       total 699392K, used 604983K [0x00000000c0000000, 0x00000000eab00000, 0x00000000eab00000)
  object space 699392K, 86% used [0x00000000c0000000,0x00000000e4ecddb0,0x00000000eab00000)
 Metaspace       used 6635K, capacity 7284K, committed 7552K, reserved 1056768K
  class space    used 604K, capacity 620K, committed 640K, reserved 1048576K
}
Event: 74.459 GC heap before
{Heap before GC invocations=43 (full 14):
 PSYoungGen      total 225792K, used 225766K [0x00000000eab00000, 0x0000000100000000, 0x0000000100000000)
  eden space 113152K, 100% used [0x00000000eab00000,0x00000000f1980000,0x00000000f1980000)
  from space 112640K, 99% used [0x00000000f8b00000,0x00000000ff8f9a78,0x00000000ff900000)
  to   space 116224K, 0% used [0x00000000f1980000,0x00000000f1980000,0x00000000f8b00000)
 ParOldGen       total 699392K, used 604983K [0x00000000c0000000, 0x00000000eab00000, 0x00000000eab00000)
  object space 699392K, 86% used [0x00000000c0000000,0x00000000e4ecddb0,0x00000000eab00000)
 Metaspace       used 6635K, capacity 7284K, committed 7552K, reserved 1056768K
  class space    used 604K, capacity 620K, committed 640K, reserved 1048576K
Event: 74.658 GC heap after
Heap after GC invocations=43 (full 14):
 PSYoungGen      total 225792K, used 225766K [0x00000000eab00000, 0x0000000100000000, 0x0000000100000000)
  eden space 113152K, 100% used [0x00000000eab00000,0x00000000f1980000,0x00000000f1980000)
  from space 112640K, 99% used [0x00000000f8b00000,0x00000000ff8f9a78,0x00000000ff900000)
  to   space 116224K, 29% used [0x00000000f1980000,0x00000000f3b54380,0x00000000f8b00000)
 ParOldGen       total 699392K, used 699387K [0x00000000c0000000, 0x00000000eab00000, 0x00000000eab00000)
  object space 699392K, 99% used [0x00000000c0000000,0x00000000eaafec28,0x00000000eab00000)
 Metaspace       used 6635K, capacity 7284K, committed 7552K, reserved 1056768K
  class space    used 604K, capacity 620K, committed 640K, reserved 1048576K
}
Event: 74.658 GC heap before
{Heap before GC invocations=44 (full 15):
 PSYoungGen      total 225792K, used 225766K [0x00000000eab00000, 0x0000000100000000, 0x0000000100000000)
  eden space 113152K, 100% used [0x00000000eab00000,0x00000000f1980000,0x00000000f1980000)
  from space 112640K, 99% used [0x00000000f8b00000,0x00000000ff8f9a78,0x00000000ff900000)
  to   space 116224K, 29% used [0x00000000f1980000,0x00000000f3b54380,0x00000000f8b00000)
 ParOldGen       total 699392K, used 699387K [0x00000000c0000000, 0x00000000eab00000, 0x00000000eab00000)
  object space 699392K, 99% used [0x00000000c0000000,0x00000000eaafec28,0x00000000eab00000)
 Metaspace       used 6635K, capacity 7284K, committed 7552K, reserved 1056768K
  class space    used 604K, capacity 620K, committed 640K, reserved 1048576K
Event: 77.391 GC heap after
Heap after GC invocations=44 (full 15):
 PSYoungGen      total 225792K, used 0K [0x00000000eab00000, 0x0000000100000000, 0x0000000100000000)
  eden space 113152K, 0% used [0x00000000eab00000,0x00000000eab00000,0x00000000f1980000)
  from space 112640K, 0% used [0x00000000f8b00000,0x00000000f8b00000,0x00000000ff900000)
  to   space 116224K, 0% used [0x00000000f1980000,0x00000000f1980000,0x00000000f8b00000)
 ParOldGen       total 699392K, used 582307K [0x00000000c0000000, 0x00000000eab00000, 0x00000000eab00000)
  object space 699392K, 83% used [0x00000000c0000000,0x00000000e38a8f40,0x00000000eab00000)
 Metaspace       used 6635K, capacity 7284K, committed 7552K, reserved 1056768K
  class space    used 604K, capacity 620K, committed 640K, reserved 1048576K
}

Deoptimization events (10 events):
Event: 56.834 Thread 0x0000000016ded800 Uncommon trap: reason=class_check action=maybe_recompile pc=0x0000000002cc1688 method=com.android.dx.ssa.back.InterferenceGraph.mergeInterferenceSet(ILcom/android/dx/util/IntSet;)V @ 20
Event: 56.834 Thread 0x0000000016ded800 Uncommon trap: reason=class_check action=maybe_recompile pc=0x00000000030bc708 method=com.android.dx.util.BitIntSet.merge(Lcom/android/dx/util/IntSet;)V @ 1
Event: 56.834 Thread 0x0000000016ded800 Uncommon trap: reason=class_check action=maybe_recompile pc=0x0000000002cc1688 method=com.android.dx.ssa.back.InterferenceGraph.mergeInterferenceSet(ILcom/android/dx/util/IntSet;)V @ 20
Event: 56.834 Thread 0x0000000016ded800 Uncommon trap: reason=class_check action=maybe_recompile pc=0x00000000030bc708 method=com.android.dx.util.BitIntSet.merge(Lcom/android/dx/util/IntSet;)V @ 1
Event: 56.839 Thread 0x0000000016ded800 Uncommon trap: reason=class_check action=maybe_recompile pc=0x0000000002cc1688 method=com.android.dx.ssa.back.InterferenceGraph.mergeInterferenceSet(ILcom/android/dx/util/IntSet;)V @ 20
Event: 56.839 Thread 0x0000000016ded800 Uncommon trap: reason=class_check action=maybe_recompile pc=0x00000000030bc708 method=com.android.dx.util.BitIntSet.merge(Lcom/android/dx/util/IntSet;)V @ 1
Event: 69.299 Thread 0x000000000224d800 Uncommon trap: reason=null_check action=make_not_entrant pc=0x00000000024aefd8 method=com.android.dx.rop.cst.CstKnownNull.equals(Ljava/lang/Object;)Z @ 1
Event: 70.450 Thread 0x0000000016c00000 Uncommon trap: reason=class_check action=maybe_recompile pc=0x000000000250cde4 method=com.android.dx.ssa.SsaConverter.placePhiFunctions(Lcom/android/dx/ssa/SsaMethod;Lcom/android/dx/ssa/LocalVariableInfo;I)V @ 257
Event: 70.465 Thread 0x0000000016ded800 Uncommon trap: reason=class_check action=maybe_recompile pc=0x000000000250cde4 method=com.android.dx.ssa.SsaConverter.placePhiFunctions(Lcom/android/dx/ssa/SsaMethod;Lcom/android/dx/ssa/LocalVariableInfo;I)V @ 257
Event: 70.674 Thread 0x0000000016974800 Uncommon trap: reason=class_check action=maybe_recompile pc=0x0000000002d7c4b4 method=com.android.dx.ssa.SsaConverter.placePhiFunctions(Lcom/android/dx/ssa/SsaMethod;Lcom/android/dx/ssa/LocalVariableInfo;I)V @ 257

Internal exceptions (10 events):
Event: 0.050 Thread 0x000000000224d800 Exception <a 'java/lang/NoSuchMethodError': Method sun.misc.Unsafe.prefetchRead(Ljava/lang/Object;J)V name or signature does not match> (0x00000000eab07fa8) thrown at [C:\src\android\AOSP-openjdk\external\jetbrains\jdk\hotspot\src\share\vm\prims\jni.cpp, lw'Ak,ø?
Event: 1.511 Thread 0x000000000224d800 Implicit null exception at 0x00000000026de0a2 to 0x00000000026de1a9
Event: 2.824 Thread 0x0000000016975800 Exception <a 'java/lang/ArrayIndexOutOfBoundsException': 18> (0x00000000ef015c08) thrown at [C:\src\android\AOSP-openjdk\external\jetbrains\jdk\hotspot\src\share\vm\interpreter\interpreterRuntime.cpp, line 366]
Event: 2.825 Thread 0x0000000016975800 Exception <a 'java/lang/ArrayIndexOutOfBoundsException': 145> (0x00000000ef017788) thrown at [C:\src\android\AOSP-openjdk\external\jetbrains\jdk\hotspot\src\share\vm\interpreter\interpreterRuntime.cpp, line 366]
Event: 2.930 Thread 0x0000000016975800 Exception <a 'java/lang/ArrayIndexOutOfBoundsException'> (0x00000000ef018a70) thrown at [C:\src\android\AOSP-openjdk\external\jetbrains\jdk\hotspot\src\share\vm\runtime\sharedRuntime.cpp, line 605]
Event: 13.229 Thread 0x000000000224d800 Implicit null exception at 0x00000000024bb685 to 0x00000000024bc005
Event: 17.811 Thread 0x0000000016ded800 Implicit null exception at 0x0000000002a3e390 to 0x0000000002a3f555
Event: 17.815 Thread 0x0000000016ded800 Implicit null exception at 0x0000000002e9a846 to 0x0000000002e9db95
Event: 23.455 Thread 0x0000000016975800 Implicit null exception at 0x0000000002fe3064 to 0x0000000002fea57d
Event: 69.299 Thread 0x000000000224d800 Implicit null exception at 0x00000000024aefac to 0x00000000024aefce

Events (10 events):
Event: 77.658 Thread 0x00000000162b2000 flushing nmethod 0x0000000002e96c10
Event: 77.658 Thread 0x00000000162b2000 flushing nmethod 0x0000000002f645d0
Event: 77.658 Thread 0x00000000162b2000 flushing nmethod 0x0000000002f8a090
Event: 77.660 Thread 0x00000000162b2000 flushing nmethod 0x00000000031496d0
Event: 77.660 Thread 0x00000000162b2000 flushing nmethod 0x000000000314f310
Event: 77.660 Thread 0x00000000162b2000 flushing nmethod 0x0000000003155a10
Event: 77.660 Thread 0x00000000162b2000 flushing nmethod 0x00000000031823d0
Event: 77.660 Thread 0x00000000162b2000 flushing nmethod 0x0000000003199b90
Event: 77.666 Thread 0x0000000016ded800 DEOPT PACKING pc=0x0000000002490175 sp=0x000000001822eb00
Event: 77.666 Thread 0x0000000016ded800 DEOPT UNPACKING pc=0x00000000023975bf sp=0x000000001822e930 mode 0


Dynamic libraries:
0x00007ff621970000 - 0x00007ff6219a1000 	C:\Program Files\Android\Android Studio\jre\bin\java.exe
0x00007ffe5c890000 - 0x00007ffe5ca61000 	C:\WINDOWS\SYSTEM32\ntdll.dll
0x00007ffe5a1b0000 - 0x00007ffe5a25b000 	C:\WINDOWS\System32\KERNEL32.DLL
0x00007ffe3c9f0000 - 0x00007ffe3ca44000 	C:\Program Files (x86)\AVG\Av\avghooka.dll
0x00007ffe59020000 - 0x00007ffe5923d000 	C:\WINDOWS\System32\KERNELBASE.dll
0x00007ffe5a0f0000 - 0x00007ffe5a192000 	C:\WINDOWS\System32\ADVAPI32.dll
0x00007ffe59ec0000 - 0x00007ffe59f5e000 	C:\WINDOWS\System32\msvcrt.dll
0x00007ffe59fc0000 - 0x00007ffe5a019000 	C:\WINDOWS\System32\sechost.dll
0x00007ffe5c200000 - 0x00007ffe5c321000 	C:\WINDOWS\System32\RPCRT4.dll
0x00007ffe5c090000 - 0x00007ffe5c1f5000 	C:\WINDOWS\System32\USER32.dll
0x00007ffe58d80000 - 0x00007ffe58d9e000 	C:\WINDOWS\System32\win32u.dll
0x00007ffe59f80000 - 0x00007ffe59fb4000 	C:\WINDOWS\System32\GDI32.dll
0x00007ffe59a90000 - 0x00007ffe59c12000 	C:\WINDOWS\System32\gdi32full.dll
0x00007ffe51c10000 - 0x00007ffe51e89000 	C:\WINDOWS\WinSxS\amd64_microsoft.windows.common-controls_6595b64144ccf1df_6.0.14393.447_none_42191651c6827bb3\COMCTL32.dll
0x00007ffe5bd00000 - 0x00007ffe5bfc8000 	C:\WINDOWS\System32\combase.dll
0x00007ffe59c20000 - 0x00007ffe59d15000 	C:\WINDOWS\System32\ucrtbase.dll
0x00007ffe59340000 - 0x00007ffe593aa000 	C:\WINDOWS\System32\bcryptPrimitives.dll
0x00007ffe5c330000 - 0x00007ffe5c35e000 	C:\WINDOWS\System32\IMM32.DLL
0x0000000051270000 - 0x0000000051342000 	C:\Program Files\Android\Android Studio\jre\jre\bin\msvcr100.dll
0x00000000501e0000 - 0x0000000050a14000 	C:\Program Files\Android\Android Studio\jre\jre\bin\server\jvm.dll
0x00007ffe5a1a0000 - 0x00007ffe5a1a8000 	C:\WINDOWS\System32\PSAPI.DLL
0x00007ffe4a8a0000 - 0x00007ffe4a8a9000 	C:\WINDOWS\SYSTEM32\WSOCK32.dll
0x00007ffe5a340000 - 0x00007ffe5a3aa000 	C:\WINDOWS\System32\WS2_32.dll
0x00007ffe57180000 - 0x00007ffe571a3000 	C:\WINDOWS\SYSTEM32\WINMM.dll
0x00007ffe51e90000 - 0x00007ffe51e9a000 	C:\WINDOWS\SYSTEM32\VERSION.dll
0x00007ffe57150000 - 0x00007ffe5717b000 	C:\WINDOWS\SYSTEM32\WINMMBASE.dll
0x00007ffe59d20000 - 0x00007ffe59d62000 	C:\WINDOWS\System32\cfgmgr32.dll
0x00007ffe557e0000 - 0x00007ffe557ef000 	C:\Program Files\Android\Android Studio\jre\jre\bin\verify.dll
0x00007ffe4da90000 - 0x00007ffe4dab9000 	C:\Program Files\Android\Android Studio\jre\jre\bin\java.dll
0x00007ffe4da20000 - 0x00007ffe4da36000 	C:\Program Files\Android\Android Studio\jre\jre\bin\zip.dll
0x00007ffe5a3b0000 - 0x00007ffe5b8b9000 	C:\WINDOWS\System32\SHELL32.dll
0x00007ffe593b0000 - 0x00007ffe59a8a000 	C:\WINDOWS\System32\windows.storage.dll
0x00007ffe58cf0000 - 0x00007ffe58d3c000 	C:\WINDOWS\System32\powrprof.dll
0x00007ffe5a090000 - 0x00007ffe5a0e2000 	C:\WINDOWS\System32\shlwapi.dll
0x00007ffe58d70000 - 0x00007ffe58d7f000 	C:\WINDOWS\System32\kernel.appcore.dll
0x00007ffe59d70000 - 0x00007ffe59e19000 	C:\WINDOWS\System32\shcore.dll
0x00007ffe58d40000 - 0x00007ffe58d54000 	C:\WINDOWS\System32\profapi.dll

VM Arguments:
jvm_args: -Djava.awt.headless=true -Xmx1024M -Dfile.encoding=windows-1255 -Duser.country=US -Duser.language=en -Duser.variant 
java_command: com.android.dx.command.Main --dex --num-threads=4 --multi-dex --main-dex-list C:\Users\zeevi\AndroidStudioProjects\androidStart\app\build\intermediates\multi-dex\debug\maindexlist.txt --output C:\Users\zeevi\AndroidStudioProjects\androidStart\app\build\intermediates\transforms\dex\debug\folders\1000\1f\main C:\Users\zeevi\AndroidStudioProjects\androidStart\app\build\intermediates\transforms\jarMerging\debug\jars\1\1f\combined.jar
java_class_path (initial): C:\Users\zeevi\AppData\Local\Android\sdk\build-tools\23.0.3\lib\dx.jar
Launcher Type: SUN_STANDARD

Environment Variables:
PATH=C:\Program Files (x86)\PHP\v5.6;C:\Program Files (x86)\NVIDIA Corporation\PhysX\Common;C:\Program Files (x86)\Intel\iCLS Client\;C:\Program Files\Intel\iCLS Client\;C:\Windows\system32;C:\Windows;C:\Windows\System32\Wbem;C:\Windows\System32\WindowsPowerShell\v1.0\;C:\Program Files\Intel\Intel(R) Management Engine Components\DAL;C:\Program Files\Intel\Intel(R) Management Engine Components\IPT;C:\Program Files (x86)\Intel\Intel(R) Management Engine Components\DAL;C:\Program Files (x86)\Intel\Intel(R) Management Engine Components\IPT;C:\Program Files (x86)\Microsoft SQL Server\100\Tools\Binn\;C:\Program Files\Microsoft SQL Server\100\Tools\Binn\;C:\Program Files\Microsoft SQL Server\100\DTS\Binn\;C:\Program Files (x86)\OpenVPN\bin;C:\WINDOWS\system32;C:\WINDOWS;C:\WINDOWS\System32\Wbem;C:\WINDOWS\System32\WindowsPowerShell\v1.0\;C:\Program Files (x86)\Common Files\Acronis\SnapAPI\;C:\Program Files (x86)\Skype\Phone\;C:\Program Files\Microsoft SQL Server\130\Tools\Binn\;C:\Program Files (x86)\Windows Kits\10\Windows Performance Toolkit\;C:\Program Files\Git\cmd;C:\Program Files\nodejs\;C:\Users\zeevi\AppData\Local\Microsoft\WindowsApps;
USERNAME=zeevi
OS=Windows_NT
PROCESSOR_IDENTIFIER=Intel64 Family 6 Model 69 Stepping 1, GenuineIntel



---------------  S Y S T E M  ---------------

OS: Windows 10.0 , 64 bit Build 14393 (10.0.14393.0)

CPU:total 4 (2 cores per cpu, 2 threads per core) family 6 model 69 stepping 1, cmov, cx8, fxsr, mmx, sse, sse2, sse3, ssse3, sse4.1, sse4.2, popcnt, avx, avx2, aes, clmul, erms, lzcnt, ht, tsc, tscinvbit, bmi1, bmi2

Memory: 4k page, physical 12463556k(1560688k free), swap 13487556k(4432k free)

vm_info: OpenJDK 64-Bit Server VM (25.76-b03) for windows-amd64 JRE (1.8.0_76-release-b03), built on Jun 29 2016 19:09:20 by "ralucas" with MS VC++ 10.0 (VS2010)

time: Wed Jan 11 00:59:18 2017
elapsed time: 77 seconds (0d 0h 1m 17s)

