#
# There is insufficient memory for the Java Runtime Environment to continue.
# Native memory allocation (malloc) failed to allocate 32744 bytes for ChunkPool::allocate
# Possible reasons:
#   The system is out of physical RAM or swap space
#   In 32 bit mode, the process size limit was hit
# Possible solutions:
#   Reduce memory load on the system
#   Increase physical memory or swap space
#   Check if swap backing store is full
#   Use 64 bit Java on a 64 bit OS
#   Decrease Java heap size (-Xmx/-Xms)
#   Decrease number of Java threads
#   Decrease Java thread stack sizes (-Xss)
#   Set larger code cache with -XX:ReservedCodeCacheSize=
# This output file may be truncated or incomplete.
#
#  Out of Memory Error (allocation.cpp:273), pid=480, tid=0x0000000000003650
#
# JRE version: OpenJDK Runtime Environment (8.0_76-b03) (build 1.8.0_76-release-b03)
# Java VM: OpenJDK 64-Bit Server VM (25.76-b03 mixed mode windows-amd64 compressed oops)
# Failed to write core dump. Minidumps are not enabled by default on client versions of Windows
#

---------------  T H R E A D  ---------------

Current thread (0x00000000199ba000):  JavaThread "C2 CompilerThread0" daemon [_thread_in_native, id=13904, stack(0x000000001afc0000,0x000000001b0c0000)]

Stack: [0x000000001afc0000,0x000000001b0c0000]
[error occurred during error reporting (printing stack bounds), id 0xc0000005]

Native frames: (J=compiled Java code, j=interpreted, Vv=VM code, C=native code)


Current CompileTask:
C2:    823  374   !   4       com.android.dx.cf.cst.ConstantPoolParser::parse0 (731 bytes)


---------------  P R O C E S S  ---------------

Java Threads: ( => current thread )
  0x000000001b2f2800 JavaThread "Service Thread" daemon [_thread_blocked, id=2136, stack(0x000000001b6c0000,0x000000001b7c0000)]
  0x00000000199c6800 JavaThread "C1 CompilerThread2" daemon [_thread_blocked, id=17116, stack(0x000000001b1c0000,0x000000001b2c0000)]
  0x00000000199bd800 JavaThread "C2 CompilerThread1" daemon [_thread_in_native, id=12164, stack(0x000000001b0c0000,0x000000001b1c0000)]
=>0x00000000199ba000 JavaThread "C2 CompilerThread0" daemon [_thread_in_native, id=13904, stack(0x000000001afc0000,0x000000001b0c0000)]
  0x00000000199b8800 JavaThread "Attach Listener" daemon [_thread_blocked, id=15320, stack(0x000000001aec0000,0x000000001afc0000)]
  0x00000000199b7800 JavaThread "Signal Dispatcher" daemon [_thread_blocked, id=9300, stack(0x000000001adc0000,0x000000001aec0000)]
  0x0000000019958800 JavaThread "Finalizer" daemon [_thread_blocked, id=17252, stack(0x000000001abd0000,0x000000001acd0000)]
  0x00000000028e1800 JavaThread "Reference Handler" daemon [_thread_blocked, id=1380, stack(0x000000001aad0000,0x000000001abd0000)]
  0x00000000026bd800 JavaThread "main" [_thread_in_vm, id=5976, stack(0x00000000026f0000,0x00000000027f0000)]

Other Threads:
  0x0000000019935000 VMThread [stack: 0x000000001a9d0000,0x000000001aad0000] [id=13616]
  0x00000000199ce800 WatcherThread [stack: 0x000000001b7c0000,0x000000001b8c0000] [id=14816]

VM state:not at safepoint (normal execution)

VM Mutex/Monitor currently owned by a thread: None

Heap:
 PSYoungGen      total 57344K, used 21813K [0x0000000780980000, 0x0000000784980000, 0x00000007c0000000)
  eden space 49152K, 27% used [0x0000000780980000,0x00000007816cdd88,0x0000000783980000)
  from space 8192K, 99% used [0x0000000784180000,0x000000078497f6a0,0x0000000784980000)
  to   space 8192K, 0% used [0x0000000783980000,0x0000000783980000,0x0000000784180000)
 ParOldGen       total 131072K, used 3017K [0x0000000701c00000, 0x0000000709c00000, 0x0000000780980000)
  object space 131072K, 2% used [0x0000000701c00000,0x0000000701ef2678,0x0000000709c00000)
 Metaspace       used 3713K, capacity 5144K, committed 5376K, reserved 1056768K
  class space    used 383K, capacity 456K, committed 512K, reserved 1048576K

Card table byte_map: [0x0000000011cb0000,0x00000000122b0000] byte_map_base: 0x000000000e4a2000

Marking Bits: (ParMarkBitMap*) 0x00000000770a9d00
 Begin Bits: [0x0000000012ab0000, 0x0000000015a40000)
 End Bits:   [0x0000000015a40000, 0x00000000189d0000)

Polling page: 0x00000000025e0000

CodeCache: size=245760Kb used=3051Kb max_used=3051Kb free=242708Kb
 bounds [0x00000000028f0000, 0x0000000002bf0000, 0x00000000118f0000]
 total_blobs=775 nmethods=528 adapters=161
 compilation: enabled

Compilation events (10 events):
Event: 0.666 Thread 0x00000000199c6800  536       3       com.android.dx.cf.attrib.AttEnclosingMethod::<init> (31 bytes)
Event: 0.666 Thread 0x00000000199c6800 nmethod 536 0x0000000002be0590 code [0x0000000002be0720, 0x0000000002be0aa8]
Event: 0.666 Thread 0x00000000199c6800  537       3       com.android.dx.cf.direct.StdAttributeFactory::enclosingMethod (156 bytes)
Event: 0.671 Thread 0x00000000199c6800 nmethod 537 0x0000000002be77d0 code [0x0000000002be7de0, 0x0000000002bebd08]
Event: 0.701 Thread 0x00000000199c6800  540       2       com.android.dx.util.ByteArray::getLong (104 bytes)
Event: 0.702 Thread 0x00000000199c6800 nmethod 540 0x0000000002be7050 code [0x0000000002be71c0, 0x0000000002be7508]
Event: 0.729 Thread 0x00000000199c6800  542       2       com.android.dx.cf.attrib.AttRuntimeVisibleAnnotations::<init> (9 bytes)
Event: 0.729 Thread 0x00000000199c6800 nmethod 542 0x0000000002be0210 code [0x0000000002be0380, 0x0000000002be0508]
Event: 0.775 Thread 0x00000000199c6800  543       2       com.android.dx.cf.direct.StdAttributeFactory::runtimeVisibleAnnotations (44 bytes)
Event: 0.775 Thread 0x00000000199c6800 nmethod 543 0x0000000002be6910 code [0x0000000002be6aa0, 0x0000000002be6e18]

GC Heap History (4 events):
Event: 0.498 GC heap before
{Heap before GC invocations=1 (full 0):
 PSYoungGen      total 57344K, used 49152K [0x0000000780980000, 0x0000000784980000, 0x00000007c0000000)
  eden space 49152K, 100% used [0x0000000780980000,0x0000000783980000,0x0000000783980000)
  from space 8192K, 0% used [0x0000000784180000,0x0000000784180000,0x0000000784980000)
  to   space 8192K, 0% used [0x0000000783980000,0x0000000783980000,0x0000000784180000)
 ParOldGen       total 131072K, used 0K [0x0000000701c00000, 0x0000000709c00000, 0x0000000780980000)
  object space 131072K, 0% used [0x0000000701c00000,0x0000000701c00000,0x0000000709c00000)
 Metaspace       used 3688K, capacity 5080K, committed 5376K, reserved 1056768K
  class space    used 383K, capacity 456K, committed 512K, reserved 1048576K
Event: 0.508 GC heap after
Heap after GC invocations=1 (full 0):
 PSYoungGen      total 57344K, used 6638K [0x0000000780980000, 0x0000000784980000, 0x00000007c0000000)
  eden space 49152K, 0% used [0x0000000780980000,0x0000000780980000,0x0000000783980000)
  from space 8192K, 81% used [0x0000000783980000,0x0000000783ffb980,0x0000000784180000)
  to   space 8192K, 0% used [0x0000000784180000,0x0000000784180000,0x0000000784980000)
 ParOldGen       total 131072K, used 8K [0x0000000701c00000, 0x0000000709c00000, 0x0000000780980000)
  object space 131072K, 0% used [0x0000000701c00000,0x0000000701c02000,0x0000000709c00000)
 Metaspace       used 3688K, capacity 5080K, committed 5376K, reserved 1056768K
  class space    used 383K, capacity 456K, committed 512K, reserved 1048576K
}
Event: 0.732 GC heap before
{Heap before GC invocations=2 (full 0):
 PSYoungGen      total 57344K, used 55790K [0x0000000780980000, 0x0000000784980000, 0x00000007c0000000)
  eden space 49152K, 100% used [0x0000000780980000,0x0000000783980000,0x0000000783980000)
  from space 8192K, 81% used [0x0000000783980000,0x0000000783ffb980,0x0000000784180000)
  to   space 8192K, 0% used [0x0000000784180000,0x0000000784180000,0x0000000784980000)
 ParOldGen       total 131072K, used 8K [0x0000000701c00000, 0x0000000709c00000, 0x0000000780980000)
  object space 131072K, 0% used [0x0000000701c00000,0x0000000701c02000,0x0000000709c00000)
 Metaspace       used 3713K, capacity 5144K, committed 5376K, reserved 1056768K
  class space    used 383K, capacity 456K, committed 512K, reserved 1048576K
Event: 0.751 GC heap after
Heap after GC invocations=2 (full 0):
 PSYoungGen      total 57344K, used 8189K [0x0000000780980000, 0x0000000784980000, 0x00000007c0000000)
  eden space 49152K, 0% used [0x0000000780980000,0x0000000780980000,0x0000000783980000)
  from space 8192K, 99% used [0x0000000784180000,0x000000078497f6a0,0x0000000784980000)
  to   space 8192K, 0% used [0x0000000783980000,0x0000000783980000,0x0000000784180000)
 ParOldGen       total 131072K, used 3017K [0x0000000701c00000, 0x0000000709c00000, 0x0000000780980000)
  object space 131072K, 2% used [0x0000000701c00000,0x0000000701ef2678,0x0000000709c00000)
 Metaspace       used 3713K, capacity 5144K, committed 5376K, reserved 1056768K
  class space    used 383K, capacity 456K, committed 512K, reserved 1048576K
}

Deoptimization events (2 events):
Event: 0.257 Thread 0x00000000026bd800 Uncommon trap: reason=unloaded action=reinterpret pc=0x0000000002b0492c method=com.android.dx.cf.cst.ConstantPoolParser.parse0(ILjava/util/BitSet;)Lcom/android/dx/rop/cst/Constant; @ 176
Event: 0.474 Thread 0x00000000026bd800 Uncommon trap: reason=unstable_if action=reinterpret pc=0x0000000002baeab8 method=com.android.dx.cf.direct.StdAttributeFactory.parse0(Lcom/android/dx/cf/direct/DirectClassFile;ILjava/lang/String;IILcom/android/dx/cf/iface/ParseObserver;)Lcom/android/dx/cf/

Internal exceptions (2 events):
Event: 0.023 Thread 0x00000000026bd800 Exception <a 'java/lang/NoSuchMethodError': Method sun.misc.Unsafe.defineClass(Ljava/lang/String;[BII)Ljava/lang/Class; name or signature does not match> (0x0000000780987cc0) thrown at [C:\src\android\AOSP-openjdk\external\jetbrains\jdk\hotspot\src\share\v,±Y)/‰—?
Event: 0.023 Thread 0x00000000026bd800 Exception <a 'java/lang/NoSuchMethodError': Method sun.misc.Unsafe.prefetchRead(Ljava/lang/Object;J)V name or signature does not match> (0x0000000780987fa8) thrown at [C:\src\android\AOSP-openjdk\external\jetbrains\jdk\hotspot\src\share\vm\prims\jni.cpp, l

Events (10 events):
Event: 0.482 loading class com/android/multidex/ArchivePathElement$1$1
Event: 0.482 loading class com/android/multidex/ArchivePathElement$1$1 done
Event: 0.482 loading class java/util/NoSuchElementException
Event: 0.482 loading class java/util/NoSuchElementException done
Event: 0.498 Executing VM operation: ParallelGCFailedAllocation
Event: 0.508 Executing VM operation: ParallelGCFailedAllocation done
Event: 0.590 Thread 0x00000000026bd800 DEOPT PACKING pc=0x0000000002ae9093 sp=0x00000000027eec60
Event: 0.590 Thread 0x00000000026bd800 DEOPT UNPACKING pc=0x00000000029375bf sp=0x00000000027eea70 mode 0
Event: 0.732 Executing VM operation: ParallelGCFailedAllocation
Event: 0.751 Executing VM operation: ParallelGCFailedAllocation done


Dynamic libraries:
0x00007ff7f10f0000 - 0x00007ff7f1121000 	C:\Program Files\Android\Android Studio\jre\bin\java.exe
0x00007ffd00e60000 - 0x00007ffd01031000 	C:\WINDOWS\SYSTEM32\ntdll.dll
0x00007ffcfe420000 - 0x00007ffcfe4cb000 	C:\WINDOWS\System32\KERNEL32.DLL
0x00007ffce1950000 - 0x00007ffce19a4000 	C:\Program Files (x86)\AVG\Av\avghooka.dll
0x00007ffcfd7e0000 - 0x00007ffcfd9fd000 	C:\WINDOWS\System32\KERNELBASE.dll
0x00007ffcffba0000 - 0x00007ffcffc42000 	C:\WINDOWS\System32\ADVAPI32.dll
0x00007ffd001f0000 - 0x00007ffd0028e000 	C:\WINDOWS\System32\msvcrt.dll
0x00007ffd00e00000 - 0x00007ffd00e59000 	C:\WINDOWS\System32\sechost.dll
0x00007ffcffd50000 - 0x00007ffcffe71000 	C:\WINDOWS\System32\RPCRT4.dll
0x00007ffd00290000 - 0x00007ffd003f5000 	C:\WINDOWS\System32\USER32.dll
0x00007ffcfe3d0000 - 0x00007ffcfe3ee000 	C:\WINDOWS\System32\win32u.dll
0x00007ffcffe80000 - 0x00007ffcffeb4000 	C:\WINDOWS\System32\GDI32.dll
0x00007ffcfda00000 - 0x00007ffcfdb82000 	C:\WINDOWS\System32\gdi32full.dll
0x00007ffcf5240000 - 0x00007ffcf54b9000 	C:\WINDOWS\WinSxS\amd64_microsoft.windows.common-controls_6595b64144ccf1df_6.0.14393.447_none_42191651c6827bb3\COMCTL32.dll
0x00007ffd00480000 - 0x00007ffd00748000 	C:\WINDOWS\System32\combase.dll
0x00007ffcfd630000 - 0x00007ffcfd725000 	C:\WINDOWS\System32\ucrtbase.dll
0x00007ffcfd350000 - 0x00007ffcfd3ba000 	C:\WINDOWS\System32\bcryptPrimitives.dll
0x00007ffcfe3f0000 - 0x00007ffcfe41e000 	C:\WINDOWS\System32\IMM32.DLL
0x0000000077b70000 - 0x0000000077c42000 	C:\Program Files\Android\Android Studio\jre\jre\bin\msvcr100.dll
0x00000000768f0000 - 0x0000000077124000 	C:\Program Files\Android\Android Studio\jre\jre\bin\server\jvm.dll
0x00007ffd00080000 - 0x00007ffd00088000 	C:\WINDOWS\System32\PSAPI.DLL
0x00007ffcee2b0000 - 0x00007ffcee2b9000 	C:\WINDOWS\SYSTEM32\WSOCK32.dll
0x00007ffcffec0000 - 0x00007ffcfff2a000 	C:\WINDOWS\System32\WS2_32.dll
0x00007ffcfb040000 - 0x00007ffcfb063000 	C:\WINDOWS\SYSTEM32\WINMM.dll
0x00007ffcfa310000 - 0x00007ffcfa31a000 	C:\WINDOWS\SYSTEM32\VERSION.dll
0x00007ffcfb010000 - 0x00007ffcfb03b000 	C:\WINDOWS\SYSTEM32\WINMMBASE.dll
0x00007ffcfdb90000 - 0x00007ffcfdbd2000 	C:\WINDOWS\System32\cfgmgr32.dll
0x00007ffcfa580000 - 0x00007ffcfa58f000 	C:\Program Files\Android\Android Studio\jre\jre\bin\verify.dll
0x00007ffce00c0000 - 0x00007ffce00e9000 	C:\Program Files\Android\Android Studio\jre\jre\bin\java.dll
0x00007ffce47c0000 - 0x00007ffce47d6000 	C:\Program Files\Android\Android Studio\jre\jre\bin\zip.dll
0x00007ffcfe4d0000 - 0x00007ffcff9d9000 	C:\WINDOWS\System32\SHELL32.dll
0x00007ffcfdbe0000 - 0x00007ffcfe2ba000 	C:\WINDOWS\System32\windows.storage.dll
0x00007ffcfd2f0000 - 0x00007ffcfd33c000 	C:\WINDOWS\System32\powrprof.dll
0x00007ffcffa80000 - 0x00007ffcffad2000 	C:\WINDOWS\System32\shlwapi.dll
0x00007ffcfd2e0000 - 0x00007ffcfd2ef000 	C:\WINDOWS\System32\kernel.appcore.dll
0x00007ffcfd730000 - 0x00007ffcfd7d9000 	C:\WINDOWS\System32\shcore.dll
0x00007ffcfd2c0000 - 0x00007ffcfd2d4000 	C:\WINDOWS\System32\profapi.dll

VM Arguments:
jvm_args: -Djava.awt.headless=true -Dfile.encoding=windows-1255 -Duser.country=US -Duser.language=en -Duser.variant 
java_command: com.android.multidex.ClassReferenceListBuilder C:\Users\zeevi\AndroidStudioProjects\androidStart\app\build\intermediates\multi-dex\debug\componentClasses.jar C:\Users\zeevi\AndroidStudioProjects\androidStart\app\build\intermediates\transforms\jarMerging\debug\jars\1\1f\combined.jar
java_class_path (initial): C:\Users\zeevi\AppData\Local\Android\sdk\build-tools\23.0.3\lib\dx.jar
Launcher Type: SUN_STANDARD

Environment Variables:
PATH=C:\Program Files (x86)\PHP\v5.6;C:\Program Files (x86)\NVIDIA Corporation\PhysX\Common;C:\Program Files (x86)\Intel\iCLS Client\;C:\Program Files\Intel\iCLS Client\;C:\Windows\system32;C:\Windows;C:\Windows\System32\Wbem;C:\Windows\System32\WindowsPowerShell\v1.0\;C:\Program Files\Intel\Intel(R) Management Engine Components\DAL;C:\Program Files\Intel\Intel(R) Management Engine Components\IPT;C:\Program Files (x86)\Intel\Intel(R) Management Engine Components\DAL;C:\Program Files (x86)\Intel\Intel(R) Management Engine Components\IPT;C:\Program Files (x86)\Microsoft SQL Server\100\Tools\Binn\;C:\Program Files\Microsoft SQL Server\100\Tools\Binn\;C:\Program Files\Microsoft SQL Server\100\DTS\Binn\;C:\Program Files (x86)\OpenVPN\bin;C:\WINDOWS\system32;C:\WINDOWS;C:\WINDOWS\System32\Wbem;C:\WINDOWS\System32\WindowsPowerShell\v1.0\;C:\Program Files (x86)\Common Files\Acronis\SnapAPI\;C:\Program Files (x86)\Skype\Phone\;C:\Program Files\Microsoft SQL Server\130\Tools\Binn\;C:\Program Files (x86)\Windows Kits\10\Windows Performance Toolkit\;C:\Program Files\Git\cmd;C:\Program Files\nodejs\;C:\Users\zeevi\AppData\Local\Microsoft\WindowsApps;
USERNAME=zeevi
OS=Windows_NT
PROCESSOR_IDENTIFIER=Intel64 Family 6 Model 69 Stepping 1, GenuineIntel



---------------  S Y S T E M  ---------------

OS: Windows 10.0 , 64 bit Build 14393 (10.0.14393.0)

CPU:total 4 (2 cores per cpu, 2 threads per core) family 6 model 69 stepping 1, cmov, cx8, fxsr, mmx, sse, sse2, sse3, ssse3, sse4.1, sse4.2, popcnt, avx, avx2, aes, clmul, erms, lzcnt, ht, tsc, tscinvbit, bmi1, bmi2

Memory: 4k page, physical 12463556k(3394852k free), swap 13487556k(4112k free)

vm_info: OpenJDK 64-Bit Server VM (25.76-b03) for windows-amd64 JRE (1.8.0_76-release-b03), built on Jun 29 2016 19:09:20 by "ralucas" with MS VC++ 10.0 (VS2010)

time: Mon Jan 16 12:39:36 2017
elapsed time: 0 seconds (0d 0h 0m 0s)

