#
# There is insufficient memory for the Java Runtime Environment to continue.
# Native memory allocation (malloc) failed to allocate 851216 bytes for Chunk::new
# Possible reasons:
#   The system is out of physical RAM or swap space
#   In 32 bit mode, the process size limit was hit
# Possible solutions:
#   Reduce memory load on the system
#   Increase physical memory or swap space
#   Check if swap backing store is full
#   Use 64 bit Java on a 64 bit OS
#   Decrease Java heap size (-Xmx/-Xms)
#   Decrease number of Java threads
#   Decrease Java thread stack sizes (-Xss)
#   Set larger code cache with -XX:ReservedCodeCacheSize=
# This output file may be truncated or incomplete.
#
#  Out of Memory Error (allocation.cpp:390), pid=15848, tid=0x0000000000000370
#
# JRE version: OpenJDK Runtime Environment (8.0_76-b03) (build 1.8.0_76-release-b03)
# Java VM: OpenJDK 64-Bit Server VM (25.76-b03 mixed mode windows-amd64 compressed oops)
# Failed to write core dump. Minidumps are not enabled by default on client versions of Windows
#

---------------  T H R E A D  ---------------

Current thread (0x000000000217a000):  JavaThread "C2 CompilerThread1" daemon [_thread_in_native, id=880, stack(0x00000000162b0000,0x00000000163b0000)]

Stack: [0x00000000162b0000,0x00000000163b0000]
[error occurred during error reporting (printing stack bounds), id 0xc0000005]

Native frames: (J=compiled Java code, j=interpreted, Vv=VM code, C=native code)


Current CompileTask:
C2:  13288 1476   !   4       com.android.dx.cf.code.RopperMachine::run (1550 bytes)


---------------  P R O C E S S  ---------------

Java Threads: ( => current thread )
  0x0000000016124000 JavaThread "pool-1-thread-4" [_thread_in_Java, id=16164, stack(0x0000000016ab0000,0x0000000016bb0000)]
  0x0000000016122800 JavaThread "pool-1-thread-3" [_thread_in_Java, id=9600, stack(0x00000000169b0000,0x0000000016ab0000)]
  0x0000000016122000 JavaThread "pool-1-thread-2" [_thread_in_vm, id=3016, stack(0x00000000168b0000,0x00000000169b0000)]
  0x000000001614a000 JavaThread "pool-2-thread-1" [_thread_blocked, id=9904, stack(0x00000000167b0000,0x00000000168b0000)]
  0x0000000016149800 JavaThread "pool-1-thread-1" [_thread_in_Java, id=8888, stack(0x00000000166b0000,0x00000000167b0000)]
  0x0000000015efd000 JavaThread "Service Thread" daemon [_thread_blocked, id=9780, stack(0x00000000164b0000,0x00000000165b0000)]
  0x000000000217d000 JavaThread "C1 CompilerThread2" daemon [_thread_in_native, id=4588, stack(0x00000000163b0000,0x00000000164b0000)]
=>0x000000000217a000 JavaThread "C2 CompilerThread1" daemon [_thread_in_native, id=880, stack(0x00000000162b0000,0x00000000163b0000)]
  0x000000001489d800 JavaThread "C2 CompilerThread0" daemon [_thread_in_vm, id=11984, stack(0x0000000015db0000,0x0000000015eb0000)]
  0x000000001489c000 JavaThread "Attach Listener" daemon [_thread_blocked, id=2592, stack(0x0000000015cb0000,0x0000000015db0000)]
  0x000000001489b800 JavaThread "Signal Dispatcher" daemon [_thread_blocked, id=2024, stack(0x0000000015bb0000,0x0000000015cb0000)]
  0x0000000014838000 JavaThread "Finalizer" daemon [_thread_blocked, id=6548, stack(0x0000000015ab0000,0x0000000015bb0000)]
  0x0000000002171000 JavaThread "Reference Handler" daemon [_thread_blocked, id=14652, stack(0x00000000159b0000,0x0000000015ab0000)]
  0x0000000001e7d800 JavaThread "main" [_thread_blocked, id=12476, stack(0x0000000001f80000,0x0000000002080000)]

Other Threads:
  0x0000000014815800 VMThread [stack: 0x00000000158b0000,0x00000000159b0000] [id=14688]
  0x0000000015eff000 WatcherThread [stack: 0x00000000165b0000,0x00000000166b0000] [id=12836]

VM state:not at safepoint (normal execution)

VM Mutex/Monitor currently owned by a thread: None

Heap:
 PSYoungGen      total 57344K, used 26667K [0x00000000eab00000, 0x00000000f1b00000, 0x0000000100000000)
  eden space 49152K, 37% used [0x00000000eab00000,0x00000000ebd12f30,0x00000000edb00000)
  from space 8192K, 99% used [0x00000000edb00000,0x00000000ee2f8030,0x00000000ee300000)
  to   space 8192K, 0% used [0x00000000f1300000,0x00000000f1300000,0x00000000f1b00000)
 ParOldGen       total 131072K, used 183K [0x00000000c0000000, 0x00000000c8000000, 0x00000000eab00000)
  object space 131072K, 0% used [0x00000000c0000000,0x00000000c002dd28,0x00000000c8000000)
 Metaspace       used 6156K, capacity 7088K, committed 7296K, reserved 1056768K
  class space    used 577K, capacity 616K, committed 640K, reserved 1048576K

Card table byte_map: [0x0000000011540000,0x0000000011750000] byte_map_base: 0x0000000010f40000

Marking Bits: (ParMarkBitMap*) 0x0000000068fc9d00
 Begin Bits: [0x0000000011cb0000, 0x0000000012cb0000)
 End Bits:   [0x0000000012cb0000, 0x0000000013cb0000)

Polling page: 0x0000000000440000

CodeCache: size=245760Kb used=6533Kb max_used=6542Kb free=239226Kb
 bounds [0x0000000002180000, 0x00000000027f0000, 0x0000000011180000]
 total_blobs=1806 nmethods=1539 adapters=181
 compilation: enabled

Compilation events (10 events):
Event: 13.264 Thread 0x000000000217d000 1534       3       com.android.dx.dex.code.OutputCollector::appendSuffixToOutput (45 bytes)
Event: 13.265 Thread 0x000000000217d000 nmethod 1534 0x00000000027de510 code [0x00000000027de720, 0x00000000027df1f8]
Event: 13.265 Thread 0x000000000217d000 1535       3       com.android.dx.dex.code.DalvCode::<init> (68 bytes)
Event: 13.265 Thread 0x000000000217d000 nmethod 1535 0x00000000027df950 code [0x00000000027dfae0, 0x00000000027dfef8]
Event: 13.272 Thread 0x000000000217d000 1538       3       com.android.dx.ssa.LiteralOpUpgrader$1::visitPhiInsn (1 bytes)
Event: 13.272 Thread 0x000000000217d000 nmethod 1538 0x00000000027b8ad0 code [0x00000000027b8c20, 0x00000000027b8d70]
Event: 13.272 Thread 0x000000000217d000 1539       3       com.android.dx.ssa.back.FirstFitLocalCombiningAllocator$1::visitPhiInsn (6 bytes)
Event: 13.272 Thread 0x000000000217d000 nmethod 1539 0x00000000027e0090 code [0x00000000027e0200, 0x00000000027e0388]
Event: 13.273 Thread 0x000000000217d000 1540       3       com.android.dx.ssa.back.FirstFitLocalCombiningAllocator$Multiset::<init> (24 bytes)
Event: 13.273 Thread 0x000000000217d000 nmethod 1540 0x00000000027e0410 code [0x00000000027e0580, 0x00000000027e0870]

GC Heap History (2 events):
Event: 12.761 GC heap before
{Heap before GC invocations=1 (full 0):
 PSYoungGen      total 57344K, used 49152K [0x00000000eab00000, 0x00000000eeb00000, 0x0000000100000000)
  eden space 49152K, 100% used [0x00000000eab00000,0x00000000edb00000,0x00000000edb00000)
  from space 8192K, 0% used [0x00000000ee300000,0x00000000ee300000,0x00000000eeb00000)
  to   space 8192K, 0% used [0x00000000edb00000,0x00000000edb00000,0x00000000ee300000)
 ParOldGen       total 131072K, used 0K [0x00000000c0000000, 0x00000000c8000000, 0x00000000eab00000)
  object space 131072K, 0% used [0x00000000c0000000,0x00000000c0000000,0x00000000c8000000)
 Metaspace       used 6072K, capacity 7024K, committed 7296K, reserved 1056768K
  class space    used 577K, capacity 616K, committed 640K, reserved 1048576K
Event: 13.062 GC heap after
Heap after GC invocations=1 (full 0):
 PSYoungGen      total 57344K, used 8160K [0x00000000eab00000, 0x00000000f1b00000, 0x0000000100000000)
  eden space 49152K, 0% used [0x00000000eab00000,0x00000000eab00000,0x00000000edb00000)
  from space 8192K, 99% used [0x00000000edb00000,0x00000000ee2f8030,0x00000000ee300000)
  to   space 8192K, 0% used [0x00000000f1300000,0x00000000f1300000,0x00000000f1b00000)
 ParOldGen       total 131072K, used 183K [0x00000000c0000000, 0x00000000c8000000, 0x00000000eab00000)
  object space 131072K, 0% used [0x00000000c0000000,0x00000000c002dd28,0x00000000c8000000)
 Metaspace       used 6072K, capacity 7024K, committed 7296K, reserved 1056768K
  class space    used 577K, capacity 616K, committed 640K, reserved 1048576K
}

Deoptimization events (10 events):
Event: 10.556 Thread 0x0000000001e7d800 Uncommon trap: reason=unstable_if action=reinterpret pc=0x00000000023f01b0 method=java.util.BitSet.ensureCapacity(I)V @ 6
Event: 11.520 Thread 0x0000000001e7d800 Uncommon trap: reason=unstable_if action=reinterpret pc=0x000000000259e3bc method=com.android.dx.util.IntList.binarysearch(I)I @ 105
Event: 12.354 Thread 0x0000000001e7d800 Uncommon trap: reason=bimorphic action=maybe_recompile pc=0x0000000002706f44 method=com.android.dx.cf.code.BytecodeArray.parseInstruction(ILcom/android/dx/cf/code/BytecodeArray$Visitor;)I @ 2281
Event: 12.355 Thread 0x0000000001e7d800 Uncommon trap: reason=bimorphic action=maybe_recompile pc=0x0000000002706f44 method=com.android.dx.cf.code.BytecodeArray.parseInstruction(ILcom/android/dx/cf/code/BytecodeArray$Visitor;)I @ 2281
Event: 12.459 Thread 0x0000000001e7d800 Uncommon trap: reason=class_check action=maybe_recompile pc=0x00000000026b319c method=com.android.dx.ssa.SCCP.simulateBranch(Lcom/android/dx/ssa/SsaInsn;)V @ 145
Event: 12.572 Thread 0x0000000001e7d800 Uncommon trap: reason=class_check action=maybe_recompile pc=0x00000000026b319c method=com.android.dx.ssa.SCCP.simulateBranch(Lcom/android/dx/ssa/SsaInsn;)V @ 145
Event: 12.578 Thread 0x0000000001e7d800 Uncommon trap: reason=class_check action=maybe_recompile pc=0x00000000026b319c method=com.android.dx.ssa.SCCP.simulateBranch(Lcom/android/dx/ssa/SsaInsn;)V @ 145
Event: 12.578 Thread 0x0000000001e7d800 Uncommon trap: reason=class_check action=maybe_recompile pc=0x00000000026b319c method=com.android.dx.ssa.SCCP.simulateBranch(Lcom/android/dx/ssa/SsaInsn;)V @ 145
Event: 12.739 Thread 0x0000000001e7d800 Uncommon trap: reason=unstable_if action=reinterpret pc=0x00000000026f9e38 method=com.android.dx.util.BitIntSet.has(I)Z @ 8
Event: 13.184 Thread 0x0000000001e7d800 Uncommon trap: reason=unloaded action=reinterpret pc=0x0000000002641fc0 method=com.android.dx.cf.cst.ConstantPoolParser.parse0(ILjava/util/BitSet;)Lcom/android/dx/rop/cst/Constant; @ 176

Internal exceptions (2 events):
Event: 5.104 Thread 0x0000000001e7d800 Exception <a 'java/lang/NoSuchMethodError': Method sun.misc.Unsafe.defineClass(Ljava/lang/String;[BII)Ljava/lang/Class; name or signature does not match> (0x00000000eab07cc0) thrown at [C:\src\android\AOSP-openjdk\external\jetbrains\jdk\hotspot\src\share\v„ÚT†j@
Event: 5.104 Thread 0x0000000001e7d800 Exception <a 'java/lang/NoSuchMethodError': Method sun.misc.Unsafe.prefetchRead(Ljava/lang/Object;J)V name or signature does not match> (0x00000000eab07fa8) thrown at [C:\src\android\AOSP-openjdk\external\jetbrains\jdk\hotspot\src\share\vm\prims\jni.cpp, l

Events (10 events):
Event: 12.578 Thread 0x0000000001e7d800 DEOPT PACKING pc=0x00000000026b319c sp=0x000000000207e1c0
Event: 12.578 Thread 0x0000000001e7d800 DEOPT UNPACKING pc=0x00000000021c556a sp=0x000000000207e1a8 mode 2
Event: 12.739 Thread 0x0000000001e7d800 Uncommon trap: trap_request=0xffffff65 fr.pc=0x00000000026f9e38
Event: 12.739 Thread 0x0000000001e7d800 DEOPT PACKING pc=0x00000000026f9e38 sp=0x000000000207e0c0
Event: 12.739 Thread 0x0000000001e7d800 DEOPT UNPACKING pc=0x00000000021c556a sp=0x000000000207dff8 mode 2
Event: 12.761 Executing VM operation: ParallelGCFailedAllocation
Event: 13.062 Executing VM operation: ParallelGCFailedAllocation done
Event: 13.184 Thread 0x0000000001e7d800 Uncommon trap: trap_request=0x000000cd fr.pc=0x0000000002641fc0
Event: 13.184 Thread 0x0000000001e7d800 DEOPT PACKING pc=0x0000000002641fc0 sp=0x000000000207e8d0
Event: 13.184 Thread 0x0000000001e7d800 DEOPT UNPACKING pc=0x00000000021c556a sp=0x000000000207e8a0 mode 2


Dynamic libraries:
0x00007ff729660000 - 0x00007ff729691000 	C:\Program Files\Android\Android Studio\jre\bin\java.exe
0x00007ffbe6d30000 - 0x00007ffbe6f01000 	C:\WINDOWS\SYSTEM32\ntdll.dll
0x00007ffbe6b20000 - 0x00007ffbe6bcb000 	C:\WINDOWS\System32\KERNEL32.DLL
0x00007ffbc6e50000 - 0x00007ffbc6ea4000 	C:\Program Files (x86)\AVG\Av\avghooka.dll
0x00007ffbe3750000 - 0x00007ffbe396d000 	C:\WINDOWS\System32\KERNELBASE.dll
0x00007ffbe5160000 - 0x00007ffbe5202000 	C:\WINDOWS\System32\ADVAPI32.dll
0x00007ffbe6a60000 - 0x00007ffbe6afe000 	C:\WINDOWS\System32\msvcrt.dll
0x00007ffbe6930000 - 0x00007ffbe6989000 	C:\WINDOWS\System32\sechost.dll
0x00007ffbe42c0000 - 0x00007ffbe43e1000 	C:\WINDOWS\System32\RPCRT4.dll
0x00007ffbe6720000 - 0x00007ffbe6885000 	C:\WINDOWS\System32\USER32.dll
0x00007ffbe34a0000 - 0x00007ffbe34be000 	C:\WINDOWS\System32\win32u.dll
0x00007ffbe4780000 - 0x00007ffbe47b4000 	C:\WINDOWS\System32\GDI32.dll
0x00007ffbe3560000 - 0x00007ffbe36e2000 	C:\WINDOWS\System32\gdi32full.dll
0x00007ffbdc080000 - 0x00007ffbdc2f9000 	C:\WINDOWS\WinSxS\amd64_microsoft.windows.common-controls_6595b64144ccf1df_6.0.14393.447_none_42191651c6827bb3\COMCTL32.dll
0x00007ffbe47c0000 - 0x00007ffbe4a87000 	C:\WINDOWS\System32\combase.dll
0x00007ffbe41c0000 - 0x00007ffbe42b5000 	C:\WINDOWS\System32\ucrtbase.dll
0x00007ffbe4150000 - 0x00007ffbe41ba000 	C:\WINDOWS\System32\bcryptPrimitives.dll
0x00007ffbe6d00000 - 0x00007ffbe6d2e000 	C:\WINDOWS\System32\IMM32.DLL
0x0000000069a90000 - 0x0000000069b62000 	C:\Program Files\Android\Android Studio\jre\jre\bin\msvcr100.dll
0x0000000068810000 - 0x0000000069044000 	C:\Program Files\Android\Android Studio\jre\jre\bin\server\jvm.dll
0x00007ffbe6c90000 - 0x00007ffbe6c98000 	C:\WINDOWS\System32\PSAPI.DLL
0x00007ffbd4df0000 - 0x00007ffbd4df9000 	C:\WINDOWS\SYSTEM32\WSOCK32.dll
0x00007ffbe69f0000 - 0x00007ffbe6a5a000 	C:\WINDOWS\System32\WS2_32.dll
0x00007ffbe15f0000 - 0x00007ffbe1613000 	C:\WINDOWS\SYSTEM32\WINMM.dll
0x00007ffbdd670000 - 0x00007ffbdd67a000 	C:\WINDOWS\SYSTEM32\VERSION.dll
0x00007ffbe14b0000 - 0x00007ffbe14db000 	C:\WINDOWS\SYSTEM32\WINMMBASE.dll
0x00007ffbe4050000 - 0x00007ffbe4092000 	C:\WINDOWS\System32\cfgmgr32.dll
0x00007ffbdf880000 - 0x00007ffbdf88f000 	C:\Program Files\Android\Android Studio\jre\jre\bin\verify.dll
0x00007ffbd72c0000 - 0x00007ffbd72e9000 	C:\Program Files\Android\Android Studio\jre\jre\bin\java.dll
0x00007ffbd9590000 - 0x00007ffbd95a6000 	C:\Program Files\Android\Android Studio\jre\jre\bin\zip.dll
0x00007ffbe5210000 - 0x00007ffbe6719000 	C:\WINDOWS\System32\SHELL32.dll
0x00007ffbe3970000 - 0x00007ffbe404a000 	C:\WINDOWS\System32\windows.storage.dll
0x00007ffbe31b0000 - 0x00007ffbe31fc000 	C:\WINDOWS\System32\powrprof.dll
0x00007ffbe6ca0000 - 0x00007ffbe6cf2000 	C:\WINDOWS\System32\shlwapi.dll
0x00007ffbe3200000 - 0x00007ffbe320f000 	C:\WINDOWS\System32\kernel.appcore.dll
0x00007ffbe40a0000 - 0x00007ffbe4149000 	C:\WINDOWS\System32\shcore.dll
0x00007ffbe3190000 - 0x00007ffbe31a4000 	C:\WINDOWS\System32\profapi.dll

VM Arguments:
jvm_args: -Djava.awt.headless=true -Xmx1024M -Dfile.encoding=windows-1255 -Duser.country=US -Duser.language=en -Duser.variant 
java_command: com.android.dx.command.Main --dex --num-threads=4 --output C:\Users\zeevi\AndroidStudioProjects\androidStart\app\build\intermediates\pre-dexed\debug\com.google.android.gms-play-services-base-9.4.0_6a6b58e743b0fd8f1543b37a3e19e0696ce77174.jar C:\Users\zeevi\AndroidStudioProjects\androidStart\app\build\intermediates\exploded-aar\com.google.android.gms\play-services-base\9.4.0\jars\classes.jar
java_class_path (initial): C:\Users\zeevi\AppData\Local\Android\sdk\build-tools\23.0.3\lib\dx.jar
Launcher Type: SUN_STANDARD

Environment Variables:
PATH=C:\Program Files (x86)\PHP\v5.6;C:\Program Files (x86)\NVIDIA Corporation\PhysX\Common;C:\Program Files (x86)\Intel\iCLS Client\;C:\Program Files\Intel\iCLS Client\;C:\Windows\system32;C:\Windows;C:\Windows\System32\Wbem;C:\Windows\System32\WindowsPowerShell\v1.0\;C:\Program Files\Intel\Intel(R) Management Engine Components\DAL;C:\Program Files\Intel\Intel(R) Management Engine Components\IPT;C:\Program Files (x86)\Intel\Intel(R) Management Engine Components\DAL;C:\Program Files (x86)\Intel\Intel(R) Management Engine Components\IPT;C:\Program Files (x86)\Microsoft SQL Server\100\Tools\Binn\;C:\Program Files\Microsoft SQL Server\100\Tools\Binn\;C:\Program Files\Microsoft SQL Server\100\DTS\Binn\;C:\Program Files (x86)\OpenVPN\bin;C:\WINDOWS\system32;C:\WINDOWS;C:\WINDOWS\System32\Wbem;C:\WINDOWS\System32\WindowsPowerShell\v1.0\;C:\Program Files (x86)\Common Files\Acronis\SnapAPI\;C:\Program Files (x86)\Skype\Phone\;C:\Program Files\Microsoft SQL Server\130\Tools\Binn\;C:\Program Files (x86)\Windows Kits\10\Windows Performance Toolkit\;C:\Program Files\Git\cmd;C:\Program Files\nodejs\;C:\Users\zeevi\AppData\Local\Microsoft\WindowsApps;
USERNAME=zeevi
OS=Windows_NT
PROCESSOR_IDENTIFIER=Intel64 Family 6 Model 69 Stepping 1, GenuineIntel



---------------  S Y S T E M  ---------------

OS: Windows 10.0 , 64 bit Build 14393 (10.0.14393.0)

CPU:total 4 (2 cores per cpu, 2 threads per core) family 6 model 69 stepping 1, cmov, cx8, fxsr, mmx, sse, sse2, sse3, ssse3, sse4.1, sse4.2, popcnt, avx, avx2, aes, clmul, erms, lzcnt, ht, tsc, tscinvbit, bmi1, bmi2

Memory: 4k page, physical 12463556k(2893300k free), swap 13487556k(7308k free)

vm_info: OpenJDK 64-Bit Server VM (25.76-b03) for windows-amd64 JRE (1.8.0_76-release-b03), built on Jun 29 2016 19:09:20 by "ralucas" with MS VC++ 10.0 (VS2010)

time: Fri Dec 09 23:14:37 2016
elapsed time: 13 seconds (0d 0h 0m 13s)

